#
# A fatal error has been detected by the Java Runtime Environment:
#
#  SIGSEGV (0xb) at pc=0x000000011560c244, pid=22013, tid=20739
#
# JRE version: Java(TM) SE Runtime Environment 18.9 (11.0.10+8) (build 11.0.10+8-LTS-162)
# Java VM: Java HotSpot(TM) 64-Bit Server VM 18.9 (11.0.10+8-LTS-162, mixed mode, tiered, compressed oops, g1 gc, bsd-amd64)
# Problematic frame:
# V  [libjvm.dylib+0x20c244]  G1ConcurrentMark::mark_in_next_bitmap(unsigned int, HeapRegion*, oopDesc*, unsigned long)+0x14
#
# No core dump will be written. Core dumps have been disabled. To enable core dumping, try "ulimit -c unlimited" before starting Java again
#
# If you would like to submit a bug report, please visit:
#   https://bugreport.java.com/bugreport/crash.jsp
#

---------------  S U M M A R Y ------------

Command Line: -javaagent:/Users/andresbeckruiz/.m2/repository/org/jacoco/org.jacoco.agent/0.8.5/org.jacoco.agent-0.8.5-runtime.jar=destfile=/Users/andresbeckruiz/Desktop/cs0320/maps-1-2-abeckrui-mramesh4/target/jacoco.exec /Users/andresbeckruiz/Desktop/cs0320/maps-1-2-abeckrui-mramesh4/target/surefire/surefirebooter17478420774563159828.jar /Users/andresbeckruiz/Desktop/cs0320/maps-1-2-abeckrui-mramesh4/target/surefire 2021-03-02T03-52-37_209-jvmRun1 surefire15098461925128390723tmp surefire_08822685468938413567tmp

Host: MacBookPro15,4 x86_64 1400 MHz, 8 cores, 8G, Darwin 19.6.0
Time: Tue Mar  2 03:52:40 2021 EST elapsed time: 2.503843 seconds (0d 0h 0m 2s)

---------------  T H R E A D  ---------------

Current thread (0x00007fefcc034000):  ConcurrentGCThread "G1 Conc#0" [stack: 0x000070000906d000,0x000070000916d000] [id=20739]

Stack: [0x000070000906d000,0x000070000916d000],  sp=0x000070000916cc90,  free space=1023k
Native frames: (J=compiled Java code, A=aot compiled Java code, j=interpreted, Vv=VM code, C=native code)
V  [libjvm.dylib+0x20c244]  G1ConcurrentMark::mark_in_next_bitmap(unsigned int, HeapRegion*, oopDesc*, unsigned long)+0x14
V  [libjvm.dylib+0x20c0c7]  G1CMTask::make_reference_grey(oopDesc*)+0x43
V  [libjvm.dylib+0x20c081]  void G1CMOopClosure::do_oop_work<unsigned int>(unsigned int*)+0x2d
V  [libjvm.dylib+0x2ee063]  void OopOopIterateDispatch<G1CMOopClosure>::Table::oop_oop_iterate<InstanceKlass, unsigned int>(G1CMOopClosure*, oopDesc*, Klass*)+0x7b
V  [libjvm.dylib+0x30821f]  int oopDesc::oop_iterate_size<G1CMOopClosure>(G1CMOopClosure*)+0xaf
V  [libjvm.dylib+0x308136]  void G1CMTask::process_grey_task_entry<true>(G1TaskQueueEntry)+0xf8
V  [libjvm.dylib+0x302d68]  G1CMTask::drain_local_queue(bool)+0x1f0
V  [libjvm.dylib+0x307404]  G1CMTask::do_marking_step(double, bool, bool)+0x442
V  [libjvm.dylib+0x3085f6]  G1CMConcurrentMarkingTask::work(unsigned int)+0xa6
V  [libjvm.dylib+0x7bee65]  GangWorker::loop()+0x43
V  [libjvm.dylib+0x741b1a]  Thread::call_run()+0x68
V  [libjvm.dylib+0x645b53]  thread_native_entry(Thread*)+0x139
C  [libsystem_pthread.dylib+0x6109]  _pthread_start+0x94
C  [libsystem_pthread.dylib+0x1b8b]  thread_start+0xf


siginfo: si_signo: 11 (SIGSEGV), si_code: 1 (SEGV_MAPERR), si_addr: 0x0000000000000160

Register to memory mapping:

RAX=0x00007fefcbfdcc00 points into unknown readable memory: 00 00 00 00 00 00 00 00
RBX=0x0 is NULL
RCX=
[error occurred during error reporting (printing register info), id 0xb, SIGSEGV (0xb) at pc=0x00000001156fada0]

Registers:
RAX=0x00007fefcbfdcc00, RBX=0x0000000000000000, RCX=0x00000007c1980338, RDX=0x0000000000000000
RSP=0x000070000916cc90, RBP=0x000070000916ccb0, RSI=0x0000000000000000, RDI=0x00007fefcc02aa00
R8 =0x0000000000000000, R9 =0x0000000000000005, R10=0x0000000115d80fa0, R11=0x0000000000000202
R12=0x00000007c1980338, R13=0x0000000800173ee8, R14=0x0000000000000000, R15=0x00007fefcc02aa00
RIP=0x000000011560c244, EFLAGS=0x0000000000010246, ERR=0x0000000000000004
  TRAPNO=0x000000000000000e

Top of Stack: (sp=0x000070000916cc90)
0x000070000916cc90:   0000000000000000 000070000916cdf0
0x000070000916cca0:   00000007c1980338 00007fefcbc13c30
0x000070000916ccb0:   000070000916ccf0 000000011560c0c7
0x000070000916ccc0:   0000000782fe6f80 000000011560c0c7
0x000070000916ccd0:   0000000782fa2040 0000000782fe6f7c
0x000070000916cce0:   0000000782fe6f80 0000000800173ee0
0x000070000916ccf0:   000070000916cd00 000000011560c081
0x000070000916cd00:   000070000916cd40 00000001156ee063
0x000070000916cd10:   0000000782fe6f40 0000000000000008
0x000070000916cd20:   0000000800173b88 0000000000000000
0x000070000916cd30:   000070000916cdf0 0000000782fe6f40
0x000070000916cd40:   000070000916cd70 000000011570821f
0x000070000916cd50:   00007fefcbc13c30 000000000001ffff
0x000070000916cd60:   0000000782fe6f40 0000000000000000
0x000070000916cd70:   000070000916cd90 0000000115708136
0x000070000916cd80:   00007fefcbc13c30 000070000916cda8
0x000070000916cd90:   000070000916cde0 0000000115702d68
0x000070000916cda0:   0000000782fe6f40 0000000782fe6f40
0x000070000916cdb0:   000070000916cdc0 00007fefcbc13c30
0x000070000916cdc0:   00007fefcbc13cc0 000070000916ce48
0x000070000916cdd0:   00007fefcbc13d08 000070000916ce30
0x000070000916cde0:   000070000916ce90 0000000115707404
0x000070000916cdf0:   0000000115d2a190 00007fefcbc3fe40
0x000070000916ce00:   00007fefcc009400 00007fefcbc13c30
0x000070000916ce10:   00007fefcc02aa00 00007fefcbc13c30
0x000070000916ce20:   0000000782900000 0000000000020000
0x000070000916ce30:   0000000782ad0001 3fe0000000000000
0x000070000916ce40:   00007fefcbc13d70 0000000782ad0001
0x000070000916ce50:   3fd6bc2000000001 0000000015a21265
0x000070000916ce60:   4024000000000001 00007fefcbc13c30
0x000070000916ce70:   0000000115d4dc20 0000000115da1f58
0x000070000916ce80:   0000000000000000 0000700009069d50 

Instructions: (pc=0x000000011560c244)
0x000000011560c224:   d8 48 83 c4 18 5b 41 5e 41 5f 5d c3 55 48 89 e5
0x000000011560c234:   41 57 41 56 41 54 53 49 89 cc 41 89 f6 49 89 ff
0x000000011560c244:   4c 39 a2 60 01 00 00 76 5a 49 8b 97 90 00 00 00
0x000000011560c254:   4c 89 e0 48 2b 02 48 c1 e8 03 8a 4a 10 48 d3 e8 

Stack slot to memory mapping:
stack at sp + 0 slots: 0x0 is NULL
stack at sp + 1 slots: 0x000070000916cdf0 points into unknown readable memory: 90 a1 d2 15 01 00 00 00
stack at sp + 2 slots: 
[error occurred during error reporting (inspecting top of stack), id 0xb, SIGSEGV (0xb) at pc=0x00000001156fada0]


---------------  P R O C E S S  ---------------

Threads class SMR info:
_java_thread_list=0x00007fefce4185e0, length=10, elements={
0x00007fefcd013800, 0x00007fefcd067800, 0x00007fefcd06c800, 0x00007fefcd074000,
0x00007fefcd077000, 0x00007fefcf808800, 0x00007fefcf80b800, 0x00007fefcf009800,
0x00007fefcf074000, 0x00007fefcc0a5000
}

Java Threads: ( => current thread )
  0x00007fefcd013800 JavaThread "main" [_thread_in_Java, id=9731, stack(0x0000700008d64000,0x0000700008e64000)]
  0x00007fefcd067800 JavaThread "Reference Handler" daemon [_thread_blocked, id=19459, stack(0x0000700009479000,0x0000700009579000)]
  0x00007fefcd06c800 JavaThread "Finalizer" daemon [_thread_blocked, id=18947, stack(0x000070000957c000,0x000070000967c000)]
  0x00007fefcd074000 JavaThread "Signal Dispatcher" daemon [_thread_blocked, id=15875, stack(0x0000700009785000,0x0000700009885000)]
  0x00007fefcd077000 JavaThread "C2 CompilerThread0" daemon [_thread_blocked, id=21763, stack(0x0000700009888000,0x0000700009988000)]
  0x00007fefcf808800 JavaThread "C1 CompilerThread0" daemon [_thread_blocked, id=42755, stack(0x000070000998b000,0x0000700009a8b000)]
  0x00007fefcf80b800 JavaThread "Sweeper thread" daemon [_thread_blocked, id=41987, stack(0x0000700009a8e000,0x0000700009b8e000)]
  0x00007fefcf009800 JavaThread "Common-Cleaner" daemon [_thread_blocked, id=41475, stack(0x0000700009b91000,0x0000700009c91000)]
  0x00007fefcf074000 JavaThread "Service Thread" daemon [_thread_blocked, id=22787, stack(0x0000700009c94000,0x0000700009d94000)]
  0x00007fefcc0a5000 JavaThread "surefire-forkedjvm-command-thread" daemon [_thread_in_native, id=40707, stack(0x0000700009e9a000,0x0000700009f9a000)]

Other Threads:
  0x00007fefcc0a7000 VMThread "VM Thread" [stack: 0x0000700009376000,0x0000700009476000] [id=19715]
  0x00007fefcd254000 WatcherThread [stack: 0x0000700009d97000,0x0000700009e97000] [id=23299]
  0x00007fefcc00f800 GCTaskThread "GC Thread#0" [stack: 0x0000700008e67000,0x0000700008f67000] [id=11779]
  0x00007fefcf8d2800 GCTaskThread "GC Thread#1" [stack: 0x0000700009f9d000,0x000070000a09d000] [id=40195]
  0x00007fefcfa27800 GCTaskThread "GC Thread#2" [stack: 0x000070000a0a0000,0x000070000a1a0000] [id=23555]
  0x00007fefcc033800 ConcurrentGCThread "G1 Main Marker" [stack: 0x0000700008f6a000,0x000070000906a000] [id=21251]
=>0x00007fefcc034000 ConcurrentGCThread "G1 Conc#0" [stack: 0x000070000906d000,0x000070000916d000] [id=20739]
  0x00007fefcd4b7000 ConcurrentGCThread "G1 Conc#1" [stack: 0x000070000a8b8000,0x000070000a9b8000] [id=37891]
  0x00007fefcc095000 ConcurrentGCThread "G1 Refine#0" [stack: 0x0000700009170000,0x0000700009270000] [id=13059]
  0x00007fefce82f800 ConcurrentGCThread "G1 Refine#1" [stack: 0x000070000a1a3000,0x000070000a2a3000] [id=24067]
  0x00007fefce830800 ConcurrentGCThread "G1 Refine#2" [stack: 0x000070000a2a6000,0x000070000a3a6000] [id=39427]
  0x00007fefce831000 ConcurrentGCThread "G1 Refine#3" [stack: 0x000070000a3a9000,0x000070000a4a9000] [id=39171]
  0x00007fefce832000 ConcurrentGCThread "G1 Refine#4" [stack: 0x000070000a4ac000,0x000070000a5ac000] [id=24835]
  0x00007fefcd61f000 ConcurrentGCThread "G1 Refine#5" [stack: 0x000070000a5af000,0x000070000a6af000] [id=38915]
  0x00007fefd0818000 ConcurrentGCThread "G1 Refine#6" [stack: 0x000070000a6b2000,0x000070000a7b2000] [id=38659]
  0x00007fefce832800 ConcurrentGCThread "G1 Refine#7" [stack: 0x000070000a7b5000,0x000070000a8b5000] [id=38403]
  0x00007fefcc095800 ConcurrentGCThread "G1 Young RemSet Sampling" [stack: 0x0000700009273000,0x0000700009373000] [id=13571]

Threads with active compile tasks:

VM state:not at safepoint (normal execution)

VM Mutex/Monitor currently owned by a thread: None

Heap address: 0x0000000780000000, size: 2048 MB, Compressed Oops mode: Zero based, Oop shift amount: 3
Narrow klass base: 0x0000000800000000, Narrow klass shift: 0
Compressed class space size: 1073741824 Address: 0x0000000800000000

Heap:
 garbage-first heap   total 173056K, used 86016K [0x0000000780000000, 0x0000000800000000)
  region size 1024K, 5 young (5120K), 3 survivors (3072K)
 Metaspace       used 14668K, capacity 14904K, committed 15104K, reserved 1062912K
  class space    used 1379K, capacity 1474K, committed 1536K, reserved 1048576K
Heap Regions: E=young(eden), S=young(survivor), O=old, HS=humongous(starts), HC=humongous(continues), CS=collection set, F=free, A=archive, TAMS=top-at-mark-start (previous, next)
|   0|0x0000000780000000, 0x0000000780100000, 0x0000000780100000|100%|HS|  |TAMS 0x0000000780000000, 0x0000000780100000| Complete 
|   1|0x0000000780100000, 0x0000000780200000, 0x0000000780200000|100%|HS|  |TAMS 0x0000000780100000, 0x0000000780200000| Complete 
|   2|0x0000000780200000, 0x0000000780300000, 0x0000000780300000|100%| O|  |TAMS 0x0000000780200000, 0x0000000780300000| Untracked 
|   3|0x0000000780300000, 0x0000000780400000, 0x0000000780400000|100%| O|  |TAMS 0x0000000780300000, 0x0000000780400000| Untracked 
|   4|0x0000000780400000, 0x0000000780500000, 0x0000000780500000|100%| O|  |TAMS 0x0000000780400000, 0x0000000780500000| Untracked 
|   5|0x0000000780500000, 0x0000000780600000, 0x0000000780600000|100%| O|  |TAMS 0x0000000780500000, 0x0000000780600000| Untracked 
|   6|0x0000000780600000, 0x0000000780700000, 0x0000000780700000|100%| O|  |TAMS 0x0000000780600000, 0x0000000780700000| Untracked 
|   7|0x0000000780700000, 0x0000000780800000, 0x0000000780800000|100%| O|  |TAMS 0x0000000780700000, 0x0000000780800000| Untracked 
|   8|0x0000000780800000, 0x0000000780900000, 0x0000000780900000|100%| O|  |TAMS 0x0000000780800000, 0x0000000780900000| Untracked 
|   9|0x0000000780900000, 0x0000000780a00000, 0x0000000780a00000|100%| O|  |TAMS 0x0000000780900000, 0x0000000780a00000| Untracked 
|  10|0x0000000780a00000, 0x0000000780b00000, 0x0000000780b00000|100%| O|  |TAMS 0x0000000780a00000, 0x0000000780b00000| Untracked 
|  11|0x0000000780b00000, 0x0000000780c00000, 0x0000000780c00000|100%| O|  |TAMS 0x0000000780b00000, 0x0000000780c00000| Untracked 
|  12|0x0000000780c00000, 0x0000000780d00000, 0x0000000780d00000|100%| O|  |TAMS 0x0000000780c00000, 0x0000000780d00000| Untracked 
|  13|0x0000000780d00000, 0x0000000780e00000, 0x0000000780e00000|100%| O|  |TAMS 0x0000000780d00000, 0x0000000780e00000| Untracked 
|  14|0x0000000780e00000, 0x0000000780f00000, 0x0000000780f00000|100%| O|  |TAMS 0x0000000780e00000, 0x0000000780f00000| Untracked 
|  15|0x0000000780f00000, 0x0000000781000000, 0x0000000781000000|100%| O|  |TAMS 0x0000000780f00000, 0x0000000781000000| Untracked 
|  16|0x0000000781000000, 0x0000000781100000, 0x0000000781100000|100%| O|  |TAMS 0x0000000781000000, 0x0000000781100000| Untracked 
|  17|0x0000000781100000, 0x0000000781200000, 0x0000000781200000|100%| O|  |TAMS 0x0000000781100000, 0x0000000781200000| Untracked 
|  18|0x0000000781200000, 0x0000000781300000, 0x0000000781300000|100%| O|  |TAMS 0x0000000781200000, 0x0000000781300000| Untracked 
|  19|0x0000000781300000, 0x0000000781400000, 0x0000000781400000|100%| O|  |TAMS 0x0000000781300000, 0x0000000781400000| Untracked 
|  20|0x0000000781400000, 0x0000000781500000, 0x0000000781500000|100%| O|  |TAMS 0x0000000781400000, 0x0000000781500000| Untracked 
|  21|0x0000000781500000, 0x0000000781600000, 0x0000000781600000|100%| O|  |TAMS 0x0000000781500000, 0x0000000781600000| Untracked 
|  22|0x0000000781600000, 0x0000000781700000, 0x0000000781700000|100%|HS|  |TAMS 0x0000000781600000, 0x0000000781700000| Complete 
|  23|0x0000000781700000, 0x0000000781800000, 0x0000000781800000|100%|HC|  |TAMS 0x0000000781700000, 0x0000000781800000| Complete 
|  24|0x0000000781800000, 0x0000000781900000, 0x0000000781900000|100%| O|  |TAMS 0x0000000781800000, 0x0000000781900000| Untracked 
|  25|0x0000000781900000, 0x0000000781a00000, 0x0000000781a00000|100%| O|  |TAMS 0x0000000781900000, 0x0000000781a00000| Untracked 
|  26|0x0000000781a00000, 0x0000000781b00000, 0x0000000781b00000|100%| O|  |TAMS 0x0000000781a00000, 0x0000000781b00000| Untracked 
|  27|0x0000000781b00000, 0x0000000781c00000, 0x0000000781c00000|100%| O|  |TAMS 0x0000000781b00000, 0x0000000781c00000| Untracked 
|  28|0x0000000781c00000, 0x0000000781d00000, 0x0000000781d00000|100%| O|  |TAMS 0x0000000781c00000, 0x0000000781d00000| Untracked 
|  29|0x0000000781d00000, 0x0000000781e00000, 0x0000000781e00000|100%| O|  |TAMS 0x0000000781d00000, 0x0000000781e00000| Untracked 
|  30|0x0000000781e00000, 0x0000000781f00000, 0x0000000781f00000|100%| O|  |TAMS 0x0000000781e00000, 0x0000000781f00000| Untracked 
|  31|0x0000000781f00000, 0x0000000782000000, 0x0000000782000000|100%| O|  |TAMS 0x0000000781f00000, 0x0000000782000000| Untracked 
|  32|0x0000000782000000, 0x0000000782100000, 0x0000000782100000|100%| O|  |TAMS 0x0000000782000000, 0x0000000782100000| Untracked 
|  33|0x0000000782100000, 0x0000000782200000, 0x0000000782200000|100%| O|  |TAMS 0x0000000782100000, 0x0000000782200000| Untracked 
|  34|0x0000000782200000, 0x0000000782300000, 0x0000000782300000|100%| O|  |TAMS 0x0000000782200000, 0x0000000782300000| Untracked 
|  35|0x0000000782300000, 0x0000000782400000, 0x0000000782400000|100%| O|  |TAMS 0x0000000782300000, 0x0000000782400000| Untracked 
|  36|0x0000000782400000, 0x0000000782500000, 0x0000000782500000|100%| O|  |TAMS 0x0000000782400000, 0x0000000782500000| Untracked 
|  37|0x0000000782500000, 0x0000000782600000, 0x0000000782600000|100%| O|  |TAMS 0x0000000782500000, 0x0000000782600000| Untracked 
|  38|0x0000000782600000, 0x0000000782700000, 0x0000000782700000|100%| O|  |TAMS 0x0000000782600000, 0x0000000782700000| Untracked 
|  39|0x0000000782700000, 0x0000000782800000, 0x0000000782800000|100%| O|  |TAMS 0x0000000782700000, 0x0000000782800000| Untracked 
|  40|0x0000000782800000, 0x0000000782900000, 0x0000000782900000|100%| O|  |TAMS 0x0000000782800000, 0x0000000782900000| Untracked 
|  41|0x0000000782900000, 0x0000000782a00000, 0x0000000782a00000|100%| O|  |TAMS 0x0000000782900000, 0x0000000782a00000| Untracked 
|  42|0x0000000782a00000, 0x0000000782b00000, 0x0000000782b00000|100%|HS|  |TAMS 0x0000000782a00000, 0x0000000782b00000| Complete 
|  43|0x0000000782b00000, 0x0000000782c00000, 0x0000000782c00000|100%|HC|  |TAMS 0x0000000782b00000, 0x0000000782c00000| Complete 
|  44|0x0000000782c00000, 0x0000000782d00000, 0x0000000782d00000|100%|HC|  |TAMS 0x0000000782c00000, 0x0000000782d00000| Complete 
|  45|0x0000000782d00000, 0x0000000782e00000, 0x0000000782e00000|100%| O|  |TAMS 0x0000000782d00000, 0x0000000782e00000| Untracked 
|  46|0x0000000782e00000, 0x0000000782f00000, 0x0000000782f00000|100%| O|  |TAMS 0x0000000782e00000, 0x0000000782f00000| Untracked 
|  47|0x0000000782f00000, 0x0000000783000000, 0x0000000783000000|100%| O|  |TAMS 0x0000000782f00000, 0x0000000783000000| Untracked 
|  48|0x0000000783000000, 0x0000000783100000, 0x0000000783100000|100%| O|  |TAMS 0x0000000783000000, 0x0000000783100000| Untracked 
|  49|0x0000000783100000, 0x0000000783200000, 0x0000000783200000|100%| O|  |TAMS 0x0000000783100000, 0x0000000783200000| Untracked 
|  50|0x0000000783200000, 0x0000000783300000, 0x0000000783300000|100%| O|  |TAMS 0x0000000783200000, 0x0000000783300000| Untracked 
|  51|0x0000000783300000, 0x0000000783400000, 0x0000000783400000|100%| O|  |TAMS 0x0000000783300000, 0x0000000783400000| Untracked 
|  52|0x0000000783400000, 0x0000000783500000, 0x0000000783500000|100%| O|  |TAMS 0x0000000783400000, 0x0000000783500000| Untracked 
|  53|0x0000000783500000, 0x0000000783600000, 0x0000000783600000|100%| O|  |TAMS 0x0000000783500000, 0x0000000783600000| Untracked 
|  54|0x0000000783600000, 0x0000000783700000, 0x0000000783700000|100%| O|  |TAMS 0x0000000783600000, 0x0000000783700000| Untracked 
|  55|0x0000000783700000, 0x0000000783800000, 0x0000000783800000|100%| O|  |TAMS 0x0000000783700000, 0x0000000783800000| Untracked 
|  56|0x0000000783800000, 0x0000000783900000, 0x0000000783900000|100%| O|  |TAMS 0x0000000783800000, 0x0000000783900000| Untracked 
|  57|0x0000000783900000, 0x0000000783a00000, 0x0000000783a00000|100%| O|  |TAMS 0x0000000783900000, 0x0000000783a00000| Untracked 
|  58|0x0000000783a00000, 0x0000000783b00000, 0x0000000783b00000|100%| O|  |TAMS 0x0000000783a00000, 0x0000000783b00000| Untracked 
|  59|0x0000000783b00000, 0x0000000783c00000, 0x0000000783c00000|100%| O|  |TAMS 0x0000000783b00000, 0x0000000783c00000| Untracked 
|  60|0x0000000783c00000, 0x0000000783d00000, 0x0000000783d00000|100%| O|  |TAMS 0x0000000783c00000, 0x0000000783d00000| Untracked 
|  61|0x0000000783d00000, 0x0000000783e00000, 0x0000000783e00000|100%| O|  |TAMS 0x0000000783d00000, 0x0000000783e00000| Untracked 
|  62|0x0000000783e00000, 0x0000000783f00000, 0x0000000783f00000|100%| O|  |TAMS 0x0000000783e00000, 0x0000000783f00000| Untracked 
|  63|0x0000000783f00000, 0x0000000784000000, 0x0000000784000000|100%| O|  |TAMS 0x0000000783f00000, 0x0000000784000000| Untracked 
|  64|0x0000000784000000, 0x0000000784100000, 0x0000000784100000|100%| O|  |TAMS 0x0000000784000000, 0x0000000784100000| Untracked 
|  65|0x0000000784100000, 0x0000000784200000, 0x0000000784200000|100%| O|  |TAMS 0x0000000784100000, 0x0000000784200000| Untracked 
|  66|0x0000000784200000, 0x0000000784300000, 0x0000000784300000|100%| O|  |TAMS 0x0000000784200000, 0x0000000784300000| Untracked 
|  67|0x0000000784300000, 0x0000000784400000, 0x0000000784400000|100%| O|  |TAMS 0x0000000784300000, 0x0000000784400000| Untracked 
|  68|0x0000000784400000, 0x0000000784500000, 0x0000000784500000|100%| O|  |TAMS 0x0000000784400000, 0x0000000784500000| Untracked 
|  69|0x0000000784500000, 0x0000000784600000, 0x0000000784600000|100%| O|  |TAMS 0x0000000784500000, 0x0000000784600000| Untracked 
|  70|0x0000000784600000, 0x0000000784700000, 0x0000000784700000|100%| O|  |TAMS 0x0000000784600000, 0x0000000784700000| Untracked 
|  71|0x0000000784700000, 0x0000000784800000, 0x0000000784800000|100%| O|  |TAMS 0x0000000784700000, 0x0000000784800000| Untracked 
|  72|0x0000000784800000, 0x0000000784900000, 0x0000000784900000|100%| O|  |TAMS 0x0000000784800000, 0x0000000784900000| Untracked 
|  73|0x0000000784900000, 0x0000000784a00000, 0x0000000784a00000|100%| O|  |TAMS 0x0000000784900000, 0x0000000784a00000| Untracked 
|  74|0x0000000784a00000, 0x0000000784b00000, 0x0000000784b00000|100%| O|  |TAMS 0x0000000784a00000, 0x0000000784b00000| Untracked 
|  75|0x0000000784b00000, 0x0000000784c00000, 0x0000000784c00000|100%| O|  |TAMS 0x0000000784b00000, 0x0000000784c00000| Untracked 
|  76|0x0000000784c00000, 0x0000000784d00000, 0x0000000784d00000|100%|HS|  |TAMS 0x0000000784c00000, 0x0000000784c00000| Complete 
|  77|0x0000000784d00000, 0x0000000784e00000, 0x0000000784e00000|100%|HC|  |TAMS 0x0000000784d00000, 0x0000000784d00000| Complete 
|  78|0x0000000784e00000, 0x0000000784f00000, 0x0000000784f00000|100%|HC|  |TAMS 0x0000000784e00000, 0x0000000784e00000| Complete 
|  79|0x0000000784f00000, 0x0000000785000000, 0x0000000785000000|100%|HC|  |TAMS 0x0000000784f00000, 0x0000000784f00000| Complete 
|  80|0x0000000785000000, 0x0000000785000000, 0x0000000785100000|  0%| F|  |TAMS 0x0000000785000000, 0x0000000785000000| Untracked 
|  81|0x0000000785100000, 0x0000000785100000, 0x0000000785200000|  0%| F|  |TAMS 0x0000000785100000, 0x0000000785100000| Untracked 
|  82|0x0000000785200000, 0x0000000785200000, 0x0000000785300000|  0%| F|  |TAMS 0x0000000785200000, 0x0000000785200000| Untracked 
|  83|0x0000000785300000, 0x0000000785300000, 0x0000000785400000|  0%| F|  |TAMS 0x0000000785300000, 0x0000000785300000| Untracked 
|  84|0x0000000785400000, 0x0000000785400000, 0x0000000785500000|  0%| F|  |TAMS 0x0000000785400000, 0x0000000785400000| Untracked 
|  85|0x0000000785500000, 0x0000000785500000, 0x0000000785600000|  0%| F|  |TAMS 0x0000000785500000, 0x0000000785500000| Untracked 
|  86|0x0000000785600000, 0x0000000785600000, 0x0000000785700000|  0%| F|  |TAMS 0x0000000785600000, 0x0000000785600000| Untracked 
|  87|0x0000000785700000, 0x0000000785700000, 0x0000000785800000|  0%| F|  |TAMS 0x0000000785700000, 0x0000000785700000| Untracked 
|  88|0x0000000785800000, 0x0000000785800000, 0x0000000785900000|  0%| F|  |TAMS 0x0000000785800000, 0x0000000785800000| Untracked 
|  89|0x0000000785900000, 0x0000000785900000, 0x0000000785a00000|  0%| F|  |TAMS 0x0000000785900000, 0x0000000785900000| Untracked 
|  90|0x0000000785a00000, 0x0000000785a00000, 0x0000000785b00000|  0%| F|  |TAMS 0x0000000785a00000, 0x0000000785a00000| Untracked 
|  91|0x0000000785b00000, 0x0000000785b00000, 0x0000000785c00000|  0%| F|  |TAMS 0x0000000785b00000, 0x0000000785b00000| Untracked 
|  92|0x0000000785c00000, 0x0000000785c00000, 0x0000000785d00000|  0%| F|  |TAMS 0x0000000785c00000, 0x0000000785c00000| Untracked 
|  93|0x0000000785d00000, 0x0000000785d00000, 0x0000000785e00000|  0%| F|  |TAMS 0x0000000785d00000, 0x0000000785d00000| Untracked 
|  94|0x0000000785e00000, 0x0000000785e00000, 0x0000000785f00000|  0%| F|  |TAMS 0x0000000785e00000, 0x0000000785e00000| Untracked 
|  95|0x0000000785f00000, 0x0000000785f00000, 0x0000000786000000|  0%| F|  |TAMS 0x0000000785f00000, 0x0000000785f00000| Untracked 
|  96|0x0000000786000000, 0x0000000786000000, 0x0000000786100000|  0%| F|  |TAMS 0x0000000786000000, 0x0000000786000000| Untracked 
|  97|0x0000000786100000, 0x0000000786100000, 0x0000000786200000|  0%| F|  |TAMS 0x0000000786100000, 0x0000000786100000| Untracked 
|  98|0x0000000786200000, 0x0000000786200000, 0x0000000786300000|  0%| F|  |TAMS 0x0000000786200000, 0x0000000786200000| Untracked 
|  99|0x0000000786300000, 0x0000000786300000, 0x0000000786400000|  0%| F|  |TAMS 0x0000000786300000, 0x0000000786300000| Untracked 
| 100|0x0000000786400000, 0x0000000786400000, 0x0000000786500000|  0%| F|  |TAMS 0x0000000786400000, 0x0000000786400000| Untracked 
| 101|0x0000000786500000, 0x0000000786500000, 0x0000000786600000|  0%| F|  |TAMS 0x0000000786500000, 0x0000000786500000| Untracked 
| 102|0x0000000786600000, 0x0000000786600000, 0x0000000786700000|  0%| F|  |TAMS 0x0000000786600000, 0x0000000786600000| Untracked 
| 103|0x0000000786700000, 0x0000000786700000, 0x0000000786800000|  0%| F|  |TAMS 0x0000000786700000, 0x0000000786700000| Untracked 
| 104|0x0000000786800000, 0x0000000786800000, 0x0000000786900000|  0%| F|  |TAMS 0x0000000786800000, 0x0000000786800000| Untracked 
| 105|0x0000000786900000, 0x0000000786a00000, 0x0000000786a00000|100%| S|CS|TAMS 0x0000000786900000, 0x0000000786900000| Complete 
| 106|0x0000000786a00000, 0x0000000786b00000, 0x0000000786b00000|100%| S|CS|TAMS 0x0000000786a00000, 0x0000000786a00000| Complete 
| 107|0x0000000786b00000, 0x0000000786c00000, 0x0000000786c00000|100%| S|CS|TAMS 0x0000000786b00000, 0x0000000786b00000| Complete 
| 108|0x0000000786c00000, 0x0000000786c00000, 0x0000000786d00000|  0%| F|  |TAMS 0x0000000786c00000, 0x0000000786c00000| Untracked 
| 109|0x0000000786d00000, 0x0000000786d00000, 0x0000000786e00000|  0%| F|  |TAMS 0x0000000786d00000, 0x0000000786d00000| Untracked 
| 110|0x0000000786e00000, 0x0000000786e00000, 0x0000000786f00000|  0%| F|  |TAMS 0x0000000786e00000, 0x0000000786e00000| Untracked 
| 111|0x0000000786f00000, 0x0000000786f00000, 0x0000000787000000|  0%| F|  |TAMS 0x0000000786f00000, 0x0000000786f00000| Untracked 
| 112|0x0000000787000000, 0x0000000787000000, 0x0000000787100000|  0%| F|  |TAMS 0x0000000787000000, 0x0000000787000000| Untracked 
| 113|0x0000000787100000, 0x0000000787100000, 0x0000000787200000|  0%| F|  |TAMS 0x0000000787100000, 0x0000000787100000| Untracked 
| 114|0x0000000787200000, 0x0000000787200000, 0x0000000787300000|  0%| F|  |TAMS 0x0000000787200000, 0x0000000787200000| Untracked 
| 115|0x0000000787300000, 0x0000000787300000, 0x0000000787400000|  0%| F|  |TAMS 0x0000000787300000, 0x0000000787300000| Untracked 
| 116|0x0000000787400000, 0x0000000787400000, 0x0000000787500000|  0%| F|  |TAMS 0x0000000787400000, 0x0000000787400000| Untracked 
| 117|0x0000000787500000, 0x0000000787500000, 0x0000000787600000|  0%| F|  |TAMS 0x0000000787500000, 0x0000000787500000| Untracked 
| 118|0x0000000787600000, 0x0000000787600000, 0x0000000787700000|  0%| F|  |TAMS 0x0000000787600000, 0x0000000787600000| Untracked 
| 119|0x0000000787700000, 0x0000000787700000, 0x0000000787800000|  0%| F|  |TAMS 0x0000000787700000, 0x0000000787700000| Untracked 
| 120|0x0000000787800000, 0x0000000787800000, 0x0000000787900000|  0%| F|  |TAMS 0x0000000787800000, 0x0000000787800000| Untracked 
| 121|0x0000000787900000, 0x0000000787900000, 0x0000000787a00000|  0%| F|  |TAMS 0x0000000787900000, 0x0000000787900000| Untracked 
| 122|0x0000000787a00000, 0x0000000787a00000, 0x0000000787b00000|  0%| F|  |TAMS 0x0000000787a00000, 0x0000000787a00000| Untracked 
| 123|0x0000000787b00000, 0x0000000787b00000, 0x0000000787c00000|  0%| F|  |TAMS 0x0000000787b00000, 0x0000000787b00000| Untracked 
| 124|0x0000000787c00000, 0x0000000787c00000, 0x0000000787d00000|  0%| F|  |TAMS 0x0000000787c00000, 0x0000000787c00000| Untracked 
| 125|0x0000000787d00000, 0x0000000787d00000, 0x0000000787e00000|  0%| F|  |TAMS 0x0000000787d00000, 0x0000000787d00000| Untracked 
| 126|0x0000000787e00000, 0x0000000787e00000, 0x0000000787f00000|  0%| F|  |TAMS 0x0000000787e00000, 0x0000000787e00000| Untracked 
| 127|0x0000000787f00000, 0x0000000787f00000, 0x0000000788000000|  0%| F|  |TAMS 0x0000000787f00000, 0x0000000787f00000| Untracked 
| 128|0x0000000788000000, 0x0000000788000000, 0x0000000788100000|  0%| F|  |TAMS 0x0000000788000000, 0x0000000788000000| Untracked 
| 129|0x0000000788100000, 0x0000000788100000, 0x0000000788200000|  0%| F|  |TAMS 0x0000000788100000, 0x0000000788100000| Untracked 
| 130|0x0000000788200000, 0x0000000788200000, 0x0000000788300000|  0%| F|  |TAMS 0x0000000788200000, 0x0000000788200000| Untracked 
| 131|0x0000000788300000, 0x0000000788300000, 0x0000000788400000|  0%| F|  |TAMS 0x0000000788300000, 0x0000000788300000| Untracked 
| 132|0x0000000788400000, 0x0000000788400000, 0x0000000788500000|  0%| F|  |TAMS 0x0000000788400000, 0x0000000788400000| Untracked 
| 133|0x0000000788500000, 0x0000000788500000, 0x0000000788600000|  0%| F|  |TAMS 0x0000000788500000, 0x0000000788500000| Untracked 
| 134|0x0000000788600000, 0x0000000788600000, 0x0000000788700000|  0%| F|  |TAMS 0x0000000788600000, 0x0000000788600000| Untracked 
| 135|0x0000000788700000, 0x0000000788700000, 0x0000000788800000|  0%| F|  |TAMS 0x0000000788700000, 0x0000000788700000| Untracked 
| 136|0x0000000788800000, 0x0000000788800000, 0x0000000788900000|  0%| F|  |TAMS 0x0000000788800000, 0x0000000788800000| Untracked 
| 137|0x0000000788900000, 0x0000000788900000, 0x0000000788a00000|  0%| F|  |TAMS 0x0000000788900000, 0x0000000788900000| Untracked 
| 138|0x0000000788a00000, 0x0000000788a00000, 0x0000000788b00000|  0%| F|  |TAMS 0x0000000788a00000, 0x0000000788a00000| Untracked 
| 139|0x0000000788b00000, 0x0000000788b00000, 0x0000000788c00000|  0%| F|  |TAMS 0x0000000788b00000, 0x0000000788b00000| Untracked 
| 140|0x0000000788c00000, 0x0000000788c00000, 0x0000000788d00000|  0%| F|  |TAMS 0x0000000788c00000, 0x0000000788c00000| Untracked 
| 141|0x0000000788d00000, 0x0000000788d00000, 0x0000000788e00000|  0%| F|  |TAMS 0x0000000788d00000, 0x0000000788d00000| Untracked 
| 142|0x0000000788e00000, 0x0000000788e00000, 0x0000000788f00000|  0%| F|  |TAMS 0x0000000788e00000, 0x0000000788e00000| Untracked 
| 143|0x0000000788f00000, 0x0000000788f00000, 0x0000000789000000|  0%| F|  |TAMS 0x0000000788f00000, 0x0000000788f00000| Untracked 
| 144|0x0000000789000000, 0x0000000789000000, 0x0000000789100000|  0%| F|  |TAMS 0x0000000789000000, 0x0000000789000000| Untracked 
| 145|0x0000000789100000, 0x0000000789100000, 0x0000000789200000|  0%| F|  |TAMS 0x0000000789100000, 0x0000000789100000| Untracked 
| 146|0x0000000789200000, 0x0000000789200000, 0x0000000789300000|  0%| F|  |TAMS 0x0000000789200000, 0x0000000789200000| Untracked 
| 147|0x0000000789300000, 0x0000000789300000, 0x0000000789400000|  0%| F|  |TAMS 0x0000000789300000, 0x0000000789300000| Untracked 
| 148|0x0000000789400000, 0x0000000789400000, 0x0000000789500000|  0%| F|  |TAMS 0x0000000789400000, 0x0000000789400000| Untracked 
| 149|0x0000000789500000, 0x0000000789500000, 0x0000000789600000|  0%| F|  |TAMS 0x0000000789500000, 0x0000000789500000| Untracked 
| 150|0x0000000789600000, 0x0000000789600000, 0x0000000789700000|  0%| F|  |TAMS 0x0000000789600000, 0x0000000789600000| Untracked 
| 151|0x0000000789700000, 0x0000000789700000, 0x0000000789800000|  0%| F|  |TAMS 0x0000000789700000, 0x0000000789700000| Untracked 
| 152|0x0000000789800000, 0x0000000789800000, 0x0000000789900000|  0%| F|  |TAMS 0x0000000789800000, 0x0000000789800000| Untracked 
| 153|0x0000000789900000, 0x0000000789900000, 0x0000000789a00000|  0%| F|  |TAMS 0x0000000789900000, 0x0000000789900000| Untracked 
| 154|0x0000000789a00000, 0x0000000789a00000, 0x0000000789b00000|  0%| F|  |TAMS 0x0000000789a00000, 0x0000000789a00000| Untracked 
| 155|0x0000000789b00000, 0x0000000789b00000, 0x0000000789c00000|  0%| F|  |TAMS 0x0000000789b00000, 0x0000000789b00000| Untracked 
| 156|0x0000000789c00000, 0x0000000789c00000, 0x0000000789d00000|  0%| F|  |TAMS 0x0000000789c00000, 0x0000000789c00000| Untracked 
| 157|0x0000000789d00000, 0x0000000789d00000, 0x0000000789e00000|  0%| F|  |TAMS 0x0000000789d00000, 0x0000000789d00000| Untracked 
| 158|0x0000000789e00000, 0x0000000789e00000, 0x0000000789f00000|  0%| F|  |TAMS 0x0000000789e00000, 0x0000000789e00000| Untracked 
| 159|0x0000000789f00000, 0x0000000789f00000, 0x000000078a000000|  0%| F|  |TAMS 0x0000000789f00000, 0x0000000789f00000| Untracked 
| 160|0x000000078a000000, 0x000000078a000000, 0x000000078a100000|  0%| F|  |TAMS 0x000000078a000000, 0x000000078a000000| Untracked 
| 161|0x000000078a100000, 0x000000078a100000, 0x000000078a200000|  0%| F|  |TAMS 0x000000078a100000, 0x000000078a100000| Untracked 
| 162|0x000000078a200000, 0x000000078a200000, 0x000000078a300000|  0%| F|  |TAMS 0x000000078a200000, 0x000000078a200000| Untracked 
| 163|0x000000078a300000, 0x000000078a300000, 0x000000078a400000|  0%| F|  |TAMS 0x000000078a300000, 0x000000078a300000| Untracked 
| 164|0x000000078a400000, 0x000000078a400000, 0x000000078a500000|  0%| F|  |TAMS 0x000000078a400000, 0x000000078a400000| Untracked 
| 165|0x000000078a500000, 0x000000078a500000, 0x000000078a600000|  0%| F|  |TAMS 0x000000078a500000, 0x000000078a500000| Untracked 
| 166|0x000000078a600000, 0x000000078a600000, 0x000000078a700000|  0%| F|  |TAMS 0x000000078a600000, 0x000000078a600000| Untracked 
| 167|0x000000078a700000, 0x000000078a780800, 0x000000078a800000| 50%| E|  |TAMS 0x000000078a700000, 0x000000078a700000| Complete 
| 168|0x000000078a800000, 0x000000078a900000, 0x000000078a900000|100%| E|CS|TAMS 0x000000078a800000, 0x000000078a800000| Complete 

Card table byte_map: [0x000000012dc17000,0x000000012e017000] _byte_map_base: 0x000000012a017000

Marking Bits (Prev, Next): (CMBitMap*) 0x00007fefcc02aa18, (CMBitMap*) 0x00007fefcc02aa50
 Prev Bits: [0x000000012e417000, 0x0000000130417000)
 Next Bits: [0x0000000130417000, 0x0000000132417000)

Polling page: 0x0000000105e32000

Metaspace:

Usage:
  Non-class:     13.12 MB capacity,    12.98 MB ( 99%) used,   119.55 KB ( <1%) free+waste,    21.69 KB ( <1%) overhead. 
      Class:      1.44 MB capacity,     1.35 MB ( 94%) used,    85.06 KB (  6%) free+waste,     9.31 KB ( <1%) overhead. 
       Both:     14.55 MB capacity,    14.32 MB ( 98%) used,   204.61 KB (  1%) free+waste,    31.00 KB ( <1%) overhead. 

Virtual space:
  Non-class space:       14.00 MB reserved,      13.25 MB ( 95%) committed 
      Class space:        1.00 GB reserved,       1.50 MB ( <1%) committed 
             Both:        1.01 GB reserved,      14.75 MB (  1%) committed 

Chunk freelists:
   Non-Class:  13.25 KB
       Class:  3.75 KB
        Both:  17.00 KB

CodeHeap 'non-profiled nmethods': size=120032Kb used=455Kb max_used=455Kb free=119576Kb
 bounds [0x0000000126109000, 0x0000000126379000, 0x000000012d641000]
CodeHeap 'profiled nmethods': size=120028Kb used=3110Kb max_used=3110Kb free=116917Kb
 bounds [0x000000011ebd2000, 0x000000011eee2000, 0x0000000126109000]
CodeHeap 'non-nmethods': size=5700Kb used=1090Kb max_used=1132Kb free=4609Kb
 bounds [0x000000011e641000, 0x000000011e8b1000, 0x000000011ebd2000]
 total_blobs=1918 nmethods=1506 adapters=324
 compilation: enabled
              stopped_count=0, restarted_count=0
 full_count=0

Compilation events (10 events):
Event: 1.124 Thread 0x00007fefcd077000 1527       4       org.sqlite.jdbc3.JDBC3ResultSet::getString (36 bytes)
Event: 1.130 Thread 0x00007fefcd077000 nmethod 1527 0x0000000126174b10 code [0x0000000126174d00, 0x0000000126175558]
Event: 1.130 Thread 0x00007fefcd077000 1530   !   4       java.lang.StringCoding::decode (165 bytes)
Event: 1.140 Thread 0x00007fefcf808800 1531 % !   3       edu.brown.cs.mramesh4.maps.MapsLogic::map @ 257 (537 bytes)
Event: 1.141 Thread 0x00007fefcd077000 nmethod 1530 0x0000000126175c90 code [0x0000000126175e80, 0x0000000126176e58]
Event: 1.145 Thread 0x00007fefcf808800 nmethod 1531% 0x000000011eec0e10 code [0x000000011eec1940, 0x000000011eecb2f0]
Event: 1.146 Thread 0x00007fefcf808800 1532   !   3       edu.brown.cs.mramesh4.maps.MapsLogic::map (537 bytes)
Event: 1.150 Thread 0x00007fefcf808800 nmethod 1532 0x000000011eecf090 code [0x000000011eecfa80, 0x000000011eed8200]
Event: 1.246 Thread 0x00007fefcd077000 1533 % !   4       edu.brown.cs.mramesh4.maps.MapsLogic::map @ 257 (537 bytes)
Event: 1.279 Thread 0x00007fefcd077000 nmethod 1533% 0x0000000126177790 code [0x0000000126177ac0, 0x0000000126179860]

GC Heap History (10 events):
Event: 0.457 GC heap before
{Heap before GC invocations=0 (full 0):
 garbage-first heap   total 131072K, used 24576K [0x0000000780000000, 0x0000000800000000)
  region size 1024K, 24 young (24576K), 0 survivors (0K)
 Metaspace       used 9856K, capacity 9972K, committed 10240K, reserved 1058816K
  class space    used 886K, capacity 939K, committed 1024K, reserved 1048576K
}
Event: 0.460 GC heap after
{Heap after GC invocations=1 (full 0):
 garbage-first heap   total 131072K, used 2229K [0x0000000780000000, 0x0000000800000000)
  region size 1024K, 3 young (3072K), 3 survivors (3072K)
 Metaspace       used 9856K, capacity 9972K, committed 10240K, reserved 1058816K
  class space    used 886K, capacity 939K, committed 1024K, reserved 1048576K
}
Event: 1.532 GC heap before
{Heap before GC invocations=1 (full 0):
 garbage-first heap   total 131072K, used 79029K [0x0000000780000000, 0x0000000800000000)
  region size 1024K, 76 young (77824K), 3 survivors (3072K)
 Metaspace       used 14667K, capacity 14904K, committed 15104K, reserved 1062912K
  class space    used 1379K, capacity 1474K, committed 1536K, reserved 1048576K
}
Event: 1.560 GC heap after
{Heap after GC invocations=2 (full 0):
 garbage-first heap   total 131072K, used 31823K [0x0000000780000000, 0x0000000800000000)
  region size 1024K, 10 young (10240K), 10 survivors (10240K)
 Metaspace       used 14667K, capacity 14904K, committed 15104K, reserved 1062912K
  class space    used 1379K, capacity 1474K, committed 1536K, reserved 1048576K
}
Event: 1.865 GC heap before
{Heap before GC invocations=2 (full 0):
 garbage-first heap   total 131072K, used 53327K [0x0000000780000000, 0x0000000800000000)
  region size 1024K, 29 young (29696K), 10 survivors (10240K)
 Metaspace       used 14668K, capacity 14904K, committed 15104K, reserved 1062912K
  class space    used 1379K, capacity 1474K, committed 1536K, reserved 1048576K
}
Event: 1.889 GC heap after
{Heap after GC invocations=3 (full 0):
 garbage-first heap   total 131072K, used 49664K [0x0000000780000000, 0x0000000800000000)
  region size 1024K, 4 young (4096K), 4 survivors (4096K)
 Metaspace       used 14668K, capacity 14904K, committed 15104K, reserved 1062912K
  class space    used 1379K, capacity 1474K, committed 1536K, reserved 1048576K
}
Event: 2.155 GC heap before
{Heap before GC invocations=3 (full 0):
 garbage-first heap   total 131072K, used 70144K [0x0000000780000000, 0x0000000800000000)
  region size 1024K, 21 young (21504K), 4 survivors (4096K)
 Metaspace       used 14668K, capacity 14904K, committed 15104K, reserved 1062912K
  class space    used 1379K, capacity 1474K, committed 1536K, reserved 1048576K
}
Event: 2.164 GC heap after
{Heap after GC invocations=4 (full 0):
 garbage-first heap   total 131072K, used 66560K [0x0000000780000000, 0x0000000800000000)
  region size 1024K, 3 young (3072K), 3 survivors (3072K)
 Metaspace       used 14668K, capacity 14904K, committed 15104K, reserved 1062912K
  class space    used 1379K, capacity 1474K, committed 1536K, reserved 1048576K
}
Event: 2.475 GC heap before
{Heap before GC invocations=4 (full 0):
 garbage-first heap   total 131072K, used 83968K [0x0000000780000000, 0x0000000800000000)
  region size 1024K, 21 young (21504K), 3 survivors (3072K)
 Metaspace       used 14668K, capacity 14904K, committed 15104K, reserved 1062912K
  class space    used 1379K, capacity 1474K, committed 1536K, reserved 1048576K
}
Event: 2.484 GC heap after
{Heap after GC invocations=5 (full 0):
 garbage-first heap   total 173056K, used 80896K [0x0000000780000000, 0x0000000800000000)
  region size 1024K, 3 young (3072K), 3 survivors (3072K)
 Metaspace       used 14668K, capacity 14904K, committed 15104K, reserved 1062912K
  class space    used 1379K, capacity 1474K, committed 1536K, reserved 1048576K
}

Deoptimization events (6 events):
Event: 0.476 Thread 0x00007fefcd013800 Uncommon trap: reason=unstable_if action=reinterpret pc=0x00000001261141b0 method=java.util.HashMap.putVal(ILjava/lang/Object;Ljava/lang/Object;ZZ)Ljava/lang/Object; @ 181 c2
Event: 0.638 Thread 0x00007fefcd013800 Uncommon trap: reason=unstable_if action=reinterpret pc=0x0000000126130c98 method=org.jacoco.agent.rt.internal_43f5073.asm.MethodVisitor.visitLineNumber(ILorg/jacoco/agent/rt/internal_43f5073/asm/Label;)V @ 4 c2
Event: 0.639 Thread 0x00007fefcd013800 Uncommon trap: reason=unstable_if action=reinterpret pc=0x0000000126130f98 method=org.jacoco.agent.rt.internal_43f5073.asm.MethodVisitor.visitVarInsn(II)V @ 4 c2
Event: 0.691 Thread 0x00007fefcd013800 Uncommon trap: reason=range_check action=make_not_entrant pc=0x0000000126146128 method=java.lang.StringLatin1.charAt([BI)C @ 21 c2
Event: 0.695 Thread 0x00007fefcd013800 Uncommon trap: reason=unstable_if action=reinterpret pc=0x000000012612aa84 method=org.jacoco.agent.rt.internal_43f5073.asm.ClassReader.readUtf(II[C)Ljava/lang/String; @ 41 c2
Event: 0.769 Thread 0x00007fefcd013800 Uncommon trap: reason=unstable_if action=reinterpret pc=0x0000000126126fec method=java.lang.String.startsWith(Ljava/lang/String;I)Z @ 1 c2

Classes redefined (0 events):
No events

Internal exceptions (8 events):
Event: 0.223 Thread 0x00007fefcd013800 Exception <a 'java/lang/NoSuchMethodError'{0x0000000787a4b028}: java.lang.invoke.DirectMethodHandle$Holder.invokeSpecialIFC(Ljava/lang/Object;Ljava/lang/Object;I)I> (0x0000000787a4b028) thrown at [./open/src/hotspot/share/interpreter/linkResolver.cpp, lin
Event: 0.384 Thread 0x00007fefcd013800 Exception <a 'java/lang/NoSuchMethodError'{0x0000000787015918}: java.lang.invoke.DirectMethodHandle$Holder.invokeStaticInit(Ljava/lang/Object;Ljava/lang/Object;Ljava/lang/Object;)Ljava/lang/Object;> (0x0000000787015918) thrown at [./open/src/hotspot/share
Event: 0.517 Thread 0x00007fefcd013800 Exception <a 'java/lang/NoSuchMethodError'{0x0000000787a56158}: org.junit.runner.Description.createSuiteDescription(Ljava/lang/String;)Lorg/junit/runner/Description;> (0x0000000787a56158) thrown at [./open/src/hotspot/share/interpreter/linkResolver.cpp, l
Event: 0.518 Thread 0x00007fefcd013800 Exception <a 'java/lang/NoSuchMethodError'{0x0000000787a5b0f0}: org.junit.runner.Description.createSuiteDescription(Ljava/lang/String;)Lorg/junit/runner/Description;> (0x0000000787a5b0f0) thrown at [./open/src/hotspot/share/interpreter/linkResolver.cpp, l
Event: 0.518 Thread 0x00007fefcd013800 Exception <a 'java/lang/NoSuchMethodError'{0x0000000787a5b550}: org.junit.runner.Description.createSuiteDescription(Ljava/lang/String;)Lorg/junit/runner/Description;> (0x0000000787a5b550) thrown at [./open/src/hotspot/share/interpreter/linkResolver.cpp, l
Event: 0.518 Thread 0x00007fefcd013800 Exception <a 'java/lang/NoSuchMethodError'{0x0000000787a5b9b0}: org.junit.runner.Description.createSuiteDescription(Ljava/lang/String;)Lorg/junit/runner/Description;> (0x0000000787a5b9b0) thrown at [./open/src/hotspot/share/interpreter/linkResolver.cpp, l
Event: 0.586 Thread 0x00007fefcd013800 Exception <a 'java/lang/NoSuchMethodError'{0x000000078736a600}: java.lang.invoke.Invokers$Holder.invoke_MT(Ljava/lang/Object;Ljava/lang/Object;Ljava/lang/Object;Ljava/lang/Object;Ljava/lang/Object;)Ljava/lang/Object;> (0x000000078736a600) thrown at [./ope
Event: 0.664 Thread 0x00007fefcd013800 Exception <a 'java/lang/NoSuchMethodError'{0x000000078696a950}: java.lang.invoke.DirectMethodHandle$Holder.invokeStaticInit(Ljava/lang/Object;Ljava/lang/Object;Ljava/lang/Object;Ljava/lang/Object;)Ljava/lang/Object;> (0x000000078696a950) thrown at [./open

Events (10 events):
Event: 1.561 Executing VM operation: RevokeBias
Event: 1.561 Executing VM operation: RevokeBias done
Event: 1.561 Executing VM operation: RevokeBias
Event: 1.561 Executing VM operation: RevokeBias done
Event: 1.865 Executing VM operation: G1CollectForAllocation
Event: 1.889 Executing VM operation: G1CollectForAllocation done
Event: 2.155 Executing VM operation: G1CollectForAllocation
Event: 2.164 Executing VM operation: G1CollectForAllocation done
Event: 2.475 Executing VM operation: G1CollectForAllocation
Event: 2.484 Executing VM operation: G1CollectForAllocation done


Dynamic libraries:
0x00000001058e4000 	/System/Library/Frameworks/Cocoa.framework/Versions/A/Cocoa
0x00000001058ef000 	/System/Library/Frameworks/Security.framework/Versions/A/Security
0x0000000105df6000 	/System/Library/Frameworks/ApplicationServices.framework/Versions/A/ApplicationServices
0x0000000105dfc000 	/usr/lib/libz.1.dylib
0x0000000105e1d000 	/Library/Java/JavaVirtualMachines/jdk-11.0.10.jdk/Contents/Home/lib/jli/libjli.dylib
0x0000000105e34000 	/usr/lib/libSystem.B.dylib
0x0000000105e3f000 	/System/Library/Frameworks/AppKit.framework/Versions/C/AppKit
0x00000001076d6000 	/System/Library/Frameworks/CoreData.framework/Versions/A/CoreData
0x0000000107cee000 	/System/Library/Frameworks/Foundation.framework/Versions/C/Foundation
0x0000000108403000 	/System/Library/PrivateFrameworks/UIFoundation.framework/Versions/A/UIFoundation
0x00000001087e4000 	/System/Library/PrivateFrameworks/RemoteViewServices.framework/Versions/A/RemoteViewServices
0x0000000108840000 	/System/Library/PrivateFrameworks/XCTTargetBootstrap.framework/Versions/A/XCTTargetBootstrap
0x0000000108853000 	/System/Library/Frameworks/CoreDisplay.framework/Versions/A/CoreDisplay
0x0000000108a01000 	/System/Library/Frameworks/Metal.framework/Versions/A/Metal
0x0000000108c8a000 	/System/Library/PrivateFrameworks/DesktopServicesPriv.framework/Versions/A/DesktopServicesPriv
0x0000000108f0b000 	/usr/lib/liblangid.dylib
0x0000000108f14000 	/System/Library/PrivateFrameworks/CoreSVG.framework/Versions/A/CoreSVG
0x0000000108f5a000 	/System/Library/PrivateFrameworks/SkyLight.framework/Versions/A/SkyLight
0x0000000109363000 	/System/Library/Frameworks/CoreGraphics.framework/Versions/A/CoreGraphics
0x0000000109b45000 	/System/Library/Frameworks/Accelerate.framework/Versions/A/Accelerate
0x0000000109b4c000 	/usr/lib/libxml2.2.dylib
0x0000000109c6d000 	/System/Library/PrivateFrameworks/IconServices.framework/Versions/A/IconServices
0x0000000109d0a000 	/System/Library/Frameworks/IOSurface.framework/Versions/A/IOSurface
0x0000000109d3c000 	/usr/lib/libDiagnosticMessagesClient.dylib
0x0000000109d47000 	/System/Library/PrivateFrameworks/DFRFoundation.framework/Versions/A/DFRFoundation
0x0000000109d71000 	/usr/lib/libicucore.A.dylib
0x000000010a0c0000 	/System/Library/Frameworks/AudioToolbox.framework/Versions/A/AudioToolbox
0x000000010a215000 	/System/Library/Frameworks/AudioUnit.framework/Versions/A/AudioUnit
0x000000010a225000 	/usr/lib/libauto.dylib
0x000000010a22f000 	/System/Library/PrivateFrameworks/DataDetectorsCore.framework/Versions/A/DataDetectorsCore
0x000000010a2f7000 	/System/Library/Frameworks/Carbon.framework/Versions/A/Frameworks/HIToolbox.framework/Versions/A/HIToolbox
0x000000010a777000 	/System/Library/Frameworks/QuartzCore.framework/Versions/A/QuartzCore
0x000000010ab2d000 	/System/Library/Frameworks/Carbon.framework/Versions/A/Frameworks/SpeechRecognition.framework/Versions/A/SpeechRecognition
0x000000010ab41000 	/System/Library/PrivateFrameworks/CoreUI.framework/Versions/A/CoreUI
0x000000010aeb1000 	/System/Library/Frameworks/CoreAudio.framework/Versions/A/CoreAudio
0x000000010b795000 	/System/Library/Frameworks/DiskArbitration.framework/Versions/A/DiskArbitration
0x000000010b7ae000 	/System/Library/PrivateFrameworks/MultitouchSupport.framework/Versions/A/MultitouchSupport
0x000000010b7f8000 	/usr/lib/libenergytrace.dylib
0x000000010b803000 	/System/Library/Frameworks/IOKit.framework/Versions/A/IOKit
0x000000010b902000 	/System/Library/Frameworks/CoreServices.framework/Versions/A/CoreServices
0x000000010b90c000 	/System/Library/PrivateFrameworks/PerformanceAnalysis.framework/Versions/A/PerformanceAnalysis
0x000000010b935000 	/System/Library/Frameworks/OpenGL.framework/Versions/A/OpenGL
0x000000010b957000 	/usr/lib/libobjc.A.dylib
0x000000010b9b2000 	/System/Library/Frameworks/ColorSync.framework/Versions/A/ColorSync
0x000000010bb13000 	/System/Library/Frameworks/CoreFoundation.framework/Versions/A/CoreFoundation
0x000000010c261000 	/System/Library/Frameworks/CoreImage.framework/Versions/A/CoreImage
0x000000010c7cb000 	/System/Library/Frameworks/CoreText.framework/Versions/A/CoreText
0x000000010ca76000 	/System/Library/Frameworks/ImageIO.framework/Versions/A/ImageIO
0x000000010cc7a000 	/usr/lib/libc++.1.dylib
0x000000010cd2a000 	/usr/lib/libcompression.dylib
0x000000010cd4f000 	/usr/lib/libMobileGestalt.dylib
0x000000010cdc3000 	/System/Library/PrivateFrameworks/TextureIO.framework/Versions/A/TextureIO
0x000000010ceb2000 	/usr/lib/libate.dylib
0x000000010cf5c000 	/System/Library/PrivateFrameworks/InternationalSupport.framework/Versions/A/InternationalSupport
0x000000010cf71000 	/usr/lib/system/libcache.dylib
0x000000010cf7f000 	/usr/lib/system/libcommonCrypto.dylib
0x000000010cf9b000 	/usr/lib/system/libcompiler_rt.dylib
0x000000010cfb8000 	/usr/lib/system/libcopyfile.dylib
0x000000010cfcd000 	/usr/lib/system/libcorecrypto.dylib
0x000000010d083000 	/usr/lib/system/libdispatch.dylib
0x000000010d108000 	/usr/lib/system/libdyld.dylib
0x000000010d16b000 	/usr/lib/system/libkeymgr.dylib
0x000000010d174000 	/usr/lib/system/liblaunch.dylib
0x000000010d17e000 	/usr/lib/system/libmacho.dylib
0x000000010d190000 	/usr/lib/system/libquarantine.dylib
0x000000010d19b000 	/usr/lib/system/libremovefile.dylib
0x000000010d1a4000 	/usr/lib/system/libsystem_asl.dylib
0x000000010d1d3000 	/usr/lib/system/libsystem_blocks.dylib
0x000000010d1de000 	/usr/lib/system/libsystem_c.dylib
0x000000010d296000 	/usr/lib/system/libsystem_configuration.dylib
0x000000010d2a3000 	/usr/lib/system/libsystem_coreservices.dylib
0x000000010d2b6000 	/usr/lib/system/libsystem_darwin.dylib
0x000000010d2d1000 	/usr/lib/system/libsystem_dnssd.dylib
0x000000010d2e7000 	/usr/lib/system/libsystem_featureflags.dylib
0x000000010d2f5000 	/usr/lib/system/libsystem_info.dylib
0x000000010d35f000 	/usr/lib/system/libsystem_m.dylib
0x000000010d3b9000 	/usr/lib/system/libsystem_malloc.dylib
0x000000010d3f5000 	/usr/lib/system/libsystem_networkextension.dylib
0x000000010d417000 	/usr/lib/system/libsystem_notify.dylib
0x000000010d42b000 	/usr/lib/system/libsystem_sandbox.dylib
0x000000010d43c000 	/usr/lib/system/libsystem_secinit.dylib
0x000000010d44b000 	/usr/lib/system/libsystem_kernel.dylib
0x000000010d49a000 	/usr/lib/system/libsystem_platform.dylib
0x000000010d4b0000 	/usr/lib/system/libsystem_pthread.dylib
0x000000010d4c9000 	/usr/lib/system/libsystem_symptoms.dylib
0x000000010d4dc000 	/usr/lib/system/libsystem_trace.dylib
0x000000010d508000 	/usr/lib/system/libunwind.dylib
0x000000010d51d000 	/usr/lib/system/libxpc.dylib
0x000000010d581000 	/usr/lib/libc++abi.dylib
0x000000010d5b8000 	/usr/lib/liblzma.5.dylib
0x000000010d5de000 	/usr/lib/libfakelink.dylib
0x000000010d5e9000 	/usr/lib/libarchive.2.dylib
0x000000010d673000 	/System/Library/Frameworks/SystemConfiguration.framework/Versions/A/SystemConfiguration
0x000000010d72b000 	/usr/lib/libCRFSuite.dylib
0x000000010d77d000 	/System/Library/Frameworks/CFNetwork.framework/Versions/A/CFNetwork
0x000000010dbf1000 	/usr/lib/libbsm.0.dylib
0x000000010dc10000 	/usr/lib/system/libkxld.dylib
0x000000010dc27000 	/System/Library/PrivateFrameworks/AppleFSCompression.framework/Versions/A/AppleFSCompression
0x000000010dc44000 	/usr/lib/libcoretls.dylib
0x000000010dc6e000 	/usr/lib/libcoretls_cfhelpers.dylib
0x000000010dc7b000 	/usr/lib/libpam.2.dylib
0x000000010dc8f000 	/usr/lib/libsqlite3.dylib
0x000000010dea9000 	/usr/lib/libxar.1.dylib
0x000000010dec8000 	/usr/lib/libbz2.1.0.dylib
0x000000010dedf000 	/usr/lib/libiconv.2.dylib
0x000000010dfe9000 	/usr/lib/libcharset.1.dylib
0x000000010dff1000 	/usr/lib/libnetwork.dylib
0x000000010e549000 	/usr/lib/libpcap.A.dylib
0x000000010e593000 	/usr/lib/libapple_nghttp2.dylib
0x000000010e5b8000 	/System/Library/Frameworks/CoreServices.framework/Versions/A/Frameworks/FSEvents.framework/Versions/A/FSEvents
0x000000010e7d7000 	/System/Library/Frameworks/CoreServices.framework/Versions/A/Frameworks/CarbonCore.framework/Versions/A/CarbonCore
0x000000010eb36000 	/System/Library/Frameworks/CoreServices.framework/Versions/A/Frameworks/Metadata.framework/Versions/A/Metadata
0x000000010e5cb000 	/System/Library/Frameworks/CoreServices.framework/Versions/A/Frameworks/OSServices.framework/Versions/A/OSServices
0x000000010e626000 	/System/Library/Frameworks/CoreServices.framework/Versions/A/Frameworks/SearchKit.framework/Versions/A/SearchKit
0x000000010ec4d000 	/System/Library/Frameworks/CoreServices.framework/Versions/A/Frameworks/AE.framework/Versions/A/AE
0x000000010ecf1000 	/System/Library/Frameworks/CoreServices.framework/Versions/A/Frameworks/LaunchServices.framework/Versions/A/LaunchServices
0x000000010f095000 	/System/Library/Frameworks/CoreServices.framework/Versions/A/Frameworks/DictionaryServices.framework/Versions/A/DictionaryServices
0x000000010f11a000 	/System/Library/Frameworks/CoreServices.framework/Versions/A/Frameworks/SharedFileList.framework/Versions/A/SharedFileList
0x000000010f168000 	/System/Library/Frameworks/NetFS.framework/Versions/A/NetFS
0x000000010f180000 	/System/Library/PrivateFrameworks/NetAuth.framework/Versions/A/NetAuth
0x000000010f198000 	/System/Library/PrivateFrameworks/login.framework/Versions/A/Frameworks/loginsupport.framework/Versions/A/loginsupport
0x000000010f1a3000 	/System/Library/PrivateFrameworks/TCC.framework/Versions/A/TCC
0x000000010f1c6000 	/System/Library/PrivateFrameworks/CoreNLP.framework/Versions/A/CoreNLP
0x000000010f291000 	/System/Library/PrivateFrameworks/MetadataUtilities.framework/Versions/A/MetadataUtilities
0x000000010f322000 	/usr/lib/libmecabra.dylib
0x000000010f5e6000 	/usr/lib/libmecab.dylib
0x000000010f6ad000 	/usr/lib/libgermantok.dylib
0x000000010f6ba000 	/usr/lib/libThaiTokenizer.dylib
0x000000010f6c3000 	/usr/lib/libChineseTokenizer.dylib
0x000000010f6de000 	/System/Library/Frameworks/Accelerate.framework/Versions/A/Frameworks/vImage.framework/Versions/A/vImage
0x0000000105e16000 	/System/Library/Frameworks/Accelerate.framework/Versions/A/Frameworks/vecLib.framework/Versions/A/vecLib
0x000000010fd97000 	/System/Library/Frameworks/Accelerate.framework/Versions/A/Frameworks/vecLib.framework/Versions/A/libvMisc.dylib
0x000000010fe69000 	/System/Library/Frameworks/Accelerate.framework/Versions/A/Frameworks/vecLib.framework/Versions/A/libvDSP.dylib
0x0000000110051000 	/System/Library/Frameworks/Accelerate.framework/Versions/A/Frameworks/vecLib.framework/Versions/A/libBLAS.dylib
0x00000001102cf000 	/System/Library/Frameworks/Accelerate.framework/Versions/A/Frameworks/vecLib.framework/Versions/A/libLAPACK.dylib
0x00000001106bc000 	/System/Library/Frameworks/Accelerate.framework/Versions/A/Frameworks/vecLib.framework/Versions/A/libLinearAlgebra.dylib
0x00000001106dc000 	/System/Library/Frameworks/Accelerate.framework/Versions/A/Frameworks/vecLib.framework/Versions/A/libSparseBLAS.dylib
0x00000001106f9000 	/System/Library/Frameworks/Accelerate.framework/Versions/A/Frameworks/vecLib.framework/Versions/A/libQuadrature.dylib
0x0000000110705000 	/System/Library/Frameworks/Accelerate.framework/Versions/A/Frameworks/vecLib.framework/Versions/A/libBNNS.dylib
0x0000000110bf1000 	/System/Library/Frameworks/Accelerate.framework/Versions/A/Frameworks/vecLib.framework/Versions/A/libSparse.dylib
0x0000000110c76000 	/System/Library/PrivateFrameworks/LanguageModeling.framework/Versions/A/LanguageModeling
0x0000000110d6b000 	/System/Library/PrivateFrameworks/CoreEmoji.framework/Versions/A/CoreEmoji
0x0000000110d87000 	/System/Library/PrivateFrameworks/LinguisticData.framework/Versions/A/LinguisticData
0x0000000110d97000 	/System/Library/PrivateFrameworks/Lexicon.framework/Versions/A/Lexicon
0x0000000110df2000 	/usr/lib/libcmph.dylib
0x0000000110e0f000 	/System/Library/Frameworks/OpenDirectory.framework/Versions/A/Frameworks/CFOpenDirectory.framework/Versions/A/CFOpenDirectory
0x0000000110e4e000 	/System/Library/Frameworks/OpenDirectory.framework/Versions/A/OpenDirectory
0x0000000110e72000 	/System/Library/PrivateFrameworks/APFS.framework/Versions/A/APFS
0x0000000110f56000 	/System/Library/Frameworks/SecurityFoundation.framework/Versions/A/SecurityFoundation
0x000000011105e000 	/usr/lib/libutil.dylib
0x000000011106a000 	/System/Library/PrivateFrameworks/CoreServicesStore.framework/Versions/A/CoreServicesStore
0x00000001110b7000 	/System/Library/Frameworks/ServiceManagement.framework/Versions/A/ServiceManagement
0x00000001110c6000 	/System/Library/PrivateFrameworks/BackgroundTaskManagement.framework/Versions/A/BackgroundTaskManagement
0x00000001110df000 	/usr/lib/libxslt.1.dylib
0x0000000111117000 	/System/Library/PrivateFrameworks/AppleSystemInfo.framework/Versions/A/AppleSystemInfo
0x0000000111125000 	/System/Library/Frameworks/ImageIO.framework/Versions/A/Resources/libJPEG.dylib
0x0000000111153000 	/System/Library/Frameworks/ImageIO.framework/Versions/A/Resources/libTIFF.dylib
0x00000001111ad000 	/System/Library/Frameworks/ImageIO.framework/Versions/A/Resources/libPng.dylib
0x00000001111d3000 	/System/Library/Frameworks/ImageIO.framework/Versions/A/Resources/libGIF.dylib
0x00000001111de000 	/System/Library/Frameworks/ImageIO.framework/Versions/A/Resources/libJP2.dylib
0x00000001112ca000 	/System/Library/Frameworks/ImageIO.framework/Versions/A/Resources/libRadiance.dylib
0x00000001112d2000 	/usr/lib/libexpat.1.dylib
0x00000001112f6000 	/System/Library/PrivateFrameworks/AppleJPEG.framework/Versions/A/AppleJPEG
0x000000011134e000 	/System/Library/PrivateFrameworks/FontServices.framework/libFontParser.dylib
0x0000000111510000 	/System/Library/PrivateFrameworks/WatchdogClient.framework/Versions/A/WatchdogClient
0x0000000111519000 	/System/Library/PrivateFrameworks/IOAccelerator.framework/Versions/A/IOAccelerator
0x0000000111530000 	/System/Library/Frameworks/MetalPerformanceShaders.framework/Versions/A/MetalPerformanceShaders
0x0000000111538000 	/System/Library/PrivateFrameworks/GPUWrangler.framework/Versions/A/GPUWrangler
0x0000000111549000 	/System/Library/PrivateFrameworks/IOPresentment.framework/Versions/A/IOPresentment
0x000000011157f000 	/System/Library/PrivateFrameworks/DSExternalDisplay.framework/Versions/A/DSExternalDisplay
0x000000011158d000 	/System/Library/Frameworks/OpenGL.framework/Versions/A/Libraries/libCoreFSCache.dylib
0x000000011159b000 	/System/Library/Frameworks/MetalPerformanceShaders.framework/Frameworks/MPSCore.framework/Versions/A/MPSCore
0x00000001115fb000 	/System/Library/Frameworks/MetalPerformanceShaders.framework/Frameworks/MPSImage.framework/Versions/A/MPSImage
0x00000001116ce000 	/System/Library/Frameworks/MetalPerformanceShaders.framework/Frameworks/MPSNeuralNetwork.framework/Versions/A/MPSNeuralNetwork
0x00000001118b5000 	/System/Library/Frameworks/MetalPerformanceShaders.framework/Frameworks/MPSMatrix.framework/Versions/A/MPSMatrix
0x00000001118ed000 	/System/Library/Frameworks/MetalPerformanceShaders.framework/Frameworks/MPSRayIntersector.framework/Versions/A/MPSRayIntersector
0x0000000111953000 	/System/Library/Frameworks/MetalPerformanceShaders.framework/Frameworks/MPSNDArray.framework/Versions/A/MPSNDArray
0x0000000111989000 	/System/Library/PrivateFrameworks/MetalTools.framework/Versions/A/MetalTools
0x0000000111b85000 	/System/Library/PrivateFrameworks/AggregateDictionary.framework/Versions/A/AggregateDictionary
0x0000000111b8e000 	/System/Library/PrivateFrameworks/CoreAnalytics.framework/Versions/A/CoreAnalytics
0x0000000111bd6000 	/System/Library/PrivateFrameworks/AppleSauce.framework/Versions/A/AppleSauce
0x0000000111c05000 	/usr/lib/libIOReport.dylib
0x0000000111c15000 	/System/Library/Frameworks/CoreVideo.framework/Versions/A/CoreVideo
0x0000000111c89000 	/System/Library/PrivateFrameworks/GraphVisualizer.framework/Versions/A/GraphVisualizer
0x0000000111ca5000 	/System/Library/PrivateFrameworks/FaceCore.framework/Versions/A/FaceCore
0x00000001122c7000 	/System/Library/Frameworks/OpenCL.framework/Versions/A/OpenCL
0x000000011233b000 	/usr/lib/libFosl_dynamic.dylib
0x0000000112521000 	/System/Library/PrivateFrameworks/OTSVG.framework/Versions/A/OTSVG
0x00000001125ba000 	/System/Library/Frameworks/ApplicationServices.framework/Versions/A/Frameworks/ATS.framework/Versions/A/Resources/libFontRegistry.dylib
0x000000011262d000 	/System/Library/PrivateFrameworks/FontServices.framework/libhvf.dylib
0x000000011265f000 	/System/Library/Frameworks/OpenGL.framework/Versions/A/Libraries/libGFXShared.dylib
0x0000000112671000 	/System/Library/Frameworks/OpenGL.framework/Versions/A/Libraries/libGLU.dylib
0x00000001126c0000 	/System/Library/Frameworks/OpenGL.framework/Versions/A/Libraries/libGL.dylib
0x00000001126e1000 	/System/Library/Frameworks/OpenGL.framework/Versions/A/Libraries/libGLImage.dylib
0x0000000112720000 	/System/Library/Frameworks/OpenGL.framework/Versions/A/Libraries/libCVMSPluginSupport.dylib
0x000000011272a000 	/System/Library/Frameworks/OpenGL.framework/Versions/A/Libraries/libCoreVMClient.dylib
0x0000000112738000 	/usr/lib/libncurses.5.4.dylib
0x000000011277c000 	/System/Library/Frameworks/ApplicationServices.framework/Versions/A/Frameworks/ATS.framework/Versions/A/ATS
0x0000000112818000 	/System/Library/Frameworks/ApplicationServices.framework/Versions/A/Frameworks/ColorSyncLegacy.framework/Versions/A/ColorSyncLegacy
0x0000000112827000 	/System/Library/Frameworks/ApplicationServices.framework/Versions/A/Frameworks/HIServices.framework/Versions/A/HIServices
0x00000001128bd000 	/System/Library/Frameworks/ApplicationServices.framework/Versions/A/Frameworks/LangAnalysis.framework/Versions/A/LangAnalysis
0x00000001128dc000 	/System/Library/Frameworks/ApplicationServices.framework/Versions/A/Frameworks/PrintCore.framework/Versions/A/PrintCore
0x000000011294f000 	/System/Library/Frameworks/ApplicationServices.framework/Versions/A/Frameworks/QD.framework/Versions/A/QD
0x0000000112972000 	/System/Library/Frameworks/ApplicationServices.framework/Versions/A/Frameworks/SpeechSynthesis.framework/Versions/A/SpeechSynthesis
0x0000000112998000 	/System/Library/Frameworks/ApplicationServices.framework/Versions/A/Frameworks/ATSUI.framework/Versions/A/ATSUI
0x00000001129dd000 	/usr/lib/libcups.2.dylib
0x0000000112a59000 	/System/Library/Frameworks/Kerberos.framework/Versions/A/Kerberos
0x0000000112a87000 	/System/Library/Frameworks/GSS.framework/Versions/A/GSS
0x0000000112b1b000 	/usr/lib/libresolv.9.dylib
0x0000000112b40000 	/System/Library/PrivateFrameworks/Heimdal.framework/Versions/A/Heimdal
0x0000000112c9f000 	/System/Library/Frameworks/Kerberos.framework/Versions/A/Libraries/libHeimdalProxy.dylib
0x0000000112ca9000 	/usr/lib/libheimdal-asn1.dylib
0x0000000112cc0000 	/System/Library/PrivateFrameworks/CommonAuth.framework/Versions/A/CommonAuth
0x0000000112ce0000 	/System/Library/PrivateFrameworks/AssertionServices.framework/Versions/A/AssertionServices
0x0000000112d06000 	/System/Library/PrivateFrameworks/AudioToolboxCore.framework/Versions/A/AudioToolboxCore
0x0000000113183000 	/System/Library/PrivateFrameworks/caulk.framework/Versions/A/caulk
0x00000001131bc000 	/System/Library/PrivateFrameworks/BaseBoard.framework/Versions/A/BaseBoard
0x00000001132d9000 	/System/Library/PrivateFrameworks/RunningBoardServices.framework/Versions/A/RunningBoardServices
0x0000000113364000 	/System/Library/PrivateFrameworks/PersistentConnection.framework/Versions/A/PersistentConnection
0x00000001133a9000 	/System/Library/PrivateFrameworks/ProtocolBuffer.framework/Versions/A/ProtocolBuffer
0x00000001133df000 	/System/Library/PrivateFrameworks/CommonUtilities.framework/Versions/A/CommonUtilities
0x000000011340c000 	/System/Library/PrivateFrameworks/Bom.framework/Versions/A/Bom
0x000000011345e000 	/usr/lib/libAudioToolboxUtility.dylib
0x00000001134bc000 	/System/Library/PrivateFrameworks/Backup.framework/Versions/A/Backup
0x00000001135f0000 	/System/Library/PrivateFrameworks/CrashReporterSupport.framework/Versions/A/CrashReporterSupport
0x000000011361c000 	/System/Library/PrivateFrameworks/Sharing.framework/Versions/A/Sharing
0x0000000113841000 	/System/Library/PrivateFrameworks/Apple80211.framework/Versions/A/Apple80211
0x0000000113875000 	/System/Library/PrivateFrameworks/AuthKit.framework/Versions/A/AuthKit
0x0000000113a20000 	/System/Library/PrivateFrameworks/CoreUtils.framework/Versions/A/CoreUtils
0x0000000113cea000 	/System/Library/Frameworks/CoreWLAN.framework/Versions/A/CoreWLAN
0x0000000113dde000 	/System/Library/Frameworks/IOBluetooth.framework/Versions/A/IOBluetooth
0x0000000113f8e000 	/System/Library/PrivateFrameworks/MobileKeyBag.framework/Versions/A/MobileKeyBag
0x0000000113fc9000 	/System/Library/PrivateFrameworks/CorePhoneNumbers.framework/Versions/A/CorePhoneNumbers
0x0000000113fdc000 	/System/Library/PrivateFrameworks/AppleIDAuthSupport.framework/Versions/A/AppleIDAuthSupport
0x0000000113ff8000 	/System/Library/Frameworks/Network.framework/Versions/A/Network
0x0000000114206000 	/System/Library/PrivateFrameworks/KeychainCircle.framework/Versions/A/KeychainCircle
0x0000000114249000 	/System/Library/Frameworks/CoreBluetooth.framework/Versions/A/CoreBluetooth
0x00000001142b3000 	/System/Library/PrivateFrameworks/SpeechRecognitionCore.framework/Versions/A/SpeechRecognitionCore
0x0000000115400000 	/Library/Java/JavaVirtualMachines/jdk-11.0.10.jdk/Contents/Home/lib/server/libjvm.dylib
0x00000001142e4000 	/Library/Java/JavaVirtualMachines/jdk-11.0.10.jdk/Contents/Home/lib/libverify.dylib
0x00000001142f4000 	/Library/Java/JavaVirtualMachines/jdk-11.0.10.jdk/Contents/Home/lib/libjava.dylib
0x0000000114320000 	/Library/Java/JavaVirtualMachines/jdk-11.0.10.jdk/Contents/Home/lib/libjimage.dylib
0x000000011432c000 	/Library/Java/JavaVirtualMachines/jdk-11.0.10.jdk/Contents/Home/lib/libinstrument.dylib
0x0000000114383000 	/Library/Java/JavaVirtualMachines/jdk-11.0.10.jdk/Contents/Home/lib/libzip.dylib
0x000000011439b000 	/Library/Java/JavaVirtualMachines/jdk-11.0.10.jdk/Contents/Home/lib/libnio.dylib
0x00000001143ad000 	/Library/Java/JavaVirtualMachines/jdk-11.0.10.jdk/Contents/Home/lib/libnet.dylib
0x00000001143c7000 	/Library/Java/JavaVirtualMachines/jdk-11.0.10.jdk/Contents/Home/lib/libmanagement.dylib
0x00000001143d1000 	/Library/Java/JavaVirtualMachines/jdk-11.0.10.jdk/Contents/Home/lib/libmanagement_ext.dylib
0x0000000136de8000 	/private/var/folders/dd/3cfnymvd7995xz0gw6p9zc040000gn/T/sqlite-3.30.1-35f62a3b-55d4-45f0-9c6c-8426f7ddf5ab-libsqlitejdbc.jnilib


VM Arguments:
jvm_args: -javaagent:/Users/andresbeckruiz/.m2/repository/org/jacoco/org.jacoco.agent/0.8.5/org.jacoco.agent-0.8.5-runtime.jar=destfile=/Users/andresbeckruiz/Desktop/cs0320/maps-1-2-abeckrui-mramesh4/target/jacoco.exec 
java_command: /Users/andresbeckruiz/Desktop/cs0320/maps-1-2-abeckrui-mramesh4/target/surefire/surefirebooter17478420774563159828.jar /Users/andresbeckruiz/Desktop/cs0320/maps-1-2-abeckrui-mramesh4/target/surefire 2021-03-02T03-52-37_209-jvmRun1 surefire15098461925128390723tmp surefire_08822685468938413567tmp
java_class_path (initial): /Users/andresbeckruiz/Desktop/cs0320/maps-1-2-abeckrui-mramesh4/target/surefire/surefirebooter17478420774563159828.jar
Launcher Type: SUN_STANDARD

[Global flags]
     intx CICompilerCount                          = 4                                         {product} {ergonomic}
     uint ConcGCThreads                            = 2                                         {product} {ergonomic}
     uint G1ConcRefinementThreads                  = 8                                         {product} {ergonomic}
   size_t G1HeapRegionSize                         = 1048576                                   {product} {ergonomic}
    uintx GCDrainStackTargetSize                   = 64                                        {product} {ergonomic}
   size_t InitialHeapSize                          = 134217728                                 {product} {ergonomic}
   size_t MarkStackSize                            = 4194304                                   {product} {ergonomic}
   size_t MaxHeapSize                              = 2147483648                                {product} {ergonomic}
   size_t MaxNewSize                               = 1287651328                                {product} {ergonomic}
   size_t MinHeapDeltaBytes                        = 1048576                                   {product} {ergonomic}
    uintx NonNMethodCodeHeapSize                   = 5836300                                {pd product} {ergonomic}
    uintx NonProfiledCodeHeapSize                  = 122910970                              {pd product} {ergonomic}
    uintx ProfiledCodeHeapSize                     = 122910970                              {pd product} {ergonomic}
    uintx ReservedCodeCacheSize                    = 251658240                              {pd product} {ergonomic}
     bool SegmentedCodeCache                       = true                                      {product} {ergonomic}
     bool UseCompressedClassPointers               = true                                 {lp64_product} {ergonomic}
     bool UseCompressedOops                        = true                                 {lp64_product} {ergonomic}
     bool UseG1GC                                  = true                                      {product} {ergonomic}

Logging:
Log output configuration:
 #0: stdout all=warning uptime,level,tags
 #1: stderr all=off uptime,level,tags

Environment Variables:
JAVA_HOME=/Library/Java/JavaVirtualMachines/jdk-11.0.10.jdk/Contents/Home
CLASSPATH=:/Users/andresbeckruiz/Desktop/cs15_TA/*:.
PATH=/Library/Frameworks/Python.framework/Versions/3.8/bin:/usr/local/bin:/usr/bin:/bin:/usr/sbin:/sbin:/opt/X11/bin:/Library/Apple/usr/bin:/Users/andresbeckruiz/Library/Android/sdk/emulator:/Users/andresbeckruiz/Library/Android/sdk/tools:/Users/andresbeckruiz/Library/Android/sdk/tools/bin:/Users/andresbeckruiz/Library/Android/sdk/platform-tools
SHELL=/bin/bash
DISPLAY=/private/tmp/com.apple.launchd.17jT5T6cMi/org.macosforge.xquartz:0

Signal Handlers:
SIGSEGV: [libjvm.dylib+0x7976a8], sa_mask[0]=11111111011111110111111111111111, sa_flags=SA_ONSTACK|SA_RESTART|SA_SIGINFO
SIGBUS: [libjvm.dylib+0x7976a8], sa_mask[0]=11111111011111110111111111111111, sa_flags=SA_RESTART|SA_SIGINFO
SIGFPE: [libjvm.dylib+0x7976a8], sa_mask[0]=11111111011111110111111111111111, sa_flags=SA_RESTART|SA_SIGINFO
SIGPIPE: [libjvm.dylib+0x647bd7], sa_mask[0]=11111111011111110111111111111111, sa_flags=SA_RESTART|SA_SIGINFO
SIGXFSZ: [libjvm.dylib+0x647bd7], sa_mask[0]=11111111011111110111111111111111, sa_flags=SA_RESTART|SA_SIGINFO
SIGILL: [libjvm.dylib+0x7976a8], sa_mask[0]=11111111011111110111111111111111, sa_flags=SA_RESTART|SA_SIGINFO
SIGUSR2: [libjvm.dylib+0x6481c1], sa_mask[0]=00100000000000000000000000000000, sa_flags=SA_RESTART|SA_SIGINFO
SIGHUP: [libjvm.dylib+0x646c1f], sa_mask[0]=11111111011111110111111111111111, sa_flags=SA_RESTART|SA_SIGINFO
SIGINT: [libjvm.dylib+0x646c1f], sa_mask[0]=11111111011111110111111111111111, sa_flags=SA_RESTART|SA_SIGINFO
SIGTERM: [libjvm.dylib+0x646c1f], sa_mask[0]=11111111011111110111111111111111, sa_flags=SA_RESTART|SA_SIGINFO
SIGQUIT: [libjvm.dylib+0x646c1f], sa_mask[0]=11111111011111110111111111111111, sa_flags=SA_RESTART|SA_SIGINFO


---------------  S Y S T E M  ---------------

OS:uname:Darwin 19.6.0 Darwin Kernel Version 19.6.0: Tue Jan 12 22:13:05 PST 2021; root:xnu-6153.141.16~1/RELEASE_X86_64 x86_64
rlimit: STACK 8192k, CORE 0k, NPROC 1392, NOFILE 10240, AS infinity, DATA infinity, FSIZE infinity
load average:2.31 2.61 2.53

CPU:total 8 (initial active 8) (4 cores per cpu, 2 threads per core) family 6 model 142 stepping 10 microcode 0xe0, cmov, cx8, fxsr, mmx, sse, sse2, sse3, ssse3, sse4.1, sse4.2, popcnt, avx, avx2, aes, clmul, erms, 3dnowpref, lzcnt, ht, tsc, tscinvbit, bmi1, bmi2, adx, fma

Memory: 4k page, physical 8388608k(284676k free)

vm_info: Java HotSpot(TM) 64-Bit Server VM (11.0.10+8-LTS-162) for bsd-amd64 JRE (11.0.10+8-LTS-162), built on Dec  8 2020 16:31:04 by "mach5one" with gcc 4.2.1 Compatible Apple LLVM 10.0.0 (clang-1000.11.45.5)

END.
