#
# A fatal error has been detected by the Java Runtime Environment:
#
#  SIGSEGV (0xb) at pc=0x0000000107d63d33, pid=17824, tid=33539
#
# JRE version: Java(TM) SE Runtime Environment 18.9 (11.0.10+8) (build 11.0.10+8-LTS-162)
# Java VM: Java HotSpot(TM) 64-Bit Server VM 18.9 (11.0.10+8-LTS-162, mixed mode, tiered, compressed oops, g1 gc, bsd-amd64)
# Problematic frame:
# V  [libjvm.dylib+0x2fed33]  void G1ParScanThreadState::update_rs<unsigned int>(HeapRegion*, unsigned int*, oopDesc*)+0x33
#
# No core dump will be written. Core dumps have been disabled. To enable core dumping, try "ulimit -c unlimited" before starting Java again
#
# If you would like to submit a bug report, please visit:
#   https://bugreport.java.com/bugreport/crash.jsp
#

---------------  S U M M A R Y ------------

Command Line: -ea edu.brown.cs.mramesh4.maps.Main --gui

Host: MacBookPro15,4 x86_64 1400 MHz, 8 cores, 8G, Darwin 20.3.0
Time: Wed Mar 17 15:56:08 2021 EDT elapsed time: 13.862009 seconds (0d 0h 0m 13s)

---------------  T H R E A D  ---------------

Current thread (0x00007f7f5faf6000):  GCTaskThread "GC Thread#5" [stack: 0x000070000ad6c000,0x000070000ae6c000] [id=33539]

Stack: [0x000070000ad6c000,0x000070000ae6c000],  sp=0x000070000ae6bc40,  free space=1023k
Native frames: (J=compiled Java code, A=aot compiled Java code, j=interpreted, Vv=VM code, C=native code)
V  [libjvm.dylib+0x2fed33]  void G1ParScanThreadState::update_rs<unsigned int>(HeapRegion*, unsigned int*, oopDesc*)+0x33
V  [libjvm.dylib+0x3278dd]  void OopOopIterateBackwardsDispatch<G1ScanEvacuatedObjClosure>::Table::oop_oop_iterate_backwards<InstanceKlass, unsigned int>(G1ScanEvacuatedObjClosure*, oopDesc*, Klass*)+0x6d
V  [libjvm.dylib+0x3272fc]  G1ParScanThreadState::copy_to_survivor_space(InCSetState, oopDesc*, markOopDesc*)+0x4a2
V  [libjvm.dylib+0x2fec94]  void G1ParScanThreadState::do_oop_evac<unsigned int>(unsigned int*)+0xc4
V  [libjvm.dylib+0x32d6d0]  G1ParScanThreadState::trim_queue_to_threshold(unsigned int)+0x1b0
V  [libjvm.dylib+0x326d00]  G1ParScanThreadState::trim_queue()+0x1a
V  [libjvm.dylib+0x2fd269]  G1ParEvacuateFollowersClosure::do_void()+0x6b
V  [libjvm.dylib+0x300187]  G1ParTask::work(unsigned int)+0x133
V  [libjvm.dylib+0x7bee65]  GangWorker::loop()+0x43
V  [libjvm.dylib+0x741b1a]  Thread::call_run()+0x68
V  [libjvm.dylib+0x645b53]  thread_native_entry(Thread*)+0x139
C  [libsystem_pthread.dylib+0x6950]  _pthread_start+0xe0
C  [libsystem_pthread.dylib+0x247b]  thread_start+0xf


siginfo: si_signo: 11 (SIGSEGV), si_code: 1 (SEGV_MAPERR), si_addr: 0x00000000000000f8

Register to memory mapping:

RAX=0x0 is NULL
RBX=0x00000007871d4d24 is pointing into object: edu.brown.cs.mramesh4.KDTree.KDNode 
{0x00000007871d4d08} - klass: 'edu/brown/cs/mramesh4/KDTree/KDNode'
RCX=0x00007f7f5e7e7000 points into unknown readable memory: 00 00 00 00 00 00 00 00
RDX=0x00007f7f5e811c00 points into unknown readable memory: 00 ea 38 08 01 00 00 00
RSP=0x000070000ae6bc40 points into unknown readable memory: 24 4d 1d 87 07 00 00 00
RBP=0x000070000ae6bc50 points into unknown readable memory: 90 bc e6 0a 00 70 00 00
RSI=0x00007f7f5e445330 points into unknown readable memory: e0 2b 39 08 01 00 00 00
RDI=0x00007f7f6242bda0 points into unknown readable memory: d0 09 39 08 01 00 00 00
R8 =0x00000007871d4d08 is an oop: edu.brown.cs.mramesh4.KDTree.KDNode 
{0x00000007871d4d08} - klass: 'edu/brown/cs/mramesh4/KDTree/KDNode'
R9 =0x0000000000000005 is an unknown value
R10=0x00007f7f6242c190 points into unknown readable memory: 00 00 00 00 00 00 00 00
R11=0xfffffffffca25250 is an unknown value
R12=0x00007f7f6242bf10 points into unknown readable memory: f8 09 39 08 01 00 00 00
R13=0x0000000800112070 is pointing into metadata
R14=0x00007f7f6242bda0 points into unknown readable memory: d0 09 39 08 01 00 00 00
R15=0x0000000800112070 is pointing into metadata


Registers:
RAX=0x0000000000000000, RBX=0x00000007871d4d24, RCX=0x00007f7f5e7e7000, RDX=0x00007f7f5e811c00
RSP=0x000070000ae6bc40, RBP=0x000070000ae6bc50, RSI=0x00007f7f5e445330, RDI=0x00007f7f6242bda0
R8 =0x00000007871d4d08, R9 =0x0000000000000005, R10=0x00007f7f6242c190, R11=0xfffffffffca25250
R12=0x00007f7f6242bf10, R13=0x0000000800112070, R14=0x00007f7f6242bda0, R15=0x0000000800112070
RIP=0x0000000107d63d33, EFLAGS=0x0000000000010206, ERR=0x0000000000000004
  TRAPNO=0x000000000000000e

Top of Stack: (sp=0x000070000ae6bc40)
0x000070000ae6bc40:   00000007871d4d24 00000007871d4d1c
0x000070000ae6bc50:   000070000ae6bc90 0000000107d8c8dd
0x000070000ae6bc60:   00000007871d4d08 0000000000007871
0x000070000ae6bc70:   00000007871d4d08 0000000789cd7548
0x000070000ae6bc80:   0000000000000005 00007f7f6242bda0
0x000070000ae6bc90:   000070000ae6bd10 0000000107d8c2fc
0x000070000ae6bca0:   000000078700486d 0000000000000005
0x000070000ae6bcb0:   0000000000000001 0000000100112070
0x000070000ae6bcc0:   000000000000000d 00000007871d4d08
0x000070000ae6bcd0:   000000000000000d 0000000000000005
0x000070000ae6bce0:   0000000787004802 0000000789cd7548
0x000070000ae6bcf0:   00000007871d4cf4 00007f7f5e41dc50
0x000070000ae6bd00:   00007f7f6242bda0 00000001083cedd8
0x000070000ae6bd10:   000070000ae6bd40 0000000107d63c94
0x000070000ae6bd20:   00008f5f00000e47 000000000001ffff
0x000070000ae6bd30:   0000000000000000 00007f7f6242bda0
0x000070000ae6bd40:   000070000ae6bd90 0000000107d926d0
0x000070000ae6bd50:   0000000000000002 00000007871d4cf5
0x000070000ae6bd60:   0000000700000e47 00007f7f00008f5e
0x000070000ae6bd70:   00007f7f6242bda0 000070000ae6bdc0
0x000070000ae6bd80:   000000000001ffff 00007f7f6242bf38
0x000070000ae6bd90:   000070000ae6bdb0 0000000107d8bd00
0x000070000ae6bda0:   00007f7f6242bda0 000070000ae6be08
0x000070000ae6bdb0:   000070000ae6bdf0 0000000107d62269
0x000070000ae6bdc0:   0000000786f42ce1 000070000ae6be08
0x000070000ae6bdd0:   0000700008c02590 0000000000000000
0x000070000ae6bde0:   0000000000000002 00007f7f6242bda0
0x000070000ae6bdf0:   000070000ae6bf00 0000000107d65187
0x000070000ae6be00:   000070000b174b48 000000010838eca0
0x000070000ae6be10:   0000000000000000 0000000000000000
0x000070000ae6be20:   0000000000000000 00007f7f5e811c00
0x000070000ae6be30:   00007f7f6242bda0 00007f7f5e41dc50 

Instructions: (pc=0x0000000107d63d33)
0x0000000107d63d13:   01 00 00 f6 c1 02 75 66 49 8b 56 08 8a 8a c0 02
0x0000000107d63d23:   00 00 48 d3 e8 48 8b 8a b0 02 00 00 48 8b 04 c1
0x0000000107d63d33:   48 8b 80 f8 00 00 00 83 b8 18 01 00 00 00 74 3e
0x0000000107d63d43:   49 8b 7e 50 48 c1 eb 09 48 03 5f 48 48 2b 5f 40 

Stack slot to memory mapping:
stack at sp + 0 slots: 0x00000007871d4d24 is pointing into object: edu.brown.cs.mramesh4.KDTree.KDNode 
{0x00000007871d4d08} - klass: 'edu/brown/cs/mramesh4/KDTree/KDNode'
stack at sp + 1 slots: 0x00000007871d4d1c is pointing into object: edu.brown.cs.mramesh4.KDTree.KDNode 
{0x00000007871d4d08} - klass: 'edu/brown/cs/mramesh4/KDTree/KDNode'
stack at sp + 2 slots: 0x000070000ae6bc90 points into unknown readable memory: 10 bd e6 0a 00 70 00 00
stack at sp + 3 slots: 0x0000000107d8c8dd: _ZN30OopOopIterateBackwardsDispatchI25G1ScanEvacuatedObjClosureE5Table25oop_oop_iterate_backwardsI13InstanceKlassjEEvPS0_P7oopDescP5Klass+0x6d in /Library/Java/JavaVirtualMachines/jdk-11.0.10.jdk/Contents/Home/lib/server/libjvm.dylib at 0x0000000107a65000
stack at sp + 4 slots: 0x00000007871d4d08 is an oop: edu.brown.cs.mramesh4.KDTree.KDNode 
{0x00000007871d4d08} - klass: 'edu/brown/cs/mramesh4/KDTree/KDNode'
stack at sp + 5 slots: 0x0000000000007871 is an unknown value
stack at sp + 6 slots: 0x00000007871d4d08 is an oop: edu.brown.cs.mramesh4.KDTree.KDNode 
{0x00000007871d4d08} - klass: 'edu/brown/cs/mramesh4/KDTree/KDNode'
stack at sp + 7 slots: 0x0000000789cd7548 is an oop: edu.brown.cs.mramesh4.KDTree.KDNode 
{0x0000000789cd7548} - klass: 'edu/brown/cs/mramesh4/KDTree/KDNode'


---------------  P R O C E S S  ---------------

Threads class SMR info:
_java_thread_list=0x00007f7f5e56aac0, length=21, elements={
0x00007f7f5f80b800, 0x00007f7f63008800, 0x00007f7f61019800, 0x00007f7f5f847000,
0x00007f7f6101a000, 0x00007f7f6101b000, 0x00007f7f60808800, 0x00007f7f5f813000,
0x00007f7f5f029800, 0x00007f7f6081c800, 0x00007f7f6085d800, 0x00007f7f60855800,
0x00007f7f6384e800, 0x00007f7f611bb800, 0x00007f7f60856800, 0x00007f7f5e9de800,
0x00007f7f6384f800, 0x00007f7f6086e800, 0x00007f7f5f9bf000, 0x00007f7f5faf5800,
0x00007f7f63850800
}

Java Threads: ( => current thread )
  0x00007f7f5f80b800 JavaThread "main" [_thread_in_native, id=10243, stack(0x00007000084f1000,0x00007000085f1000)]
  0x00007f7f63008800 JavaThread "Reference Handler" daemon [_thread_blocked, id=19715, stack(0x0000700008c06000,0x0000700008d06000)]
  0x00007f7f61019800 JavaThread "Finalizer" daemon [_thread_blocked, id=15363, stack(0x0000700008d09000,0x0000700008e09000)]
  0x00007f7f5f847000 JavaThread "Signal Dispatcher" daemon [_thread_blocked, id=43267, stack(0x0000700008f12000,0x0000700009012000)]
  0x00007f7f6101a000 JavaThread "C2 CompilerThread0" daemon [_thread_in_native, id=43011, stack(0x0000700009015000,0x0000700009115000)]
  0x00007f7f6101b000 JavaThread "C1 CompilerThread0" daemon [_thread_blocked, id=42499, stack(0x0000700009118000,0x0000700009218000)]
  0x00007f7f60808800 JavaThread "Sweeper thread" daemon [_thread_blocked, id=23043, stack(0x000070000921b000,0x000070000931b000)]
  0x00007f7f5f813000 JavaThread "Service Thread" daemon [_thread_blocked, id=23299, stack(0x000070000931e000,0x000070000941e000)]
  0x00007f7f5f029800 JavaThread "Common-Cleaner" daemon [_thread_blocked, id=40451, stack(0x0000700009524000,0x0000700009624000)]
  0x00007f7f6081c800 JavaThread "Thread-0" [_thread_blocked, id=37123, stack(0x000070000a24b000,0x000070000a34b000)]
  0x00007f7f6085d800 JavaThread "qtp473567995-14" [_thread_in_native, id=36611, stack(0x000070000a34e000,0x000070000a44e000)]
  0x00007f7f60855800 JavaThread "qtp473567995-15" [_thread_in_native, id=27651, stack(0x000070000a451000,0x000070000a551000)]
  0x00007f7f6384e800 JavaThread "qtp473567995-16" [_thread_blocked, id=36099, stack(0x000070000a554000,0x000070000a654000)]
  0x00007f7f611bb800 JavaThread "qtp473567995-17" [_thread_in_native, id=35843, stack(0x000070000a657000,0x000070000a757000)]
  0x00007f7f60856800 JavaThread "qtp473567995-18-acceptor-0@33d86f28-ServerConnector@65edbd8{HTTP/1.1,[http/1.1]}{0.0.0.0:4567}" [_thread_in_native, id=35331, stack(0x000070000a75a000,0x000070000a85a000)]
  0x00007f7f5e9de800 JavaThread "qtp473567995-19" [_thread_blocked, id=29699, stack(0x000070000a85d000,0x000070000a95d000)]
  0x00007f7f6384f800 JavaThread "qtp473567995-20" [_thread_in_native, id=30211, stack(0x000070000a960000,0x000070000aa60000)]
  0x00007f7f6086e800 JavaThread "qtp473567995-21" [_thread_blocked, id=30979, stack(0x000070000aa63000,0x000070000ab63000)]
  0x00007f7f5f9bf000 JavaThread "Session-HouseKeeper-3088e3c" [_thread_blocked, id=34307, stack(0x000070000ab66000,0x000070000ac66000)]
  0x00007f7f5faf5800 JavaThread "Connector-Scheduler-65edbd8" [_thread_blocked, id=33795, stack(0x000070000ac69000,0x000070000ad69000)]
  0x00007f7f63850800 JavaThread "qtp473567995-24" [_thread_blocked, id=32259, stack(0x000070000b075000,0x000070000b175000)]

Other Threads:
  0x00007f7f5f020000 VMThread "VM Thread" [stack: 0x0000700008b03000,0x0000700008c03000] [id=14595]
  0x00007f7f5f023000 WatcherThread [stack: 0x0000700009421000,0x0000700009521000] [id=41219]
  0x00007f7f5e81f000 GCTaskThread "GC Thread#0" [stack: 0x00007000085f4000,0x00007000086f4000] [id=11779]
  0x00007f7f6134f800 GCTaskThread "GC Thread#1" [stack: 0x0000700009627000,0x0000700009727000] [id=40195]
  0x00007f7f61350000 GCTaskThread "GC Thread#2" [stack: 0x000070000972a000,0x000070000982a000] [id=39939]
  0x00007f7f5e98e800 GCTaskThread "GC Thread#3" [stack: 0x0000700009f42000,0x000070000a042000] [id=38403]
  0x00007f7f60817800 GCTaskThread "GC Thread#4" [stack: 0x000070000a148000,0x000070000a248000] [id=26627]
=>0x00007f7f5faf6000 GCTaskThread "GC Thread#5" [stack: 0x000070000ad6c000,0x000070000ae6c000] [id=33539]
  0x00007f7f613c3800 GCTaskThread "GC Thread#6" [stack: 0x000070000ae6f000,0x000070000af6f000] [id=31491]
  0x00007f7f612c9800 GCTaskThread "GC Thread#7" [stack: 0x000070000af72000,0x000070000b072000] [id=33027]
  0x00007f7f5e83f800 ConcurrentGCThread "G1 Main Marker" [stack: 0x00007000086f7000,0x00007000087f7000] [id=12291]
  0x00007f7f5e840800 ConcurrentGCThread "G1 Conc#0" [stack: 0x00007000087fa000,0x00007000088fa000] [id=21251]
  0x00007f7f6380d800 ConcurrentGCThread "G1 Conc#1" [stack: 0x000070000a045000,0x000070000a145000] [id=37891]
  0x00007f7f5e8a1000 ConcurrentGCThread "G1 Refine#0" [stack: 0x00007000088fd000,0x00007000089fd000] [id=20995]
  0x00007f7f5f25f800 ConcurrentGCThread "G1 Refine#1" [stack: 0x000070000982d000,0x000070000992d000] [id=24323]
  0x00007f7f63815800 ConcurrentGCThread "G1 Refine#2" [stack: 0x0000700009930000,0x0000700009a30000] [id=24835]
  0x00007f7f60815800 ConcurrentGCThread "G1 Refine#3" [stack: 0x0000700009a33000,0x0000700009b33000] [id=39427]
  0x00007f7f6289c800 ConcurrentGCThread "G1 Refine#4" [stack: 0x0000700009b36000,0x0000700009c36000] [id=25347]
  0x00007f7f63816000 ConcurrentGCThread "G1 Refine#5" [stack: 0x0000700009c39000,0x0000700009d39000] [id=39171]
  0x00007f7f63817000 ConcurrentGCThread "G1 Refine#6" [stack: 0x0000700009d3c000,0x0000700009e3c000] [id=38915]
  0x00007f7f6128b000 ConcurrentGCThread "G1 Refine#7" [stack: 0x0000700009e3f000,0x0000700009f3f000] [id=38659]
  0x00007f7f5e8a2000 ConcurrentGCThread "G1 Young RemSet Sampling" [stack: 0x0000700008a00000,0x0000700008b00000] [id=13827]

Threads with active compile tasks:
C2 CompilerThread0  13880 1399       4       com.google.gson.stream.JsonWriter::string (169 bytes)

VM state:at safepoint (normal execution)

VM Mutex/Monitor currently owned by a thread:  ([mutex/lock_event])
[0x00007f7f5e706140] Threads_lock - owner thread: 0x00007f7f5f020000
[0x00007f7f5e706840] Heap_lock - owner thread: 0x00007f7f6384e800

Heap address: 0x0000000780000000, size: 2048 MB, Compressed Oops mode: Zero based, Oop shift amount: 3
Narrow klass base: 0x0000000800000000, Narrow klass shift: 0
Compressed class space size: 1073741824 Address: 0x0000000800000000

Heap:
 garbage-first heap   total 220160K, used 125998K [0x0000000780000000, 0x0000000800000000)
  region size 1024K, 13 young (13312K), 4 survivors (4096K)
 Metaspace       used 18327K, capacity 18644K, committed 18944K, reserved 1067008K
  class space    used 1909K, capacity 2022K, committed 2048K, reserved 1048576K
Heap Regions: E=young(eden), S=young(survivor), O=old, HS=humongous(starts), HC=humongous(continues), CS=collection set, F=free, A=archive, TAMS=top-at-mark-start (previous, next)
|   0|0x0000000780000000, 0x0000000780100000, 0x0000000780100000|100%| O|  |TAMS 0x0000000780100000, 0x0000000780100000| Untracked 
|   1|0x0000000780100000, 0x0000000780200000, 0x0000000780200000|100%| O|  |TAMS 0x0000000780200000, 0x0000000780200000| Untracked 
|   2|0x0000000780200000, 0x0000000780300000, 0x0000000780300000|100%| O|  |TAMS 0x0000000780300000, 0x0000000780300000| Untracked 
|   3|0x0000000780300000, 0x0000000780400000, 0x0000000780400000|100%| O|  |TAMS 0x0000000780400000, 0x0000000780400000| Untracked 
|   4|0x0000000780400000, 0x0000000780500000, 0x0000000780500000|100%| O|  |TAMS 0x0000000780500000, 0x0000000780500000| Untracked 
|   5|0x0000000780500000, 0x0000000780600000, 0x0000000780600000|100%| O|  |TAMS 0x0000000780600000, 0x0000000780600000| Untracked 
|   6|0x0000000780600000, 0x0000000780700000, 0x0000000780700000|100%| O|  |TAMS 0x0000000780700000, 0x0000000780700000| Untracked 
|   7|0x0000000780700000, 0x0000000780800000, 0x0000000780800000|100%| O|  |TAMS 0x0000000780800000, 0x0000000780800000| Untracked 
|   8|0x0000000780800000, 0x0000000780900000, 0x0000000780900000|100%| O|  |TAMS 0x0000000780900000, 0x0000000780900000| Untracked 
|   9|0x0000000780900000, 0x0000000780a00000, 0x0000000780a00000|100%| O|  |TAMS 0x0000000780a00000, 0x0000000780a00000| Untracked 
|  10|0x0000000780a00000, 0x0000000780b00000, 0x0000000780b00000|100%| O|  |TAMS 0x0000000780a00000, 0x0000000780b00000| Untracked 
|  11|0x0000000780b00000, 0x0000000780c00000, 0x0000000780c00000|100%| O|  |TAMS 0x0000000780c00000, 0x0000000780c00000| Untracked 
|  12|0x0000000780c00000, 0x0000000780d00000, 0x0000000780d00000|100%| O|  |TAMS 0x0000000780d00000, 0x0000000780d00000| Untracked 
|  13|0x0000000780d00000, 0x0000000780e00000, 0x0000000780e00000|100%| O|  |TAMS 0x0000000780e00000, 0x0000000780e00000| Untracked 
|  14|0x0000000780e00000, 0x0000000780f00000, 0x0000000780f00000|100%| O|  |TAMS 0x0000000780f00000, 0x0000000780f00000| Untracked 
|  15|0x0000000780f00000, 0x0000000781000000, 0x0000000781000000|100%| O|  |TAMS 0x0000000781000000, 0x0000000781000000| Untracked 
|  16|0x0000000781000000, 0x0000000781100000, 0x0000000781100000|100%| O|  |TAMS 0x0000000781100000, 0x0000000781100000| Untracked 
|  17|0x0000000781100000, 0x0000000781200000, 0x0000000781200000|100%| O|  |TAMS 0x0000000781200000, 0x0000000781200000| Untracked 
|  18|0x0000000781200000, 0x0000000781300000, 0x0000000781300000|100%| O|  |TAMS 0x0000000781300000, 0x0000000781300000| Untracked 
|  19|0x0000000781300000, 0x0000000781400000, 0x0000000781400000|100%| O|  |TAMS 0x0000000781400000, 0x0000000781400000| Untracked 
|  20|0x0000000781400000, 0x0000000781500000, 0x0000000781500000|100%| O|  |TAMS 0x0000000781500000, 0x0000000781500000| Untracked 
|  21|0x0000000781500000, 0x0000000781600000, 0x0000000781600000|100%| O|  |TAMS 0x0000000781600000, 0x0000000781600000| Untracked 
|  22|0x0000000781600000, 0x0000000781700000, 0x0000000781700000|100%| O|  |TAMS 0x0000000781700000, 0x0000000781700000| Untracked 
|  23|0x0000000781700000, 0x0000000781800000, 0x0000000781800000|100%| O|  |TAMS 0x0000000781800000, 0x0000000781800000| Untracked 
|  24|0x0000000781800000, 0x0000000781900000, 0x0000000781900000|100%| O|  |TAMS 0x0000000781900000, 0x0000000781900000| Untracked 
|  25|0x0000000781900000, 0x0000000781a00000, 0x0000000781a00000|100%| O|  |TAMS 0x0000000781a00000, 0x0000000781a00000| Untracked 
|  26|0x0000000781a00000, 0x0000000781b00000, 0x0000000781b00000|100%| O|  |TAMS 0x0000000781b00000, 0x0000000781b00000| Untracked 
|  27|0x0000000781b00000, 0x0000000781c00000, 0x0000000781c00000|100%| O|  |TAMS 0x0000000781c00000, 0x0000000781c00000| Untracked 
|  28|0x0000000781c00000, 0x0000000781d00000, 0x0000000781d00000|100%| O|  |TAMS 0x0000000781d00000, 0x0000000781d00000| Untracked 
|  29|0x0000000781d00000, 0x0000000781e00000, 0x0000000781e00000|100%| O|  |TAMS 0x0000000781e00000, 0x0000000781e00000| Untracked 
|  30|0x0000000781e00000, 0x0000000781f00000, 0x0000000781f00000|100%| O|  |TAMS 0x0000000781f00000, 0x0000000781f00000| Untracked 
|  31|0x0000000781f00000, 0x0000000782000000, 0x0000000782000000|100%| O|  |TAMS 0x0000000782000000, 0x0000000782000000| Untracked 
|  32|0x0000000782000000, 0x0000000782100000, 0x0000000782100000|100%| O|  |TAMS 0x0000000782100000, 0x0000000782100000| Untracked 
|  33|0x0000000782100000, 0x0000000782200000, 0x0000000782200000|100%| O|  |TAMS 0x0000000782200000, 0x0000000782200000| Untracked 
|  34|0x0000000782200000, 0x0000000782300000, 0x0000000782300000|100%| O|  |TAMS 0x0000000782300000, 0x0000000782300000| Untracked 
|  35|0x0000000782300000, 0x0000000782400000, 0x0000000782400000|100%| O|  |TAMS 0x0000000782400000, 0x0000000782400000| Untracked 
|  36|0x0000000782400000, 0x0000000782500000, 0x0000000782500000|100%| O|  |TAMS 0x0000000782500000, 0x0000000782500000| Untracked 
|  37|0x0000000782500000, 0x0000000782600000, 0x0000000782600000|100%| O|  |TAMS 0x0000000782600000, 0x0000000782600000| Untracked 
|  38|0x0000000782600000, 0x0000000782700000, 0x0000000782700000|100%| O|  |TAMS 0x0000000782700000, 0x0000000782700000| Untracked 
|  39|0x0000000782700000, 0x0000000782800000, 0x0000000782800000|100%| O|  |TAMS 0x0000000782800000, 0x0000000782800000| Untracked 
|  40|0x0000000782800000, 0x0000000782900000, 0x0000000782900000|100%| O|  |TAMS 0x0000000782900000, 0x0000000782900000| Untracked 
|  41|0x0000000782900000, 0x0000000782a00000, 0x0000000782a00000|100%| O|  |TAMS 0x0000000782a00000, 0x0000000782a00000| Untracked 
|  42|0x0000000782a00000, 0x0000000782b00000, 0x0000000782b00000|100%| O|  |TAMS 0x0000000782b00000, 0x0000000782b00000| Untracked 
|  43|0x0000000782b00000, 0x0000000782c00000, 0x0000000782c00000|100%| O|  |TAMS 0x0000000782c00000, 0x0000000782c00000| Untracked 
|  44|0x0000000782c00000, 0x0000000782d00000, 0x0000000782d00000|100%| O|  |TAMS 0x0000000782d00000, 0x0000000782d00000| Untracked 
|  45|0x0000000782d00000, 0x0000000782e00000, 0x0000000782e00000|100%| O|  |TAMS 0x0000000782e00000, 0x0000000782e00000| Untracked 
|  46|0x0000000782e00000, 0x0000000782f00000, 0x0000000782f00000|100%| O|  |TAMS 0x0000000782f00000, 0x0000000782f00000| Untracked 
|  47|0x0000000782f00000, 0x0000000783000000, 0x0000000783000000|100%| O|  |TAMS 0x0000000783000000, 0x0000000783000000| Untracked 
|  48|0x0000000783000000, 0x0000000783100000, 0x0000000783100000|100%| O|  |TAMS 0x0000000783100000, 0x0000000783100000| Untracked 
|  49|0x0000000783100000, 0x0000000783200000, 0x0000000783200000|100%| O|  |TAMS 0x0000000783200000, 0x0000000783200000| Untracked 
|  50|0x0000000783200000, 0x0000000783300000, 0x0000000783300000|100%| O|  |TAMS 0x0000000783300000, 0x0000000783300000| Untracked 
|  51|0x0000000783300000, 0x0000000783400000, 0x0000000783400000|100%| O|  |TAMS 0x0000000783400000, 0x0000000783400000| Untracked 
|  52|0x0000000783400000, 0x0000000783500000, 0x0000000783500000|100%| O|  |TAMS 0x0000000783500000, 0x0000000783500000| Untracked 
|  53|0x0000000783500000, 0x0000000783600000, 0x0000000783600000|100%| O|  |TAMS 0x0000000783600000, 0x0000000783600000| Untracked 
|  54|0x0000000783600000, 0x0000000783700000, 0x0000000783700000|100%| O|  |TAMS 0x0000000783700000, 0x0000000783700000| Untracked 
|  55|0x0000000783700000, 0x0000000783800000, 0x0000000783800000|100%| O|  |TAMS 0x0000000783800000, 0x0000000783800000| Untracked 
|  56|0x0000000783800000, 0x0000000783900000, 0x0000000783900000|100%| O|  |TAMS 0x0000000783900000, 0x0000000783900000| Untracked 
|  57|0x0000000783900000, 0x0000000783a00000, 0x0000000783a00000|100%| O|  |TAMS 0x0000000783a00000, 0x0000000783a00000| Untracked 
|  58|0x0000000783a00000, 0x0000000783b00000, 0x0000000783b00000|100%| O|  |TAMS 0x0000000783b00000, 0x0000000783b00000| Untracked 
|  59|0x0000000783b00000, 0x0000000783c00000, 0x0000000783c00000|100%| O|  |TAMS 0x0000000783c00000, 0x0000000783c00000| Untracked 
|  60|0x0000000783c00000, 0x0000000783d00000, 0x0000000783d00000|100%| O|  |TAMS 0x0000000783d00000, 0x0000000783d00000| Untracked 
|  61|0x0000000783d00000, 0x0000000783e00000, 0x0000000783e00000|100%| O|  |TAMS 0x0000000783e00000, 0x0000000783e00000| Untracked 
|  62|0x0000000783e00000, 0x0000000783f00000, 0x0000000783f00000|100%| O|  |TAMS 0x0000000783f00000, 0x0000000783f00000| Untracked 
|  63|0x0000000783f00000, 0x0000000784000000, 0x0000000784000000|100%| O|  |TAMS 0x0000000784000000, 0x0000000784000000| Untracked 
|  64|0x0000000784000000, 0x0000000784100000, 0x0000000784100000|100%| O|  |TAMS 0x0000000784100000, 0x0000000784100000| Untracked 
|  65|0x0000000784100000, 0x0000000784200000, 0x0000000784200000|100%| O|  |TAMS 0x0000000784200000, 0x0000000784200000| Untracked 
|  66|0x0000000784200000, 0x0000000784300000, 0x0000000784300000|100%|HS|  |TAMS 0x0000000784300000, 0x0000000784300000| Complete 
|  67|0x0000000784300000, 0x0000000784400000, 0x0000000784400000|100%|HC|  |TAMS 0x0000000784400000, 0x0000000784400000| Complete 
|  68|0x0000000784400000, 0x0000000784500000, 0x0000000784500000|100%|HC|  |TAMS 0x0000000784500000, 0x0000000784500000| Complete 
|  69|0x0000000784500000, 0x0000000784600000, 0x0000000784600000|100%|HC|  |TAMS 0x0000000784600000, 0x0000000784600000| Complete 
|  70|0x0000000784600000, 0x0000000784700000, 0x0000000784700000|100%| O|  |TAMS 0x0000000784700000, 0x0000000784700000| Untracked 
|  71|0x0000000784700000, 0x0000000784800000, 0x0000000784800000|100%| O|  |TAMS 0x0000000784800000, 0x0000000784800000| Untracked 
|  72|0x0000000784800000, 0x0000000784900000, 0x0000000784900000|100%| O|  |TAMS 0x0000000784900000, 0x0000000784900000| Untracked 
|  73|0x0000000784900000, 0x0000000784a00000, 0x0000000784a00000|100%| O|  |TAMS 0x0000000784900000, 0x0000000784a00000| Untracked 
|  74|0x0000000784a00000, 0x0000000784b00000, 0x0000000784b00000|100%| O|  |TAMS 0x0000000784a00000, 0x0000000784b00000| Untracked 
|  75|0x0000000784b00000, 0x0000000784c00000, 0x0000000784c00000|100%| O|  |TAMS 0x0000000784c00000, 0x0000000784c00000| Untracked 
|  76|0x0000000784c00000, 0x0000000784d00000, 0x0000000784d00000|100%| O|  |TAMS 0x0000000784d00000, 0x0000000784d00000| Untracked 
|  77|0x0000000784d00000, 0x0000000784e00000, 0x0000000784e00000|100%| O|  |TAMS 0x0000000784e00000, 0x0000000784e00000| Untracked 
|  78|0x0000000784e00000, 0x0000000784f00000, 0x0000000784f00000|100%| O|  |TAMS 0x0000000784f00000, 0x0000000784f00000| Untracked 
|  79|0x0000000784f00000, 0x0000000785000000, 0x0000000785000000|100%| O|  |TAMS 0x0000000785000000, 0x0000000785000000| Untracked 
|  80|0x0000000785000000, 0x0000000785100000, 0x0000000785100000|100%| O|  |TAMS 0x0000000785100000, 0x0000000785100000| Untracked 
|  81|0x0000000785100000, 0x0000000785200000, 0x0000000785200000|100%| O|  |TAMS 0x0000000785200000, 0x0000000785200000| Untracked 
|  82|0x0000000785200000, 0x0000000785300000, 0x0000000785300000|100%| O|  |TAMS 0x0000000785300000, 0x0000000785300000| Untracked 
|  83|0x0000000785300000, 0x0000000785400000, 0x0000000785400000|100%| O|  |TAMS 0x0000000785400000, 0x0000000785400000| Untracked 
|  84|0x0000000785400000, 0x0000000785500000, 0x0000000785500000|100%| O|  |TAMS 0x0000000785500000, 0x0000000785500000| Untracked 
|  85|0x0000000785500000, 0x0000000785600000, 0x0000000785600000|100%| O|  |TAMS 0x0000000785600000, 0x0000000785600000| Untracked 
|  86|0x0000000785600000, 0x0000000785700000, 0x0000000785700000|100%| O|  |TAMS 0x0000000785700000, 0x0000000785700000| Untracked 
|  87|0x0000000785700000, 0x0000000785800000, 0x0000000785800000|100%| O|  |TAMS 0x0000000785800000, 0x0000000785800000| Untracked 
|  88|0x0000000785800000, 0x0000000785900000, 0x0000000785900000|100%| O|  |TAMS 0x0000000785900000, 0x0000000785900000| Untracked 
|  89|0x0000000785900000, 0x0000000785a00000, 0x0000000785a00000|100%| O|  |TAMS 0x0000000785a00000, 0x0000000785a00000| Untracked 
|  90|0x0000000785a00000, 0x0000000785b00000, 0x0000000785b00000|100%| O|  |TAMS 0x0000000785b00000, 0x0000000785b00000| Untracked 
|  91|0x0000000785b00000, 0x0000000785c00000, 0x0000000785c00000|100%| O|  |TAMS 0x0000000785c00000, 0x0000000785c00000| Untracked 
|  92|0x0000000785c00000, 0x0000000785d00000, 0x0000000785d00000|100%| O|  |TAMS 0x0000000785d00000, 0x0000000785d00000| Untracked 
|  93|0x0000000785d00000, 0x0000000785e00000, 0x0000000785e00000|100%| O|  |TAMS 0x0000000785e00000, 0x0000000785e00000| Untracked 
|  94|0x0000000785e00000, 0x0000000785f00000, 0x0000000785f00000|100%| O|  |TAMS 0x0000000785f00000, 0x0000000785f00000| Untracked 
|  95|0x0000000785f00000, 0x0000000786000000, 0x0000000786000000|100%| O|  |TAMS 0x0000000786000000, 0x0000000786000000| Untracked 
|  96|0x0000000786000000, 0x0000000786100000, 0x0000000786100000|100%| O|  |TAMS 0x0000000786100000, 0x0000000786100000| Untracked 
|  97|0x0000000786100000, 0x0000000786200000, 0x0000000786200000|100%| O|  |TAMS 0x0000000786200000, 0x0000000786200000| Untracked 
|  98|0x0000000786200000, 0x0000000786300000, 0x0000000786300000|100%| O|  |TAMS 0x0000000786300000, 0x0000000786300000| Untracked 
|  99|0x0000000786300000, 0x0000000786400000, 0x0000000786400000|100%| O|  |TAMS 0x0000000786400000, 0x0000000786400000| Untracked 
| 100|0x0000000786400000, 0x0000000786500000, 0x0000000786500000|100%| O|  |TAMS 0x0000000786500000, 0x0000000786500000| Untracked 
| 101|0x0000000786500000, 0x0000000786600000, 0x0000000786600000|100%| O|  |TAMS 0x0000000786600000, 0x0000000786600000| Untracked 
| 102|0x0000000786600000, 0x0000000786700000, 0x0000000786700000|100%| O|  |TAMS 0x0000000786700000, 0x0000000786700000| Untracked 
| 103|0x0000000786700000, 0x0000000786800000, 0x0000000786800000|100%| O|  |TAMS 0x0000000786700000, 0x0000000786800000| Untracked 
| 104|0x0000000786800000, 0x0000000786900000, 0x0000000786900000|100%| O|  |TAMS 0x0000000786800000, 0x0000000786900000| Untracked 
| 105|0x0000000786900000, 0x0000000786a00000, 0x0000000786a00000|100%| O|  |TAMS 0x0000000786981c00, 0x0000000786a00000| Untracked 
| 106|0x0000000786a00000, 0x0000000786b00000, 0x0000000786b00000|100%|HS|  |TAMS 0x0000000786a00000, 0x0000000786b00000| Complete 
| 107|0x0000000786b00000, 0x0000000786c00000, 0x0000000786c00000|100%| O|  |TAMS 0x0000000786b00000, 0x0000000786c00000| Untracked 
| 108|0x0000000786c00000, 0x0000000786d00000, 0x0000000786d00000|100%| O|  |TAMS 0x0000000786c00000, 0x0000000786d00000| Untracked 
| 109|0x0000000786d00000, 0x0000000786e00000, 0x0000000786e00000|100%| O|  |TAMS 0x0000000786d00000, 0x0000000786e00000| Untracked 
| 110|0x0000000786e00000, 0x0000000786f00000, 0x0000000786f00000|100%| O|  |TAMS 0x0000000786e00000, 0x0000000786f00000| Untracked 
| 111|0x0000000786f00000, 0x0000000787000000, 0x0000000787000000|100%| O|  |TAMS 0x0000000786f00000, 0x0000000787000000| Untracked 
| 112|0x0000000787000000, 0x0000000787100000, 0x0000000787100000|100%| O|  |TAMS 0x0000000787000000, 0x0000000787100000| Untracked 
| 113|0x0000000787100000, 0x0000000787200000, 0x0000000787200000|100%| O|  |TAMS 0x0000000787100000, 0x0000000787200000| Untracked 
| 114|0x0000000787200000, 0x00000007872568f8, 0x0000000787300000| 33%| O|  |TAMS 0x0000000787200000, 0x0000000787300000| Untracked 
| 115|0x0000000787300000, 0x0000000787300000, 0x0000000787400000|  0%| F|  |TAMS 0x0000000787300000, 0x0000000787300000| Untracked 
| 116|0x0000000787400000, 0x0000000787400000, 0x0000000787500000|  0%| F|  |TAMS 0x0000000787400000, 0x0000000787400000| Untracked 
| 117|0x0000000787500000, 0x0000000787500000, 0x0000000787600000|  0%| F|  |TAMS 0x0000000787500000, 0x0000000787500000| Untracked 
| 118|0x0000000787600000, 0x0000000787600000, 0x0000000787700000|  0%| F|  |TAMS 0x0000000787600000, 0x0000000787600000| Untracked 
| 119|0x0000000787700000, 0x0000000787700000, 0x0000000787800000|  0%| F|  |TAMS 0x0000000787700000, 0x0000000787700000| Untracked 
| 120|0x0000000787800000, 0x0000000787800000, 0x0000000787900000|  0%| F|  |TAMS 0x0000000787800000, 0x0000000787800000| Untracked 
| 121|0x0000000787900000, 0x0000000787900000, 0x0000000787a00000|  0%| F|  |TAMS 0x0000000787900000, 0x0000000787900000| Untracked 
| 122|0x0000000787a00000, 0x0000000787a00000, 0x0000000787b00000|  0%| F|  |TAMS 0x0000000787a00000, 0x0000000787a00000| Untracked 
| 123|0x0000000787b00000, 0x0000000787b00000, 0x0000000787c00000|  0%| F|  |TAMS 0x0000000787b00000, 0x0000000787b00000| Untracked 
| 124|0x0000000787c00000, 0x0000000787c00000, 0x0000000787d00000|  0%| F|  |TAMS 0x0000000787c00000, 0x0000000787c00000| Untracked 
| 125|0x0000000787d00000, 0x0000000787d00000, 0x0000000787e00000|  0%| F|  |TAMS 0x0000000787d00000, 0x0000000787d00000| Untracked 
| 126|0x0000000787e00000, 0x0000000787e00000, 0x0000000787f00000|  0%| F|  |TAMS 0x0000000787e00000, 0x0000000787e00000| Untracked 
| 127|0x0000000787f00000, 0x0000000787f00000, 0x0000000788000000|  0%| F|  |TAMS 0x0000000787f00000, 0x0000000787f00000| Untracked 
| 128|0x0000000788000000, 0x0000000788000000, 0x0000000788100000|  0%| F|  |TAMS 0x0000000788000000, 0x0000000788000000| Untracked 
| 129|0x0000000788100000, 0x0000000788100000, 0x0000000788200000|  0%| F|  |TAMS 0x0000000788100000, 0x0000000788100000| Untracked 
| 130|0x0000000788200000, 0x0000000788200000, 0x0000000788300000|  0%| F|  |TAMS 0x0000000788200000, 0x0000000788200000| Untracked 
| 131|0x0000000788300000, 0x0000000788300000, 0x0000000788400000|  0%| F|  |TAMS 0x0000000788300000, 0x0000000788300000| Untracked 
| 132|0x0000000788400000, 0x0000000788400000, 0x0000000788500000|  0%| F|  |TAMS 0x0000000788400000, 0x0000000788400000| Untracked 
| 133|0x0000000788500000, 0x0000000788500000, 0x0000000788600000|  0%| F|  |TAMS 0x0000000788500000, 0x0000000788500000| Untracked 
| 134|0x0000000788600000, 0x0000000788600000, 0x0000000788700000|  0%| F|  |TAMS 0x0000000788600000, 0x0000000788600000| Untracked 
| 135|0x0000000788700000, 0x0000000788700000, 0x0000000788800000|  0%| F|  |TAMS 0x0000000788700000, 0x0000000788700000| Untracked 
| 136|0x0000000788800000, 0x0000000788800000, 0x0000000788900000|  0%| F|  |TAMS 0x0000000788800000, 0x0000000788800000| Untracked 
| 137|0x0000000788900000, 0x0000000788900000, 0x0000000788a00000|  0%| F|  |TAMS 0x0000000788900000, 0x0000000788900000| Untracked 
| 138|0x0000000788a00000, 0x0000000788a00000, 0x0000000788b00000|  0%| F|  |TAMS 0x0000000788a00000, 0x0000000788a00000| Untracked 
| 139|0x0000000788b00000, 0x0000000788b00000, 0x0000000788c00000|  0%| F|  |TAMS 0x0000000788b00000, 0x0000000788b00000| Untracked 
| 140|0x0000000788c00000, 0x0000000788c00000, 0x0000000788d00000|  0%| F|  |TAMS 0x0000000788c00000, 0x0000000788c00000| Untracked 
| 141|0x0000000788d00000, 0x0000000788d00000, 0x0000000788e00000|  0%| F|  |TAMS 0x0000000788d00000, 0x0000000788d00000| Untracked 
| 142|0x0000000788e00000, 0x0000000788e00000, 0x0000000788f00000|  0%| F|  |TAMS 0x0000000788e00000, 0x0000000788e00000| Untracked 
| 143|0x0000000788f00000, 0x0000000788f00000, 0x0000000789000000|  0%| F|  |TAMS 0x0000000788f00000, 0x0000000788f00000| Untracked 
| 144|0x0000000789000000, 0x0000000789000000, 0x0000000789100000|  0%| F|  |TAMS 0x0000000789000000, 0x0000000789000000| Untracked 
| 145|0x0000000789100000, 0x0000000789100000, 0x0000000789200000|  0%| F|  |TAMS 0x0000000789100000, 0x0000000789100000| Untracked 
| 146|0x0000000789200000, 0x0000000789200000, 0x0000000789300000|  0%| F|  |TAMS 0x0000000789200000, 0x0000000789200000| Untracked 
| 147|0x0000000789300000, 0x0000000789300000, 0x0000000789400000|  0%| F|  |TAMS 0x0000000789300000, 0x0000000789300000| Untracked 
| 148|0x0000000789400000, 0x0000000789400000, 0x0000000789500000|  0%| F|  |TAMS 0x0000000789400000, 0x0000000789400000| Untracked 
| 149|0x0000000789500000, 0x0000000789500000, 0x0000000789600000|  0%| F|  |TAMS 0x0000000789500000, 0x0000000789500000| Untracked 
| 150|0x0000000789600000, 0x0000000789600000, 0x0000000789700000|  0%| F|  |TAMS 0x0000000789600000, 0x0000000789600000| Untracked 
| 151|0x0000000789700000, 0x0000000789700000, 0x0000000789800000|  0%| F|  |TAMS 0x0000000789700000, 0x0000000789700000| Untracked 
| 152|0x0000000789800000, 0x0000000789800000, 0x0000000789900000|  0%| F|  |TAMS 0x0000000789800000, 0x0000000789800000| Untracked 
| 153|0x0000000789900000, 0x0000000789900000, 0x0000000789a00000|  0%| F|  |TAMS 0x0000000789900000, 0x0000000789900000| Untracked 
| 154|0x0000000789a00000, 0x0000000789a00000, 0x0000000789b00000|  0%| F|  |TAMS 0x0000000789a00000, 0x0000000789a00000| Untracked 
| 155|0x0000000789b00000, 0x0000000789c00000, 0x0000000789c00000|100%| E|CS|TAMS 0x0000000789b00000, 0x0000000789c00000| Complete 
| 156|0x0000000789c00000, 0x0000000789d00000, 0x0000000789d00000|100%| E|CS|TAMS 0x0000000789c00000, 0x0000000789d00000| Complete 
| 157|0x0000000789d00000, 0x0000000789e00000, 0x0000000789e00000|100%| E|CS|TAMS 0x0000000789d00000, 0x0000000789e00000| Complete 
| 158|0x0000000789e00000, 0x0000000789f00000, 0x0000000789f00000|100%| E|CS|TAMS 0x0000000789e00000, 0x0000000789f00000| Complete 
| 159|0x0000000789f00000, 0x000000078a000000, 0x000000078a000000|100%| E|CS|TAMS 0x0000000789f00000, 0x000000078a000000| Complete 
| 160|0x000000078a000000, 0x000000078a100000, 0x000000078a100000|100%| E|CS|TAMS 0x000000078a000000, 0x000000078a100000| Complete 
| 161|0x000000078a100000, 0x000000078a200000, 0x000000078a200000|100%| E|CS|TAMS 0x000000078a100000, 0x000000078a200000| Complete 
| 162|0x000000078a200000, 0x000000078a200000, 0x000000078a300000|  0%| F|  |TAMS 0x000000078a200000, 0x000000078a200000| Untracked 
| 163|0x000000078a300000, 0x000000078a300000, 0x000000078a400000|  0%| F|  |TAMS 0x000000078a300000, 0x000000078a300000| Untracked 
| 164|0x000000078a400000, 0x000000078a400000, 0x000000078a500000|  0%| F|  |TAMS 0x000000078a400000, 0x000000078a400000| Untracked 
| 165|0x000000078a500000, 0x000000078a500000, 0x000000078a600000|  0%| F|  |TAMS 0x000000078a500000, 0x000000078a500000| Untracked 
| 166|0x000000078a600000, 0x000000078a600000, 0x000000078a700000|  0%| F|  |TAMS 0x000000078a600000, 0x000000078a600000| Untracked 
| 167|0x000000078a700000, 0x000000078a700000, 0x000000078a800000|  0%| F|  |TAMS 0x000000078a700000, 0x000000078a700000| Untracked 
| 168|0x000000078a800000, 0x000000078a800000, 0x000000078a900000|  0%| F|  |TAMS 0x000000078a800000, 0x000000078a800000| Untracked 
| 169|0x000000078a900000, 0x000000078a900000, 0x000000078aa00000|  0%| F|  |TAMS 0x000000078a900000, 0x000000078a900000| Untracked 
| 170|0x000000078aa00000, 0x000000078aa00000, 0x000000078ab00000|  0%| F|  |TAMS 0x000000078aa00000, 0x000000078aa00000| Untracked 
| 171|0x000000078ab00000, 0x000000078ab00000, 0x000000078ac00000|  0%| F|  |TAMS 0x000000078ab00000, 0x000000078ab00000| Untracked 
| 172|0x000000078ac00000, 0x000000078ac00000, 0x000000078ad00000|  0%| F|  |TAMS 0x000000078ac00000, 0x000000078ac00000| Untracked 
| 173|0x000000078ad00000, 0x000000078ad00000, 0x000000078ae00000|  0%| F|  |TAMS 0x000000078ad00000, 0x000000078ad00000| Untracked 
| 174|0x000000078ae00000, 0x000000078ae00000, 0x000000078af00000|  0%| F|  |TAMS 0x000000078ae00000, 0x000000078ae00000| Untracked 
| 175|0x000000078af00000, 0x000000078af00000, 0x000000078b000000|  0%| F|  |TAMS 0x000000078af00000, 0x000000078af00000| Untracked 
| 176|0x000000078b000000, 0x000000078b000000, 0x000000078b100000|  0%| F|  |TAMS 0x000000078b000000, 0x000000078b000000| Untracked 
| 177|0x000000078b100000, 0x000000078b100000, 0x000000078b200000|  0%| F|  |TAMS 0x000000078b100000, 0x000000078b100000| Untracked 
| 178|0x000000078b200000, 0x000000078b200000, 0x000000078b300000|  0%| F|  |TAMS 0x000000078b200000, 0x000000078b200000| Untracked 
| 179|0x000000078b300000, 0x000000078b300000, 0x000000078b400000|  0%| F|  |TAMS 0x000000078b300000, 0x000000078b300000| Untracked 
| 180|0x000000078b400000, 0x000000078b400000, 0x000000078b500000|  0%| F|  |TAMS 0x000000078b400000, 0x000000078b400000| Untracked 
| 181|0x000000078b500000, 0x000000078b500000, 0x000000078b600000|  0%| F|  |TAMS 0x000000078b500000, 0x000000078b500000| Untracked 
| 182|0x000000078b600000, 0x000000078b600000, 0x000000078b700000|  0%| F|  |TAMS 0x000000078b600000, 0x000000078b600000| Untracked 
| 183|0x000000078b700000, 0x000000078b700000, 0x000000078b800000|  0%| F|  |TAMS 0x000000078b700000, 0x000000078b700000| Untracked 
| 184|0x000000078b800000, 0x000000078b800000, 0x000000078b900000|  0%| F|  |TAMS 0x000000078b800000, 0x000000078b800000| Untracked 
| 185|0x000000078b900000, 0x000000078b900000, 0x000000078ba00000|  0%| F|  |TAMS 0x000000078b900000, 0x000000078b900000| Untracked 
| 186|0x000000078ba00000, 0x000000078ba00000, 0x000000078bb00000|  0%| F|  |TAMS 0x000000078ba00000, 0x000000078ba00000| Untracked 
| 187|0x000000078bb00000, 0x000000078bb00000, 0x000000078bc00000|  0%| F|  |TAMS 0x000000078bb00000, 0x000000078bb00000| Untracked 
| 188|0x000000078bc00000, 0x000000078bc00000, 0x000000078bd00000|  0%| F|  |TAMS 0x000000078bc00000, 0x000000078bc00000| Untracked 
| 189|0x000000078bd00000, 0x000000078bd00000, 0x000000078be00000|  0%| F|  |TAMS 0x000000078bd00000, 0x000000078bd00000| Untracked 
| 190|0x000000078be00000, 0x000000078be00000, 0x000000078bf00000|  0%| F|  |TAMS 0x000000078be00000, 0x000000078be00000| Untracked 
| 191|0x000000078bf00000, 0x000000078bf00000, 0x000000078c000000|  0%| F|  |TAMS 0x000000078bf00000, 0x000000078bf00000| Untracked 
| 192|0x000000078c000000, 0x000000078c000000, 0x000000078c100000|  0%| F|  |TAMS 0x000000078c000000, 0x000000078c000000| Untracked 
| 193|0x000000078c100000, 0x000000078c100000, 0x000000078c200000|  0%| F|  |TAMS 0x000000078c100000, 0x000000078c100000| Untracked 
| 194|0x000000078c200000, 0x000000078c200000, 0x000000078c300000|  0%| F|  |TAMS 0x000000078c200000, 0x000000078c200000| Untracked 
| 195|0x000000078c300000, 0x000000078c300000, 0x000000078c400000|  0%| F|  |TAMS 0x000000078c300000, 0x000000078c300000| Untracked 
| 196|0x000000078c400000, 0x000000078c400000, 0x000000078c500000|  0%| F|  |TAMS 0x000000078c400000, 0x000000078c400000| Untracked 
| 197|0x000000078c500000, 0x000000078c500000, 0x000000078c600000|  0%| F|  |TAMS 0x000000078c500000, 0x000000078c500000| Untracked 
| 198|0x000000078c600000, 0x000000078c600000, 0x000000078c700000|  0%| F|  |TAMS 0x000000078c600000, 0x000000078c600000| Untracked 
| 199|0x000000078c700000, 0x000000078c700000, 0x000000078c800000|  0%| F|  |TAMS 0x000000078c700000, 0x000000078c700000| Untracked 
| 200|0x000000078c800000, 0x000000078c800000, 0x000000078c900000|  0%| F|  |TAMS 0x000000078c800000, 0x000000078c800000| Untracked 
| 201|0x000000078c900000, 0x000000078c900000, 0x000000078ca00000|  0%| F|  |TAMS 0x000000078c900000, 0x000000078c900000| Untracked 
| 202|0x000000078ca00000, 0x000000078ca26c40, 0x000000078cb00000| 15%| S|  |TAMS 0x000000078ca00000, 0x000000078ca00000| Complete 
| 203|0x000000078cb00000, 0x000000078cc00000, 0x000000078cc00000|100%| S|  |TAMS 0x000000078cb00000, 0x000000078cb00000| Complete 
| 204|0x000000078cc00000, 0x000000078cd00000, 0x000000078cd00000|100%| S|  |TAMS 0x000000078cc00000, 0x000000078cc00000| Complete 
| 205|0x000000078cd00000, 0x000000078ce00000, 0x000000078ce00000|100%| S|  |TAMS 0x000000078cd00000, 0x000000078cd00000| Complete 
| 206|0x000000078ce00000, 0x000000078ceec858, 0x000000078cf00000| 92%| E|CS|TAMS 0x000000078ce00000, 0x000000078ceec858| Complete 
| 207|0x000000078cf00000, 0x000000078d000000, 0x000000078d000000|100%| E|CS|TAMS 0x000000078cf00000, 0x000000078d000000| Complete 
| 208|0x000000078d000000, 0x000000078d100000, 0x000000078d100000|100%| E|CS|TAMS 0x000000078d000000, 0x000000078d100000| Complete 
| 209|0x000000078d100000, 0x000000078d200000, 0x000000078d200000|100%| E|CS|TAMS 0x000000078d100000, 0x000000078d200000| Complete 
| 210|0x000000078d200000, 0x000000078d300000, 0x000000078d300000|100%| E|CS|TAMS 0x000000078d200000, 0x000000078d300000| Complete 
| 211|0x000000078d300000, 0x000000078d400000, 0x000000078d400000|100%| E|CS|TAMS 0x000000078d300000, 0x000000078d400000| Complete 
| 212|0x000000078d400000, 0x000000078d500000, 0x000000078d500000|100%| E|CS|TAMS 0x000000078d400000, 0x000000078d500000| Complete 
| 213|0x000000078d500000, 0x000000078d600000, 0x000000078d600000|100%| E|CS|TAMS 0x000000078d500000, 0x000000078d600000| Complete 
| 214|0x000000078d600000, 0x000000078d700000, 0x000000078d700000|100%| E|CS|TAMS 0x000000078d600000, 0x000000078d700000| Complete 

Card table byte_map: [0x0000000108ebd000,0x00000001092bd000] _byte_map_base: 0x00000001052bd000

Marking Bits (Prev, Next): (CMBitMap*) 0x00007f7f5e836e18, (CMBitMap*) 0x00007f7f5e836e50
 Prev Bits: [0x00000001096bd000, 0x000000010b6bd000)
 Next Bits: [0x000000012746a000, 0x000000012946a000)

Polling page: 0x0000000108885000

Metaspace:

Usage:
  Non-class:     16.23 MB capacity,    16.03 MB ( 99%) used,   172.09 KB (  1%) free+waste,    32.19 KB ( <1%) overhead. 
      Class:      1.97 MB capacity,     1.86 MB ( 94%) used,    97.86 KB (  5%) free+waste,    14.50 KB ( <1%) overhead. 
       Both:     18.21 MB capacity,    17.90 MB ( 98%) used,   269.95 KB (  1%) free+waste,    46.69 KB ( <1%) overhead. 

Virtual space:
  Non-class space:       18.00 MB reserved,      16.50 MB ( 92%) committed 
      Class space:        1.00 GB reserved,       2.00 MB ( <1%) committed 
             Both:        1.02 GB reserved,      18.50 MB (  2%) committed 

Chunk freelists:
   Non-Class:  14.75 KB
       Class:  0 bytes
        Both:  14.75 KB

CodeHeap 'non-profiled nmethods': size=120032Kb used=635Kb max_used=635Kb free=119396Kb
 bounds [0x000000011ff32000, 0x00000001201a2000, 0x000000012746a000]
CodeHeap 'profiled nmethods': size=120028Kb used=2545Kb max_used=2545Kb free=117482Kb
 bounds [0x00000001189fb000, 0x0000000118c7b000, 0x000000011ff32000]
CodeHeap 'non-nmethods': size=5700Kb used=1127Kb max_used=1143Kb free=4572Kb
 bounds [0x000000011846a000, 0x00000001186da000, 0x00000001189fb000]
 total_blobs=1887 nmethods=1416 adapters=384
 compilation: enabled
              stopped_count=0, restarted_count=0
 full_count=0

Compilation events (10 events):
Event: 13.831 Thread 0x00007f7f6101b000 1411       3       com.google.gson.stream.JsonWriter::name (53 bytes)
Event: 13.832 Thread 0x00007f7f6101b000 nmethod 1411 0x0000000118c75390 code [0x0000000118c75580, 0x0000000118c75a20]
Event: 13.832 Thread 0x00007f7f6101b000 1415       3       com.google.gson.internal.$Gson$Types$GenericArrayTypeImpl::hashCode (8 bytes)
Event: 13.832 Thread 0x00007f7f6101b000 nmethod 1415 0x0000000118c75b90 code [0x0000000118c75d40, 0x0000000118c75f00]
Event: 13.832 Thread 0x00007f7f6101b000 1416       3       com.google.gson.stream.JsonWriter::beginArray (12 bytes)
Event: 13.832 Thread 0x00007f7f6101b000 nmethod 1416 0x0000000118c76010 code [0x0000000118c76200, 0x0000000118c76600]
Event: 13.832 Thread 0x00007f7f6101b000 1418       3       com.google.gson.stream.JsonWriter::endArray (9 bytes)
Event: 13.832 Thread 0x00007f7f6101b000 nmethod 1418 0x0000000118c76790 code [0x0000000118c76940, 0x0000000118c76a80]
Event: 13.832 Thread 0x00007f7f6101b000 1414       3       java.io.StringWriter::append (10 bytes)
Event: 13.832 Thread 0x00007f7f6101b000 nmethod 1414 0x0000000118c76b10 code [0x0000000118c76d00, 0x0000000118c77270]

GC Heap History (10 events):
Event: 3.248 GC heap after
{Heap after GC invocations=9 (full 0):
 garbage-first heap   total 177152K, used 99107K [0x0000000780000000, 0x0000000800000000)
  region size 1024K, 3 young (3072K), 3 survivors (3072K)
 Metaspace       used 10876K, capacity 11148K, committed 11392K, reserved 1058816K
  class space    used 1029K, capacity 1138K, committed 1152K, reserved 1048576K
}
Event: 3.375 GC heap before
{Heap before GC invocations=9 (full 0):
 garbage-first heap   total 177152K, used 111395K [0x0000000780000000, 0x0000000800000000)
  region size 1024K, 17 young (17408K), 3 survivors (3072K)
 Metaspace       used 10876K, capacity 11148K, committed 11392K, reserved 1058816K
  class space    used 1029K, capacity 1138K, committed 1152K, reserved 1048576K
}
Event: 3.378 GC heap after
{Heap after GC invocations=10 (full 0):
 garbage-first heap   total 220160K, used 102754K [0x0000000780000000, 0x0000000800000000)
  region size 1024K, 4 young (4096K), 4 survivors (4096K)
 Metaspace       used 10876K, capacity 11148K, committed 11392K, reserved 1058816K
  class space    used 1029K, capacity 1138K, committed 1152K, reserved 1048576K
}
Event: 3.509 GC heap before
{Heap before GC invocations=11 (full 0):
 garbage-first heap   total 220160K, used 104802K [0x0000000780000000, 0x0000000800000000)
  region size 1024K, 5 young (5120K), 4 survivors (4096K)
 Metaspace       used 10876K, capacity 11148K, committed 11392K, reserved 1058816K
  class space    used 1029K, capacity 1138K, committed 1152K, reserved 1048576K
}
Event: 3.511 GC heap after
{Heap after GC invocations=12 (full 0):
 garbage-first heap   total 220160K, used 104846K [0x0000000780000000, 0x0000000800000000)
  region size 1024K, 1 young (1024K), 1 survivors (1024K)
 Metaspace       used 10876K, capacity 11148K, committed 11392K, reserved 1058816K
  class space    used 1029K, capacity 1138K, committed 1152K, reserved 1048576K
}
Event: 3.960 GC heap before
{Heap before GC invocations=13 (full 0):
 garbage-first heap   total 220160K, used 136590K [0x0000000780000000, 0x0000000800000000)
  region size 1024K, 32 young (32768K), 1 survivors (1024K)
 Metaspace       used 10876K, capacity 11148K, committed 11392K, reserved 1058816K
  class space    used 1029K, capacity 1138K, committed 1152K, reserved 1048576K
}
Event: 3.967 GC heap after
{Heap after GC invocations=14 (full 0):
 garbage-first heap   total 220160K, used 113159K [0x0000000780000000, 0x0000000800000000)
  region size 1024K, 5 young (5120K), 5 survivors (5120K)
 Metaspace       used 10876K, capacity 11148K, committed 11392K, reserved 1058816K
  class space    used 1029K, capacity 1138K, committed 1152K, reserved 1048576K
}
Event: 12.656 GC heap before
{Heap before GC invocations=15 (full 0):
 garbage-first heap   total 220160K, used 157191K [0x0000000780000000, 0x0000000800000000)
  region size 1024K, 53 young (54272K), 5 survivors (5120K)
 Metaspace       used 16808K, capacity 17049K, committed 17280K, reserved 1064960K
  class space    used 1723K, capacity 1831K, committed 1920K, reserved 1048576K
}
Event: 12.676 GC heap after
{Heap after GC invocations=16 (full 0):
 garbage-first heap   total 220160K, used 116860K [0x0000000780000000, 0x0000000800000000)
  region size 1024K, 7 young (7168K), 7 survivors (7168K)
 Metaspace       used 16808K, capacity 17049K, committed 17280K, reserved 1064960K
  class space    used 1723K, capacity 1831K, committed 1920K, reserved 1048576K
}
Event: 13.841 GC heap before
{Heap before GC invocations=16 (full 0):
 garbage-first heap   total 220160K, used 124028K [0x0000000780000000, 0x0000000800000000)
  region size 1024K, 16 young (16384K), 7 survivors (7168K)
 Metaspace       used 18327K, capacity 18644K, committed 18944K, reserved 1067008K
  class space    used 1909K, capacity 2022K, committed 2048K, reserved 1048576K
}

Deoptimization events (10 events):
Event: 12.754 Thread 0x00007f7f6384e800 Uncommon trap: reason=class_check action=maybe_recompile pc=0x000000011ff8e044 method=java.util.List.sort(Ljava/util/Comparator;)V @ 1 c2
Event: 12.758 Thread 0x00007f7f6384e800 Uncommon trap: reason=unstable_if action=reinterpret pc=0x000000011ff642fc method=java.lang.ThreadLocal$ThreadLocalMap.getEntry(Ljava/lang/ThreadLocal;)Ljava/lang/ThreadLocal$ThreadLocalMap$Entry; @ 29 c2
Event: 12.760 Thread 0x00007f7f6384e800 Uncommon trap: reason=unstable_if action=reinterpret pc=0x000000011ffb2ffc method=java.lang.String.startsWith(Ljava/lang/String;I)Z @ 46 c2
Event: 13.382 Thread 0x00007f7f6384e800 Uncommon trap: reason=unstable_if action=reinterpret pc=0x000000011ff66a00 method=org.sqlite.jdbc3.JDBC3ResultSet.next()Z @ 18 c2
Event: 13.792 Thread 0x00007f7f6384e800 Uncommon trap: reason=unstable_if action=reinterpret pc=0x000000011ffbfac0 method=java.lang.ThreadLocal$ThreadLocalMap.nextIndex(II)I @ 4 c2
Event: 13.796 Thread 0x00007f7f6384e800 Uncommon trap: reason=unstable_if action=reinterpret pc=0x000000011ffbed8c method=java.lang.ThreadLocal$ThreadLocalMap.nextIndex(II)I @ 4 c2
Event: 13.796 Thread 0x00007f7f6384e800 Uncommon trap: reason=unstable_if action=reinterpret pc=0x000000011ffc0138 method=java.lang.ThreadLocal$ThreadLocalMap.nextIndex(II)I @ 4 c2
Event: 13.814 Thread 0x00007f7f6384e800 Uncommon trap: reason=unstable_if action=reinterpret pc=0x000000011ffce230 method=java.util.HashMap.getNode(ILjava/lang/Object;)Ljava/util/HashMap$Node; @ 62 c2
Event: 13.817 Thread 0x00007f7f6384e800 Uncommon trap: reason=unstable_if action=reinterpret pc=0x000000011ff9daa8 method=java.util.concurrent.ConcurrentHashMap.get(Ljava/lang/Object;)Ljava/lang/Object; @ 76 c2
Event: 13.819 Thread 0x00007f7f6384e800 Uncommon trap: reason=class_check action=maybe_recompile pc=0x000000011ffb7658 method=java.util.concurrent.ConcurrentHashMap.putVal(Ljava/lang/Object;Ljava/lang/Object;Z)Ljava/lang/Object; @ 242 c2

Classes redefined (0 events):
No events

Internal exceptions (10 events):
Event: 4.541 Thread 0x00007f7f6081c800 Implicit null exception at 0x000000011ff62f68 to 0x000000011ff6347c
Event: 4.602 Thread 0x00007f7f6081c800 Exception <a 'java/lang/NoSuchMethodError'{0x000000078ae40de0}: java.lang.invoke.DirectMethodHandle$Holder.invokeStaticInit(Ljava/lang/Object;Ljava/lang/Object;Ljava/lang/Object;)Ljava/lang/Object;> (0x000000078ae40de0) thrown at [./open/src/hotspot/share
Event: 4.616 Thread 0x00007f7f6081c800 Exception <a 'java/lang/NoSuchMethodError'{0x000000078ad8f938}: java.lang.invoke.DirectMethodHandle$Holder.invokeStatic(Ljava/lang/Object;JJ)J> (0x000000078ad8f938) thrown at [./open/src/hotspot/share/interpreter/linkResolver.cpp, line 772]
Event: 4.629 Thread 0x00007f7f6081c800 Exception <a 'java/lang/NoSuchMethodError'{0x000000078acd73e8}: java.lang.invoke.DirectMethodHandle$Holder.invokeStaticInit(Ljava/lang/Object;)V> (0x000000078acd73e8) thrown at [./open/src/hotspot/share/interpreter/linkResolver.cpp, line 772]
Event: 4.691 Thread 0x00007f7f6081c800 Exception <a 'java/lang/NoSuchMethodError'{0x000000078a8b46b8}: java.lang.invoke.DirectMethodHandle$Holder.invokeInterface(Ljava/lang/Object;Ljava/lang/Object;)I> (0x000000078a8b46b8) thrown at [./open/src/hotspot/share/interpreter/linkResolver.cpp, line 
Event: 4.732 Thread 0x00007f7f6081c800 Exception <a 'java/lang/NoSuchMethodError'{0x000000078a3201f8}: java.lang.invoke.DirectMethodHandle$Holder.invokeInterface(Ljava/lang/Object;Ljava/lang/Object;)V> (0x000000078a3201f8) thrown at [./open/src/hotspot/share/interpreter/linkResolver.cpp, line 
Event: 4.734 Thread 0x00007f7f6085d800 Implicit null exception at 0x000000011ff60e8d to 0x000000011ff60f80
Event: 12.720 Thread 0x00007f7f6086e800 Exception <a 'java/lang/NoSuchMethodError'{0x000000078d442b80}: java.lang.invoke.DirectMethodHandle$Holder.invokeSpecial(Ljava/lang/Object;Ljava/lang/Object;I)V> (0x000000078d442b80) thrown at [./open/src/hotspot/share/interpreter/linkResolver.cpp, line 7
Event: 12.738 Thread 0x00007f7f6086e800 Exception <a 'java/lang/NoSuchMethodError'{0x000000078d4f4038}: java.lang.invoke.DirectMethodHandle$Holder.invokeStaticInit(Ljava/lang/Object;Ljava/lang/Object;)I> (0x000000078d4f4038) thrown at [./open/src/hotspot/share/interpreter/linkResolver.cpp, line
Event: 12.738 Thread 0x00007f7f6086e800 Exception <a 'java/lang/NoSuchMethodError'{0x000000078d4f9208}: java.lang.invoke.DirectMethodHandle$Holder.invokeStaticInit(Ljava/lang/Object;Ljava/lang/Object;Ljava/lang/Object;)V> (0x000000078d4f9208) thrown at [./open/src/hotspot/share/interpreter/link

Events (10 events):
Event: 13.817 Thread 0x00007f7f6384e800 DEOPT PACKING pc=0x000000011ff9daa8 sp=0x000070000a650400
Event: 13.817 Thread 0x00007f7f6384e800 DEOPT UNPACKING pc=0x0000000118490ba5 sp=0x000070000a650398 mode 2
Event: 13.818 loading class com/google/gson/internal/ConstructorConstructor$3
Event: 13.818 loading class com/google/gson/internal/ConstructorConstructor$3 done
Event: 13.819 loading class com/google/gson/internal/$Gson$Types$GenericArrayTypeImpl
Event: 13.819 loading class com/google/gson/internal/$Gson$Types$GenericArrayTypeImpl done
Event: 13.819 Thread 0x00007f7f6384e800 Uncommon trap: trap_request=0xffffffde fr.pc=0x000000011ffb7658 relative=0x0000000000001198
Event: 13.819 Thread 0x00007f7f6384e800 DEOPT PACKING pc=0x000000011ffb7658 sp=0x000070000a652920
Event: 13.819 Thread 0x00007f7f6384e800 DEOPT UNPACKING pc=0x0000000118490ba5 sp=0x000070000a6528a0 mode 2
Event: 13.841 Executing VM operation: G1CollectForAllocation


Dynamic libraries:
0x00007fff3526d000 	/System/Library/Frameworks/Cocoa.framework/Versions/A/Cocoa
0x00007fff22492000 	/System/Library/Frameworks/Security.framework/Versions/A/Security
0x00007fff3346a000 	/System/Library/Frameworks/ApplicationServices.framework/Versions/A/ApplicationServices
0x00007fff2a71b000 	/usr/lib/libz.1.dylib
0x0000000107a37000 	/Library/Java/JavaVirtualMachines/jdk-11.0.10.jdk/Contents/Home/lib/jli/libjli.dylib
0x00007fff2a7e3000 	/usr/lib/libSystem.B.dylib
0x00007fff22eb9000 	/System/Library/Frameworks/AppKit.framework/Versions/C/AppKit
0x00007fff25d51000 	/System/Library/Frameworks/CoreData.framework/Versions/A/CoreData
0x00007fff21405000 	/System/Library/Frameworks/Foundation.framework/Versions/C/Foundation
0x00007fff23c1c000 	/System/Library/PrivateFrameworks/UIFoundation.framework/Versions/A/UIFoundation
0x00007fff2fe49000 	/System/Library/PrivateFrameworks/RemoteViewServices.framework/Versions/A/RemoteViewServices
0x00007fff28c42000 	/System/Library/PrivateFrameworks/XCTTargetBootstrap.framework/Versions/A/XCTTargetBootstrap
0x00007fff2b923000 	/usr/lib/libspindump.dylib
0x00007fff23e71000 	/System/Library/Frameworks/UniformTypeIdentifiers.framework/Versions/A/UniformTypeIdentifiers
0x00007fff27418000 	/usr/lib/libapp_launch_measurement.dylib
0x00007fff2741b000 	/System/Library/PrivateFrameworks/CoreAutoLayout.framework/Versions/A/CoreAutoLayout
0x00007fff285a4000 	/System/Library/Frameworks/Metal.framework/Versions/A/Metal
0x00007fff29294000 	/usr/lib/liblangid.dylib
0x00007fff28c46000 	/System/Library/PrivateFrameworks/CoreSVG.framework/Versions/A/CoreSVG
0x00007fff24e58000 	/System/Library/PrivateFrameworks/SkyLight.framework/Versions/A/SkyLight
0x00007fff251bf000 	/System/Library/Frameworks/CoreGraphics.framework/Versions/A/CoreGraphics
0x00007fff304a0000 	/System/Library/Frameworks/Accelerate.framework/Versions/A/Accelerate
0x00007fff2b35e000 	/System/Library/PrivateFrameworks/IconServices.framework/Versions/A/IconServices
0x00007fff28589000 	/System/Library/Frameworks/IOSurface.framework/Versions/A/IOSurface
0x00007fff266da000 	/usr/lib/libDiagnosticMessagesClient.dylib
0x00007fff28c2e000 	/System/Library/PrivateFrameworks/DFRFoundation.framework/Versions/A/DFRFoundation
0x00007fff227e4000 	/usr/lib/libicucore.A.dylib
0x00007fff2ce6a000 	/System/Library/Frameworks/AudioToolbox.framework/Versions/A/AudioToolbox
0x00007fff2c10f000 	/System/Library/PrivateFrameworks/DataDetectorsCore.framework/Versions/A/DataDetectorsCore
0x00007fff2892e000 	/System/Library/Frameworks/Carbon.framework/Versions/A/Frameworks/HIToolbox.framework/Versions/A/HIToolbox
0x00007fff26e73000 	/System/Library/Frameworks/QuartzCore.framework/Versions/A/QuartzCore
0x00007fff2fe85000 	/System/Library/Frameworks/Carbon.framework/Versions/A/Frameworks/SpeechRecognition.framework/Versions/A/SpeechRecognition
0x00007fff27180000 	/System/Library/PrivateFrameworks/CoreUI.framework/Versions/A/CoreUI
0x00007fff21ded000 	/System/Library/Frameworks/CoreAudio.framework/Versions/A/CoreAudio
0x00007fff267c5000 	/System/Library/Frameworks/DiskArbitration.framework/Versions/A/DiskArbitration
0x00007fff2bd1e000 	/System/Library/PrivateFrameworks/MultitouchSupport.framework/Versions/A/MultitouchSupport
0x00007fff2c106000 	/System/Library/PrivateFrameworks/InternationalSupport.framework/Versions/A/InternationalSupport
0x00007fff24dcc000 	/usr/lib/libenergytrace.dylib
0x00007fff22db2000 	/System/Library/Frameworks/IOKit.framework/Versions/A/IOKit
0x00007fff301d2000 	/System/Library/Frameworks/CoreServices.framework/Versions/A/CoreServices
0x00007fff273ae000 	/System/Library/PrivateFrameworks/PerformanceAnalysis.framework/Versions/A/PerformanceAnalysis
0x00007fff6cb3b000 	/System/Library/Frameworks/OpenGL.framework/Versions/A/OpenGL
0x00007fff2c18b000 	/System/Library/PrivateFrameworks/UserActivity.framework/Versions/A/UserActivity
0x00007fff20478000 	/usr/lib/libobjc.A.dylib
0x00007fff25853000 	/System/Library/Frameworks/ColorSync.framework/Versions/A/ColorSync
0x00007fff20658000 	/System/Library/Frameworks/CoreFoundation.framework/Versions/A/CoreFoundation
0x00007fff28eab000 	/System/Library/Frameworks/CoreImage.framework/Versions/A/CoreImage
0x00007fff21c04000 	/System/Library/Frameworks/CoreText.framework/Versions/A/CoreText
0x00007fff28c70000 	/System/Library/Frameworks/ImageIO.framework/Versions/A/ImageIO
0x00007fff2a7e9000 	/System/Library/PrivateFrameworks/SoftLinking.framework/Versions/A/SoftLinking
0x00007fff27464000 	/usr/lib/libxml2.2.dylib
0x00007fff2053d000 	/usr/lib/libc++.1.dylib
0x00007fff2aa5b000 	/usr/lib/libcompression.dylib
0x00007fff24dcd000 	/usr/lib/libMobileGestalt.dylib
0x00007fff2c039000 	/System/Library/PrivateFrameworks/TextureIO.framework/Versions/A/TextureIO
0x00007fff2b081000 	/usr/lib/libate.dylib
0x00007fff2a7dd000 	/usr/lib/system/libcache.dylib
0x00007fff2a799000 	/usr/lib/system/libcommonCrypto.dylib
0x00007fff2a7c3000 	/usr/lib/system/libcompiler_rt.dylib
0x00007fff2a7b8000 	/usr/lib/system/libcopyfile.dylib
0x00007fff20366000 	/usr/lib/system/libcorecrypto.dylib
0x00007fff20433000 	/usr/lib/system/libdispatch.dylib
0x00007fff205e7000 	/usr/lib/system/libdyld.dylib
0x00007fff2a7d4000 	/usr/lib/system/libkeymgr.dylib
0x00007fff2dc1c000 	/usr/lib/system/liblaunch.dylib
0x00007fff2a777000 	/usr/lib/system/libmacho.dylib
0x00007fff29f91000 	/usr/lib/system/libquarantine.dylib
0x00007fff2a7d1000 	/usr/lib/system/libremovefile.dylib
0x00007fff24e29000 	/usr/lib/system/libsystem_asl.dylib
0x00007fff20316000 	/usr/lib/system/libsystem_blocks.dylib
0x00007fff204b4000 	/usr/lib/system/libsystem_c.dylib
0x00007fff2a7cb000 	/usr/lib/system/libsystem_collections.dylib
0x00007fff29285000 	/usr/lib/system/libsystem_configuration.dylib
0x00007fff28578000 	/usr/lib/system/libsystem_containermanager.dylib
0x00007fff2a513000 	/usr/lib/system/libsystem_coreservices.dylib
0x00007fff22a46000 	/usr/lib/system/libsystem_darwin.dylib
0x00007fff2a7d5000 	/usr/lib/system/libsystem_dnssd.dylib
0x00007fff204b1000 	/usr/lib/system/libsystem_featureflags.dylib
0x00007fff2062c000 	/usr/lib/system/libsystem_info.dylib
0x00007fff2a72e000 	/usr/lib/system/libsystem_m.dylib
0x00007fff20406000 	/usr/lib/system/libsystem_malloc.dylib
0x00007fff24dbd000 	/usr/lib/system/libsystem_networkextension.dylib
0x00007fff22e61000 	/usr/lib/system/libsystem_notify.dylib
0x00007fff300d0000 	/usr/lib/system/libsystem_product_info_filter.dylib
0x00007fff29289000 	/usr/lib/system/libsystem_sandbox.dylib
0x00007fff2a7ce000 	/usr/lib/system/libsystem_secinit.dylib
0x00007fff205ac000 	/usr/lib/system/libsystem_kernel.dylib
0x00007fff20622000 	/usr/lib/system/libsystem_platform.dylib
0x00007fff205db000 	/usr/lib/system/libsystem_pthread.dylib
0x00007fff26528000 	/usr/lib/system/libsystem_symptoms.dylib
0x00007fff2034e000 	/usr/lib/system/libsystem_trace.dylib
0x00007fff2a7a5000 	/usr/lib/system/libunwind.dylib
0x00007fff20318000 	/usr/lib/system/libxpc.dylib
0x00007fff20593000 	/usr/lib/libc++abi.dylib
0x00007fff2a7b0000 	/usr/lib/liboah.dylib
0x00007fff2ae66000 	/usr/lib/liblzma.5.dylib
0x00007fff21119000 	/System/Library/Frameworks/SystemConfiguration.framework/Versions/A/SystemConfiguration
0x00007fff2a7e5000 	/usr/lib/libfakelink.dylib
0x00007fff2491f000 	/System/Library/Frameworks/CFNetwork.framework/Versions/A/CFNetwork
0x00007fff2a925000 	/usr/lib/libarchive.2.dylib
0x00007fff21197000 	/usr/lib/libCRFSuite.dylib
0x00007fff29fb8000 	/usr/lib/libbsm.0.dylib
0x00007fff242db000 	/usr/lib/libnetwork.dylib
0x00007fff2a7ea000 	/usr/lib/libpcap.A.dylib
0x00007fff26521000 	/usr/lib/libdns_services.dylib
0x00007fff2ae7f000 	/usr/lib/libcoretls_cfhelpers.dylib
0x00007fff2aa29000 	/usr/lib/libapple_nghttp2.dylib
0x00007fff2a77d000 	/usr/lib/system/libkxld.dylib
0x00007fff26187000 	/usr/lib/libsqlite3.dylib
0x00007fff2a4f5000 	/System/Library/PrivateFrameworks/AppleFSCompression.framework/Versions/A/AppleFSCompression
0x00007fff29fa0000 	/usr/lib/libcoretls.dylib
0x00007fff2aa56000 	/usr/lib/libpam.2.dylib
0x00007fff2af7c000 	/usr/lib/libxar.1.dylib
0x00007fff29290000 	/System/Library/PrivateFrameworks/AppleSystemInfo.framework/Versions/A/AppleSystemInfo
0x00007fff29be3000 	/System/Library/PrivateFrameworks/IOMobileFramebuffer.framework/Versions/A/IOMobileFramebuffer
0x00007fff2a505000 	/usr/lib/libbz2.1.0.dylib
0x00007fff2a822000 	/usr/lib/libiconv.2.dylib
0x00007fff2a776000 	/usr/lib/libcharset.1.dylib
0x00007fff273ea000 	/System/Library/Frameworks/CoreServices.framework/Versions/A/Frameworks/FSEvents.framework/Versions/A/FSEvents
0x00007fff22a50000 	/System/Library/Frameworks/CoreServices.framework/Versions/A/Frameworks/CarbonCore.framework/Versions/A/CarbonCore
0x00007fff2672a000 	/System/Library/Frameworks/CoreServices.framework/Versions/A/Frameworks/Metadata.framework/Versions/A/Metadata
0x00007fff2a518000 	/System/Library/Frameworks/CoreServices.framework/Versions/A/Frameworks/OSServices.framework/Versions/A/OSServices
0x00007fff2a997000 	/System/Library/Frameworks/CoreServices.framework/Versions/A/Frameworks/SearchKit.framework/Versions/A/SearchKit
0x00007fff264ab000 	/System/Library/Frameworks/CoreServices.framework/Versions/A/Frameworks/AE.framework/Versions/A/AE
0x00007fff20af4000 	/System/Library/Frameworks/CoreServices.framework/Versions/A/Frameworks/LaunchServices.framework/Versions/A/LaunchServices
0x00007fff2ae17000 	/System/Library/Frameworks/CoreServices.framework/Versions/A/Frameworks/DictionaryServices.framework/Versions/A/DictionaryServices
0x00007fff273f3000 	/System/Library/Frameworks/CoreServices.framework/Versions/A/Frameworks/SharedFileList.framework/Versions/A/SharedFileList
0x00007fff29f94000 	/usr/lib/libCheckFix.dylib
0x00007fff24e40000 	/System/Library/PrivateFrameworks/TCC.framework/Versions/A/TCC
0x00007fff29296000 	/System/Library/PrivateFrameworks/CoreNLP.framework/Versions/A/CoreNLP
0x00007fff266dd000 	/System/Library/PrivateFrameworks/MetadataUtilities.framework/Versions/A/MetadataUtilities
0x00007fff211cd000 	/usr/lib/libmecabra.dylib
0x00007fff2a2a7000 	/System/Library/Frameworks/MLCompute.framework/Versions/A/MLCompute
0x00007fff29fc9000 	/usr/lib/libmecab.dylib
0x00007fff2a013000 	/usr/lib/libgermantok.dylib
0x00007fff2a9ff000 	/usr/lib/libThaiTokenizer.dylib
0x00007fff2afb7000 	/usr/lib/libChineseTokenizer.dylib
0x00007fff2aa54000 	/System/Library/Frameworks/MetalPerformanceShaders.framework/Versions/A/MetalPerformanceShaders
0x00007fff267cc000 	/System/Library/Frameworks/Accelerate.framework/Versions/A/Frameworks/vImage.framework/Versions/A/vImage
0x00007fff301ab000 	/System/Library/Frameworks/Accelerate.framework/Versions/A/Frameworks/vecLib.framework/Versions/A/vecLib
0x00007fff2afc2000 	/System/Library/Frameworks/Accelerate.framework/Versions/A/Frameworks/vecLib.framework/Versions/A/libvMisc.dylib
0x00007fff299fc000 	/System/Library/Frameworks/Accelerate.framework/Versions/A/Frameworks/vecLib.framework/Versions/A/libvDSP.dylib
0x00007fff20df8000 	/System/Library/Frameworks/Accelerate.framework/Versions/A/Frameworks/vecLib.framework/Versions/A/libBLAS.dylib
0x00007fff2aa7a000 	/System/Library/Frameworks/Accelerate.framework/Versions/A/Frameworks/vecLib.framework/Versions/A/libLAPACK.dylib
0x00007fff2a019000 	/System/Library/Frameworks/Accelerate.framework/Versions/A/Frameworks/vecLib.framework/Versions/A/libLinearAlgebra.dylib
0x00007fff2aa41000 	/System/Library/Frameworks/Accelerate.framework/Versions/A/Frameworks/vecLib.framework/Versions/A/libSparseBLAS.dylib
0x00007fff2aa74000 	/System/Library/Frameworks/Accelerate.framework/Versions/A/Frameworks/vecLib.framework/Versions/A/libQuadrature.dylib
0x00007fff2933e000 	/System/Library/Frameworks/Accelerate.framework/Versions/A/Frameworks/vecLib.framework/Versions/A/libBNNS.dylib
0x00007fff210aa000 	/System/Library/Frameworks/Accelerate.framework/Versions/A/Frameworks/vecLib.framework/Versions/A/libSparse.dylib
0x00007fff29229000 	/System/Library/Frameworks/MetalPerformanceShaders.framework/Versions/A/Frameworks/MPSCore.framework/Versions/A/MPSCore
0x00007fff2a464000 	/System/Library/Frameworks/MetalPerformanceShaders.framework/Versions/A/Frameworks/MPSImage.framework/Versions/A/MPSImage
0x00007fff2a02f000 	/System/Library/Frameworks/MetalPerformanceShaders.framework/Versions/A/Frameworks/MPSNeuralNetwork.framework/Versions/A/MPSNeuralNetwork
0x00007fff2a3ef000 	/System/Library/Frameworks/MetalPerformanceShaders.framework/Versions/A/Frameworks/MPSMatrix.framework/Versions/A/MPSMatrix
0x00007fff2a257000 	/System/Library/Frameworks/MetalPerformanceShaders.framework/Versions/A/Frameworks/MPSRayIntersector.framework/Versions/A/MPSRayIntersector
0x00007fff2a426000 	/System/Library/Frameworks/MetalPerformanceShaders.framework/Versions/A/Frameworks/MPSNDArray.framework/Versions/A/MPSNDArray
0x00007fff20d24000 	/System/Library/PrivateFrameworks/MetalTools.framework/Versions/A/MetalTools
0x00007fff2928e000 	/System/Library/PrivateFrameworks/AggregateDictionary.framework/Versions/A/AggregateDictionary
0x00007fff266b5000 	/System/Library/PrivateFrameworks/CoreAnalytics.framework/Versions/A/CoreAnalytics
0x00007fff2aa01000 	/System/Library/PrivateFrameworks/AppleSauce.framework/Versions/A/AppleSauce
0x00007fff2859b000 	/System/Library/PrivateFrameworks/IOAccelerator.framework/Versions/A/IOAccelerator
0x00007fff6cb2f000 	/System/Library/Frameworks/OpenGL.framework/Versions/A/Libraries/libCoreFSCache.dylib
0x00007fff21769000 	/System/Library/PrivateFrameworks/LanguageModeling.framework/Versions/A/LanguageModeling
0x00007fff29bd0000 	/System/Library/PrivateFrameworks/CoreEmoji.framework/Versions/A/CoreEmoji
0x00007fff29337000 	/System/Library/PrivateFrameworks/LinguisticData.framework/Versions/A/LinguisticData
0x00007fff2105c000 	/System/Library/PrivateFrameworks/Lexicon.framework/Versions/A/Lexicon
0x00007fff2a913000 	/usr/lib/libcmph.dylib
0x00007fff273ca000 	/System/Library/Frameworks/OpenDirectory.framework/Versions/A/Frameworks/CFOpenDirectory.framework/Versions/A/CFOpenDirectory
0x00007fff273ba000 	/System/Library/Frameworks/OpenDirectory.framework/Versions/A/OpenDirectory
0x00007fff2ae81000 	/System/Library/PrivateFrameworks/APFS.framework/Versions/A/APFS
0x00007fff29ef5000 	/System/Library/Frameworks/SecurityFoundation.framework/Versions/A/SecurityFoundation
0x00007fff2af8a000 	/usr/lib/libutil.dylib
0x00007fff22d77000 	/System/Library/PrivateFrameworks/CoreServicesStore.framework/Versions/A/CoreServicesStore
0x00007fff29f8c000 	/System/Library/Frameworks/ServiceManagement.framework/Versions/A/ServiceManagement
0x00007fff2af8e000 	/usr/lib/libxslt.1.dylib
0x00007fff29f82000 	/System/Library/PrivateFrameworks/BackgroundTaskManagement.framework/Versions/A/BackgroundTaskManagement
0x00007fff2bf83000 	/System/Library/Frameworks/ImageIO.framework/Versions/A/Resources/libRadiance.dylib
0x00007fff2bf8d000 	/System/Library/Frameworks/ImageIO.framework/Versions/A/Resources/libJPEG.dylib
0x00007fff2bed8000 	/System/Library/Frameworks/ImageIO.framework/Versions/A/Resources/libPng.dylib
0x00007fff2beff000 	/System/Library/Frameworks/ImageIO.framework/Versions/A/Resources/libTIFF.dylib
0x00007fff2bfe2000 	/System/Library/Frameworks/ImageIO.framework/Versions/A/Resources/libGIF.dylib
0x00007fff2bc3b000 	/System/Library/Frameworks/ImageIO.framework/Versions/A/Resources/libJP2.dylib
0x00007fff2b325000 	/usr/lib/libexpat.1.dylib
0x00007fff2bbf0000 	/System/Library/PrivateFrameworks/AppleJPEG.framework/Versions/A/AppleJPEG
0x00007fff287d1000 	/System/Library/PrivateFrameworks/FontServices.framework/libFontParser.dylib
0x00007fff2645f000 	/System/Library/PrivateFrameworks/RunningBoardServices.framework/Versions/A/RunningBoardServices
0x00007fff2bd1a000 	/System/Library/PrivateFrameworks/WatchdogClient.framework/Versions/A/WatchdogClient
0x00007fff21856000 	/System/Library/Frameworks/CoreDisplay.framework/Versions/A/CoreDisplay
0x00007fff286e7000 	/System/Library/Frameworks/CoreMedia.framework/Versions/A/CoreMedia
0x00007fff27547000 	/System/Library/Frameworks/CoreVideo.framework/Versions/A/CoreVideo
0x00007fff2bd52000 	/System/Library/Frameworks/VideoToolbox.framework/Versions/A/VideoToolbox
0x00007fff263dd000 	/System/Library/PrivateFrameworks/BaseBoard.framework/Versions/A/BaseBoard
0x00007fff2b46a000 	/System/Library/PrivateFrameworks/PersistentConnection.framework/Versions/A/PersistentConnection
0x00007fff26170000 	/System/Library/PrivateFrameworks/ProtocolBuffer.framework/Versions/A/ProtocolBuffer
0x00007fff263c4000 	/System/Library/PrivateFrameworks/CommonUtilities.framework/Versions/A/CommonUtilities
0x00007fff2bb85000 	/System/Library/PrivateFrameworks/Bom.framework/Versions/A/Bom
0x00007fff2bf7c000 	/System/Library/PrivateFrameworks/GPUWrangler.framework/Versions/A/GPUWrangler
0x00007fff2bf5f000 	/System/Library/PrivateFrameworks/IOPresentment.framework/Versions/A/IOPresentment
0x00007fff2bf87000 	/System/Library/PrivateFrameworks/DSExternalDisplay.framework/Versions/A/DSExternalDisplay
0x00007fff2bfe7000 	/System/Library/PrivateFrameworks/CMCaptureCore.framework/Versions/A/CMCaptureCore
0x00007fff2b90a000 	/System/Library/PrivateFrameworks/AppServerSupport.framework/Versions/A/AppServerSupport
0x00007fff2d9bb000 	/System/Library/PrivateFrameworks/perfdata.framework/Versions/A/perfdata
0x00007fff29ee4000 	/System/Library/PrivateFrameworks/AssertionServices.framework/Versions/A/AssertionServices
0x00007fff2198d000 	/System/Library/PrivateFrameworks/AudioToolboxCore.framework/Versions/A/AudioToolboxCore
0x00007fff286ca000 	/System/Library/PrivateFrameworks/caulk.framework/Versions/A/caulk
0x00007fff3d666000 	/System/Library/PrivateFrameworks/SystemPolicy.framework/Versions/A/SystemPolicy
0x00007fff2b11a000 	/usr/lib/libIOReport.dylib
0x00007fff2d1dd000 	/usr/lib/libSMC.dylib
0x00007fff2bea5000 	/usr/lib/libAudioToolboxUtility.dylib
0x00007fff3dfd0000 	/usr/lib/libmis.dylib
0x00007fff6cb8b000 	/System/Library/Frameworks/OpenGL.framework/Versions/A/Libraries/libGLU.dylib
0x00007fff6cb4e000 	/System/Library/Frameworks/OpenGL.framework/Versions/A/Libraries/libGFXShared.dylib
0x00007fff6cd5d000 	/System/Library/Frameworks/OpenGL.framework/Versions/A/Libraries/libGL.dylib
0x00007fff6cb57000 	/System/Library/Frameworks/OpenGL.framework/Versions/A/Libraries/libGLImage.dylib
0x00007fff6cb4b000 	/System/Library/Frameworks/OpenGL.framework/Versions/A/Libraries/libCVMSPluginSupport.dylib
0x00007fff6cb36000 	/System/Library/Frameworks/OpenGL.framework/Versions/A/Libraries/libCoreVMClient.dylib
0x00007fff6e19e000 	/System/Library/Frameworks/OpenCL.framework/Versions/A/OpenCL
0x00007fff2b494000 	/System/Library/PrivateFrameworks/GraphVisualizer.framework/Versions/A/GraphVisualizer
0x00007fff2b4a3000 	/System/Library/PrivateFrameworks/FaceCore.framework/Versions/A/FaceCore
0x00007fff2b8bf000 	/System/Library/PrivateFrameworks/OTSVG.framework/Versions/A/OTSVG
0x00007fff2713e000 	/System/Library/Frameworks/ApplicationServices.framework/Versions/A/Frameworks/ATS.framework/Versions/A/Resources/libFontRegistry.dylib
0x00007fff2b911000 	/System/Library/PrivateFrameworks/FontServices.framework/libhvf.dylib
0x00007fff2b2d1000 	/System/Library/PrivateFrameworks/AppleVA.framework/Versions/A/AppleVA
0x00007fff2d026000 	/System/Library/Frameworks/ApplicationServices.framework/Versions/A/Frameworks/ATS.framework/Versions/A/ATS
0x00007fff2d338000 	/System/Library/Frameworks/ApplicationServices.framework/Versions/A/Frameworks/ColorSyncLegacy.framework/Versions/A/ColorSyncLegacy
0x00007fff2594a000 	/System/Library/Frameworks/ApplicationServices.framework/Versions/A/Frameworks/HIServices.framework/Versions/A/HIServices
0x00007fff2d31d000 	/System/Library/Frameworks/ApplicationServices.framework/Versions/A/Frameworks/LangAnalysis.framework/Versions/A/LangAnalysis
0x00007fff2bff1000 	/System/Library/Frameworks/ApplicationServices.framework/Versions/A/Frameworks/PrintCore.framework/Versions/A/PrintCore
0x00007fff2d340000 	/System/Library/Frameworks/ApplicationServices.framework/Versions/A/Frameworks/QD.framework/Versions/A/QD
0x00007fff2d016000 	/System/Library/Frameworks/ApplicationServices.framework/Versions/A/Frameworks/SpeechSynthesis.framework/Versions/A/SpeechSynthesis
0x00007fff2bfb2000 	/System/Library/Frameworks/ApplicationServices.framework/Versions/A/Frameworks/ATSUI.framework/Versions/A/ATSUI
0x00007fff2d2bd000 	/usr/lib/libcups.2.dylib
0x00007fff2d32d000 	/System/Library/PrivateFrameworks/NetAuth.framework/Versions/A/NetAuth
0x00007fff2d9d7000 	/System/Library/Frameworks/Kerberos.framework/Versions/A/Kerberos
0x00007fff2d9e7000 	/System/Library/Frameworks/GSS.framework/Versions/A/GSS
0x00007fff2d092000 	/usr/lib/libresolv.9.dylib
0x00007fff2b926000 	/System/Library/PrivateFrameworks/Heimdal.framework/Versions/A/Heimdal
0x00007fff3376b000 	/System/Library/Frameworks/Kerberos.framework/Versions/A/Libraries/libHeimdalProxy.dylib
0x00007fff26530000 	/System/Library/Frameworks/Network.framework/Versions/A/Network
0x00007fff2b33f000 	/usr/lib/libheimdal-asn1.dylib
0x00007fff2da37000 	/System/Library/PrivateFrameworks/CommonAuth.framework/Versions/A/CommonAuth
0x00007fff27594000 	/System/Library/PrivateFrameworks/login.framework/Versions/A/Frameworks/loginsupport.framework/Versions/A/loginsupport
0x00007fff2cf9b000 	/System/Library/PrivateFrameworks/AudioSession.framework/Versions/A/AudioSession
0x00007fff2d003000 	/usr/lib/libAudioStatistics.dylib
0x00007fff2b3cc000 	/System/Library/PrivateFrameworks/MediaExperience.framework/Versions/A/MediaExperience
0x00007fff2ce38000 	/System/Library/PrivateFrameworks/AudioSession.framework/libSessionUtility.dylib
0x00007fff2d9c8000 	/usr/lib/libperfcheck.dylib
0x00007fff2d34c000 	/System/Library/PrivateFrameworks/AudioResourceArbitration.framework/Versions/A/AudioResourceArbitration
0x00007fff2b349000 	/System/Library/PrivateFrameworks/IconFoundation.framework/Versions/A/IconFoundation
0x00007fff2fe75000 	/System/Library/PrivateFrameworks/SpeechRecognitionCore.framework/Versions/A/SpeechRecognitionCore
0x0000000107a65000 	/Library/Java/JavaVirtualMachines/jdk-11.0.10.jdk/Contents/Home/lib/server/libjvm.dylib
0x000000010883c000 	/Library/Java/JavaVirtualMachines/jdk-11.0.10.jdk/Contents/Home/lib/libverify.dylib
0x000000010884c000 	/Library/Java/JavaVirtualMachines/jdk-11.0.10.jdk/Contents/Home/lib/libjava.dylib
0x0000000108879000 	/Library/Java/JavaVirtualMachines/jdk-11.0.10.jdk/Contents/Home/lib/libjimage.dylib
0x00000001088cf000 	/Library/Java/JavaVirtualMachines/jdk-11.0.10.jdk/Contents/Home/lib/libzip.dylib
0x000000010b763000 	/Library/Java/JavaVirtualMachines/jdk-11.0.10.jdk/Contents/Home/lib/libnio.dylib
0x000000010b775000 	/Library/Java/JavaVirtualMachines/jdk-11.0.10.jdk/Contents/Home/lib/libnet.dylib
0x000000010b98f000 	/private/var/folders/dd/3cfnymvd7995xz0gw6p9zc040000gn/T/sqlite-3.30.1-cf20d326-aff5-4aee-81a2-494cf2c6e1ce-libsqlitejdbc.jnilib
0x000000010bc8c000 	/Library/Java/JavaVirtualMachines/jdk-11.0.10.jdk/Contents/Home/lib/libmanagement.dylib
0x000000010bc96000 	/Library/Java/JavaVirtualMachines/jdk-11.0.10.jdk/Contents/Home/lib/libmanagement_ext.dylib
0x000000010bea1000 	/Library/Java/JavaVirtualMachines/jdk-11.0.10.jdk/Contents/Home/lib/libextnet.dylib


VM Arguments:
jvm_args: -ea 
java_command: edu.brown.cs.mramesh4.maps.Main --gui
java_class_path (initial): target/maps-1.0.jar:/Users/andresbeckruiz/.m2/repository/net/sf/jopt-simple/jopt-simple/6.0-alpha-3/jopt-simple-6.0-alpha-3.jar:/Users/andresbeckruiz/.m2/repository/junit/junit/4.13/junit-4.13.jar:/Users/andresbeckruiz/.m2/repository/org/hamcrest/hamcrest-core/1.3/hamcrest-core-1.3.jar:/Users/andresbeckruiz/.m2/repository/org/hamcrest/hamcrest-all/1.3/hamcrest-all-1.3.jar:/Users/andresbeckruiz/.m2/repository/org/slf4j/slf4j-api/2.0.0-alpha1/slf4j-api-2.0.0-alpha1.jar:/Users/andresbeckruiz/.m2/repository/org/slf4j/slf4j-jdk14/2.0.0-alpha1/slf4j-jdk14-2.0.0-alpha1.jar:/Users/andresbeckruiz/.m2/repository/com/google/guava/guava/28.2-jre/guava-28.2-jre.jar:/Users/andresbeckruiz/.m2/repository/com/google/guava/failureaccess/1.0.1/failureaccess-1.0.1.jar:/Users/andresbeckruiz/.m2/repository/com/google/guava/listenablefuture/9999.0-empty-to-avoid-conflict-with-guava/listenablefuture-9999.0-empty-to-avoid-conflict-with-guava.jar:/Users/andresbeckruiz/.m2/repository/com/google/code/findbugs/jsr305/3.0.2/jsr305-3.0.2.jar:/Users/andresbeckruiz/.m2/repository/org/checkerframework/checker-qual/2.10.0/checker-qual-2.10.0.jar:/Users/andresbeckruiz/.m2/repository/com/google/errorprone/error_prone_annotations/2.3.4/error_prone_annotations-2.3.4.jar:/Users/andresbeckruiz/.m2/repository/com/google/j2objc/j2objc-annotations/1.3/j2objc-annotations-1.3.jar:/Users/andresbeckruiz/.m2/repository/com/google/code/gson/gson/2.8.6/gson-2.8.6.jar:/Users/andresbeckruiz/.m2/repository/com/sparkjava/spark-core/2.9.1/spark-core-2.9.1.jar:/Users/andresbeckruiz/.m2/repository/org/eclipse/jetty/jetty-server/9.4.18.v20190429/jetty-server-9.4.18.v20190429.jar:/Users/andresbeckruiz/.m2/repository/javax/servlet/javax.servlet-api/3.1.0/javax.servlet-api-3.1.0.jar:/Users/andresbeckruiz/.m2/repository/org/eclipse/jetty/jetty-http/9.4.18.v20190429/jetty-http-9.4.18.v20190429.jar:/Users/andresbeckruiz/.m2/repository/org/eclipse/jetty/jetty-util/9.4.18.v20190429/jetty-util-9.4.18.v20
Launcher Type: SUN_STANDARD

[Global flags]
     intx CICompilerCount                          = 4                                         {product} {ergonomic}
     uint ConcGCThreads                            = 2                                         {product} {ergonomic}
     uint G1ConcRefinementThreads                  = 8                                         {product} {ergonomic}
   size_t G1HeapRegionSize                         = 1048576                                   {product} {ergonomic}
    uintx GCDrainStackTargetSize                   = 64                                        {product} {ergonomic}
   size_t InitialHeapSize                          = 134217728                                 {product} {ergonomic}
   size_t MarkStackSize                            = 4194304                                   {product} {ergonomic}
   size_t MaxHeapSize                              = 2147483648                                {product} {ergonomic}
   size_t MaxNewSize                               = 1287651328                                {product} {ergonomic}
   size_t MinHeapDeltaBytes                        = 1048576                                   {product} {ergonomic}
    uintx NonNMethodCodeHeapSize                   = 5836300                                {pd product} {ergonomic}
    uintx NonProfiledCodeHeapSize                  = 122910970                              {pd product} {ergonomic}
    uintx ProfiledCodeHeapSize                     = 122910970                              {pd product} {ergonomic}
    uintx ReservedCodeCacheSize                    = 251658240                              {pd product} {ergonomic}
     bool SegmentedCodeCache                       = true                                      {product} {ergonomic}
     bool UseCompressedClassPointers               = true                                 {lp64_product} {ergonomic}
     bool UseCompressedOops                        = true                                 {lp64_product} {ergonomic}
     bool UseG1GC                                  = true                                      {product} {ergonomic}

Logging:
Log output configuration:
 #0: stdout all=warning uptime,level,tags
 #1: stderr all=off uptime,level,tags

Environment Variables:
JAVA_HOME=/Library/Java/JavaVirtualMachines/jdk-11.0.10.jdk/Contents/Home
CLASSPATH=:/Users/andresbeckruiz/Desktop/cs15_TA/*:.
PATH=/Library/Frameworks/Python.framework/Versions/3.8/bin:/usr/local/bin:/usr/bin:/bin:/usr/sbin:/sbin:/opt/X11/bin:/Library/Apple/usr/bin:/Users/andresbeckruiz/Desktop/cs0320/maps-3-4-abeckrui-bgriswol/node_modules/.bin:/Users/andresbeckruiz/Library/Android/sdk/emulator:/Users/andresbeckruiz/Library/Android/sdk/tools:/Users/andresbeckruiz/Library/Android/sdk/tools/bin:/Users/andresbeckruiz/Library/Android/sdk/platform-tools
SHELL=/bin/bash
DISPLAY=/private/tmp/com.apple.launchd.gmqlnk0uJY/org.macosforge.xquartz:0

Signal Handlers:
SIGSEGV: [libjvm.dylib+0x7976a8], sa_mask[0]=11111111011111110111111111111111, sa_flags=SA_ONSTACK|SA_RESTART|SA_SIGINFO
SIGBUS: [libjvm.dylib+0x7976a8], sa_mask[0]=11111111011111110111111111111111, sa_flags=SA_RESTART|SA_SIGINFO
SIGFPE: [libjvm.dylib+0x7976a8], sa_mask[0]=11111111011111110111111111111111, sa_flags=SA_RESTART|SA_SIGINFO
SIGPIPE: [libjvm.dylib+0x647bd7], sa_mask[0]=11111111011111110111111111111111, sa_flags=SA_RESTART|SA_SIGINFO
SIGXFSZ: [libjvm.dylib+0x647bd7], sa_mask[0]=11111111011111110111111111111111, sa_flags=SA_RESTART|SA_SIGINFO
SIGILL: [libjvm.dylib+0x7976a8], sa_mask[0]=11111111011111110111111111111111, sa_flags=SA_RESTART|SA_SIGINFO
SIGUSR2: [libjvm.dylib+0x6481c1], sa_mask[0]=00100000000000000000000000000000, sa_flags=SA_RESTART|SA_SIGINFO
SIGHUP: [libjvm.dylib+0x646c1f], sa_mask[0]=11111111011111110111111111111111, sa_flags=SA_RESTART|SA_SIGINFO
SIGINT: [libjvm.dylib+0x646c1f], sa_mask[0]=11111111011111110111111111111111, sa_flags=SA_RESTART|SA_SIGINFO
SIGTERM: [libjvm.dylib+0x646c1f], sa_mask[0]=11111111011111110111111111111111, sa_flags=SA_RESTART|SA_SIGINFO
SIGQUIT: [libjvm.dylib+0x646c1f], sa_mask[0]=11111111011111110111111111111111, sa_flags=SA_RESTART|SA_SIGINFO


---------------  S Y S T E M  ---------------

OS:uname:Darwin 20.3.0 Darwin Kernel Version 20.3.0: Thu Jan 21 00:07:06 PST 2021; root:xnu-7195.81.3~1/RELEASE_X86_64 x86_64
rlimit: STACK 8192k, CORE 0k, NPROC 1392, NOFILE 10240, AS infinity, DATA infinity, FSIZE infinity
load average:3.81 3.64 3.83

CPU:total 8 (initial active 8) (4 cores per cpu, 2 threads per core) family 6 model 142 stepping 10 microcode 0xe0, cmov, cx8, fxsr, mmx, sse, sse2, sse3, ssse3, sse4.1, sse4.2, popcnt, avx, avx2, aes, clmul, erms, 3dnowpref, lzcnt, ht, tsc, tscinvbit, bmi1, bmi2, adx, fma

Memory: 4k page, physical 8388608k(85684k free)

vm_info: Java HotSpot(TM) 64-Bit Server VM (11.0.10+8-LTS-162) for bsd-amd64 JRE (11.0.10+8-LTS-162), built on Dec  8 2020 16:31:04 by "mach5one" with gcc 4.2.1 Compatible Apple LLVM 10.0.0 (clang-1000.11.45.5)

END.
