#
# A fatal error has been detected by the Java Runtime Environment:
#
#  SIGSEGV (0xb) at pc=0x000000010c32e4a1, pid=53967, tid=39939
#
# JRE version: Java(TM) SE Runtime Environment 18.9 (11.0.10+8) (build 11.0.10+8-LTS-162)
# Java VM: Java HotSpot(TM) 64-Bit Server VM 18.9 (11.0.10+8-LTS-162, mixed mode, tiered, compressed oops, g1 gc, bsd-amd64)
# Problematic frame:
# V  [libjvm.dylib+0x32e4a1]  void G1RebuildRemSetClosure::do_oop_work<unsigned int>(unsigned int*)+0x53
#
# No core dump will be written. Core dumps have been disabled. To enable core dumping, try "ulimit -c unlimited" before starting Java again
#
# If you would like to submit a bug report, please visit:
#   https://bugreport.java.com/bugreport/crash.jsp
#

---------------  S U M M A R Y ------------

Command Line: -Dclassworlds.conf=/usr/local/Cellar/maven/3.6.3_1/libexec/bin/m2.conf -Dmaven.home=/usr/local/Cellar/maven/3.6.3_1/libexec -Dlibrary.jansi.path=/usr/local/Cellar/maven/3.6.3_1/libexec/lib/jansi-native -Dmaven.multiModuleProjectDirectory=/Users/andresbeckruiz/Desktop/cs0320/maps-3-4-abeckrui-bgriswol org.codehaus.plexus.classworlds.launcher.Launcher package

Host: MacBookPro15,4 x86_64 1400 MHz, 8 cores, 8G, Darwin 20.3.0
Time: Mon Mar 15 01:42:54 2021 EDT elapsed time: 4.030479 seconds (0d 0h 0m 4s)

---------------  T H R E A D  ---------------

Current thread (0x00007febb4995800):  ConcurrentGCThread "G1 Conc#1" [stack: 0x000070000eb20000,0x000070000ec20000] [id=39939]

Stack: [0x000070000eb20000,0x000070000ec20000],  sp=0x000070000ec1fc40,  free space=1023k
Native frames: (J=compiled Java code, A=aot compiled Java code, j=interpreted, Vv=VM code, C=native code)
V  [libjvm.dylib+0x32e4a1]  void G1RebuildRemSetClosure::do_oop_work<unsigned int>(unsigned int*)+0x53
V  [libjvm.dylib+0x333ee0]  void OopOopIterateDispatch<G1RebuildRemSetClosure>::Table::oop_oop_iterate<InstanceKlass, unsigned int>(G1RebuildRemSetClosure*, oopDesc*, Klass*)+0x66
V  [libjvm.dylib+0x32e9bb]  G1RebuildRemSetTask::G1RebuildRemSetHeapRegionClosure::scan_for_references(oopDesc*, MemRegion)+0x15f
V  [libjvm.dylib+0x32e563]  G1RebuildRemSetTask::G1RebuildRemSetHeapRegionClosure::rebuild_rem_set_in_region(G1CMBitMap const*, HeapWord*, HeapWord*, HeapRegion*, MemRegion)+0xa5
V  [libjvm.dylib+0x32e2f5]  G1RebuildRemSetTask::G1RebuildRemSetHeapRegionClosure::do_heap_region(HeapRegion*)+0x111
V  [libjvm.dylib+0x377a2a]  HeapRegionManager::par_iterate(HeapRegionClosure*, HeapRegionClaimer*, unsigned int) const+0x76
V  [libjvm.dylib+0x32e1d6]  G1RebuildRemSetTask::work(unsigned int)+0x64
V  [libjvm.dylib+0x7bee65]  GangWorker::loop()+0x43
V  [libjvm.dylib+0x741b1a]  Thread::call_run()+0x68
V  [libjvm.dylib+0x645b53]  thread_native_entry(Thread*)+0x139
C  [libsystem_pthread.dylib+0x6950]  _pthread_start+0xe0
C  [libsystem_pthread.dylib+0x247b]  thread_start+0xf


siginfo: si_signo: 11 (SIGSEGV), si_code: 1 (SEGV_MAPERR), si_addr: 0x0000000000000117

Register to memory mapping:

RAX=0xffffffffffffffff is an unknown value
RBX=0x0000000780637f7c is pointing into object: org.apache.maven.model.Developer 
{0x0000000780637f30} - klass: 'org/apache/maven/model/Developer'
RCX=0x00007febb1fe3800 points into unknown readable memory: f0 1c b1 b2 eb 7f 00 00
RDX=0x00007febb2009e00 points into unknown readable memory: 00 9a 92 0c 01 00 00 00
RSP=0x000070000ec1fc40 points into unknown readable memory: 80 fc c1 0e 00 70 00 00
RBP=0x000070000ec1fc40 points into unknown readable memory: 80 fc c1 0e 00 70 00 00
RSI=0x0000000780637f7c is pointing into object: org.apache.maven.model.Developer 
{0x0000000780637f30} - klass: 'org/apache/maven/model/Developer'
RDI=0x000070000ec1fed0 points into unknown readable memory: 70 bd 92 0c 01 00 00 00
R8 =0x0000000780000000 is an oop: [B 
{0x0000000780000000} - klass: {type array byte}
 - length: 5
R9 =0x0 is NULL
R10=0x000000010d9d7000 points into unknown readable memory: 49 22 49 12 91 84 90 88
R11=0x00000000000c8000 is an unknown value
R12=0x00000008001f5d78 is pointing into metadata
R13=0x00000008001f5d80 is a pointer to class: 
org.apache.maven.model.PatternSet {0x00000008001f5d80}
R14=0x0000000780637f88 is an oop: java.lang.String 
{0x0000000780637f88} - klass: 'java/lang/String'
R15=0x000070000ec1fed0 points into unknown readable memory: 70 bd 92 0c 01 00 00 00


Registers:
RAX=0xffffffffffffffff, RBX=0x0000000780637f7c, RCX=0x00007febb1fe3800, RDX=0x00007febb2009e00
RSP=0x000070000ec1fc40, RBP=0x000070000ec1fc40, RSI=0x0000000780637f7c, RDI=0x000070000ec1fed0
R8 =0x0000000780000000, R9 =0x0000000000000000, R10=0x000000010d9d7000, R11=0x00000000000c8000
R12=0x00000008001f5d78, R13=0x00000008001f5d80, R14=0x0000000780637f88, R15=0x000070000ec1fed0
RIP=0x000000010c32e4a1, EFLAGS=0x0000000000010206, ERR=0x0000000000000004
  TRAPNO=0x000000000000000e

Top of Stack: (sp=0x000070000ec1fc40)
0x000070000ec1fc40:   000070000ec1fc80 000000010c333ee0
0x000070000ec1fc50:   0000000780637f30 000000000000000b
0x000070000ec1fc60:   0000000780637f30 0000000000000003
0x000070000ec1fc70:   000070000ec1fed0 000070000ec1fd30
0x000070000ec1fc80:   000070000ec1fce0 000000010c32e9bb
0x000070000ec1fc90:   000070000ec1fcb0 000000010c3732df
0x000070000ec1fca0:   0000000780600000 00007febb1415e30
0x000070000ec1fcb0:   000070000ec1fce0 000000010c3731a2
0x000070000ec1fcc0:   0000000000006f8a 0000000780700000
0x000070000ec1fcd0:   0000000780637f30 000070000ec1fdc0
0x000070000ec1fce0:   000070000ec1fda0 000000010c32e563
0x000070000ec1fcf0:   0000000000000000 0000000000000000
0x000070000ec1fd00:   0000000000000000 0000000000000000
0x000070000ec1fd10:   0000000000000000 0000000000000000
0x000070000ec1fd20:   0000000780600000 0000000000008000
0x000070000ec1fd30:   0000000780600000 0000000000008000
0x000070000ec1fd40:   0000000000000000 00007febb2032e18
0x000070000ec1fd50:   0000000780700000 0000000780600000
0x000070000ec1fd60:   0000000000008000 0000000780637f30
0x000070000ec1fd70:   000070000ec1feb8 00007febb1415e30
0x000070000ec1fd80:   000070000ec1feb8 0000000780700000
0x000070000ec1fd90:   000070000ec1feb8 0000000780600000
0x000070000ec1fda0:   000070000ec1fe60 000000010c32e2f5
0x000070000ec1fdb0:   000070000ec1fde0 000000010c62f983
0x000070000ec1fdc0:   0000000780600000 0000000000008000
0x000070000ec1fdd0:   0000000780600000 0000000000020000
0x000070000ec1fde0:   0000000780600000 0000000000008000
0x000070000ec1fdf0:   0000000780600000 0000000000008000
0x000070000ec1fe00:   000000000003f9b0 000000014bdfda88
0x000070000ec1fe10:   00000000f0049b1c 0000000000008000
0x000070000ec1fe20:   0000000000040000 0000000780700000
0x000070000ec1fe30:   0000000000000006 000000000000009a 

Instructions: (pc=0x000000010c32e4a1)
0x000000010c32e481:   3a 48 8b 57 10 8a 8a c0 02 00 00 48 d3 e8 48 8b
0x000000010c32e491:   8a b0 02 00 00 48 8b 04 c1 48 8b 80 f8 00 00 00
0x000000010c32e4a1:   83 b8 18 01 00 00 00 74 12 8b 57 18 48 05 90 00
0x000000010c32e4b1:   00 00 48 89 c7 5d e9 be 9f 04 00 5d c3 55 48 89 

Stack slot to memory mapping:
stack at sp + 0 slots: 0x000070000ec1fc80 points into unknown readable memory: e0 fc c1 0e 00 70 00 00
stack at sp + 1 slots: 0x000000010c333ee0: _ZN21OopOopIterateDispatchI22G1RebuildRemSetClosureE5Table15oop_oop_iterateI13InstanceKlassjEEvPS0_P7oopDescP5Klass+0x66 in /Library/Java/JavaVirtualMachines/jdk-11.0.10.jdk/Contents/Home/lib/server/libjvm.dylib at 0x000000010c000000
stack at sp + 2 slots: 0x0000000780637f30 is an oop: org.apache.maven.model.Developer 
{0x0000000780637f30} - klass: 'org/apache/maven/model/Developer'
stack at sp + 3 slots: 0x000000000000000b is an unknown value
stack at sp + 4 slots: 0x0000000780637f30 is an oop: org.apache.maven.model.Developer 
{0x0000000780637f30} - klass: 'org/apache/maven/model/Developer'
stack at sp + 5 slots: 0x0000000000000003 is an unknown value
stack at sp + 6 slots: 0x000070000ec1fed0 points into unknown readable memory: 70 bd 92 0c 01 00 00 00
stack at sp + 7 slots: 0x000070000ec1fd30 points into unknown readable memory: 00 00 60 80 07 00 00 00


---------------  P R O C E S S  ---------------

Threads class SMR info:
_java_thread_list=0x00007febb4229030, length=9, elements={
0x00007febb200f800, 0x00007febb2050800, 0x00007febb2055800, 0x00007febb2822800,
0x00007febb2825800, 0x00007febb2826800, 0x00007febb2827000, 0x00007febb2823800,
0x00007febb4862000
}

Java Threads: ( => current thread )
  0x00007febb200f800 JavaThread "main" [_thread_in_vm_trans, id=10243, stack(0x000070000d7e4000,0x000070000d8e4000)]
  0x00007febb2050800 JavaThread "Reference Handler" daemon [_thread_blocked, id=17667, stack(0x000070000def9000,0x000070000dff9000)]
  0x00007febb2055800 JavaThread "Finalizer" daemon [_thread_blocked, id=16899, stack(0x000070000dffc000,0x000070000e0fc000)]
  0x00007febb2822800 JavaThread "Signal Dispatcher" daemon [_thread_blocked, id=22019, stack(0x000070000e205000,0x000070000e305000)]
  0x00007febb2825800 JavaThread "C2 CompilerThread0" daemon [_thread_in_native, id=43011, stack(0x000070000e308000,0x000070000e408000)]
  0x00007febb2826800 JavaThread "C1 CompilerThread0" daemon [_thread_in_vm, id=22787, stack(0x000070000e40b000,0x000070000e50b000)]
  0x00007febb2827000 JavaThread "Sweeper thread" daemon [_thread_blocked, id=41987, stack(0x000070000e50e000,0x000070000e60e000)]
  0x00007febb2823800 JavaThread "Service Thread" daemon [_thread_blocked, id=41731, stack(0x000070000e611000,0x000070000e711000)]
  0x00007febb4862000 JavaThread "Common-Cleaner" daemon [_thread_blocked, id=40963, stack(0x000070000e817000,0x000070000e917000)]

Other Threads:
  0x00007febb188c000 VMThread "VM Thread" [stack: 0x000070000ddf6000,0x000070000def6000] [id=12547]
  0x00007febb485b800 WatcherThread [stack: 0x000070000e714000,0x000070000e814000] [id=41475]
  0x00007febb200b000 GCTaskThread "GC Thread#0" [stack: 0x000070000d8e7000,0x000070000d9e7000] [id=20739]
  0x00007febb6014800 GCTaskThread "GC Thread#1" [stack: 0x000070000e91a000,0x000070000ea1a000] [id=24067]
  0x00007febb6016000 GCTaskThread "GC Thread#2" [stack: 0x000070000ea1d000,0x000070000eb1d000] [id=40195]
  0x00007febb203b800 ConcurrentGCThread "G1 Main Marker" [stack: 0x000070000d9ea000,0x000070000daea000] [id=20227]
  0x00007febb2811800 ConcurrentGCThread "G1 Conc#0" [stack: 0x000070000daed000,0x000070000dbed000] [id=19459]
=>0x00007febb4995800 ConcurrentGCThread "G1 Conc#1" [stack: 0x000070000eb20000,0x000070000ec20000] [id=39939]
  0x00007febb186e000 ConcurrentGCThread "G1 Refine#0" [stack: 0x000070000dbf0000,0x000070000dcf0000] [id=18947]
  0x00007febb186f000 ConcurrentGCThread "G1 Young RemSet Sampling" [stack: 0x000070000dcf3000,0x000070000ddf3000] [id=11523]

Threads with active compile tasks:
C2 CompilerThread0   4044 6211   !   4       com.sun.tools.javac.parser.JavaTokenizer::readToken (2179 bytes)
C1 CompilerThread0   4044 6422       2       java.util.EnumSet::of (40 bytes)

VM state:not at safepoint (normal execution)

VM Mutex/Monitor currently owned by a thread: None

Heap address: 0x0000000780000000, size: 2048 MB, Compressed Oops mode: Zero based, Oop shift amount: 3
Narrow klass base: 0x0000000800000000, Narrow klass shift: 0
Compressed class space size: 1073741824 Address: 0x0000000800000000

Heap:
 garbage-first heap   total 157696K, used 39197K [0x0000000780000000, 0x0000000800000000)
  region size 1024K, 18 young (18432K), 10 survivors (10240K)
 Metaspace       used 35056K, capacity 35819K, committed 36176K, reserved 1081344K
  class space    used 3663K, capacity 3973K, committed 4096K, reserved 1048576K
Heap Regions: E=young(eden), S=young(survivor), O=old, HS=humongous(starts), HC=humongous(continues), CS=collection set, F=free, A=archive, TAMS=top-at-mark-start (previous, next)
|   0|0x0000000780000000, 0x0000000780100000, 0x0000000780100000|100%| O|  |TAMS 0x0000000780100000, 0x0000000780000000| Updating 
|   1|0x0000000780100000, 0x0000000780200000, 0x0000000780200000|100%| O|  |TAMS 0x0000000780200000, 0x0000000780100000| Updating 
|   2|0x0000000780200000, 0x0000000780300000, 0x0000000780300000|100%| O|  |TAMS 0x0000000780300000, 0x0000000780200000| Updating 
|   3|0x0000000780300000, 0x0000000780400000, 0x0000000780400000|100%| O|  |TAMS 0x0000000780400000, 0x0000000780300000| Updating 
|   4|0x0000000780400000, 0x0000000780500000, 0x0000000780500000|100%| O|  |TAMS 0x0000000780500000, 0x0000000780400000| Updating 
|   5|0x0000000780500000, 0x0000000780600000, 0x0000000780600000|100%| O|  |TAMS 0x0000000780600000, 0x0000000780500000| Updating 
|   6|0x0000000780600000, 0x0000000780700000, 0x0000000780700000|100%| O|  |TAMS 0x0000000780700000, 0x0000000780600000| Updating 
|   7|0x0000000780700000, 0x0000000780800000, 0x0000000780800000|100%| O|  |TAMS 0x0000000780800000, 0x0000000780700000| Updating 
|   8|0x0000000780800000, 0x0000000780900000, 0x0000000780900000|100%| O|  |TAMS 0x0000000780900000, 0x0000000780800000| Updating 
|   9|0x0000000780900000, 0x0000000780a00000, 0x0000000780a00000|100%| O|  |TAMS 0x0000000780a00000, 0x0000000780900000| Updating 
|  10|0x0000000780a00000, 0x0000000780b00000, 0x0000000780b00000|100%| O|  |TAMS 0x0000000780b00000, 0x0000000780a00000| Updating 
|  11|0x0000000780b00000, 0x0000000780c00000, 0x0000000780c00000|100%| O|  |TAMS 0x0000000780c00000, 0x0000000780b00000| Updating 
|  12|0x0000000780c00000, 0x0000000780d00000, 0x0000000780d00000|100%|HS|  |TAMS 0x0000000780d00000, 0x0000000780c00000| Complete 
|  13|0x0000000780d00000, 0x0000000780e00000, 0x0000000780e00000|100%| O|  |TAMS 0x0000000780e00000, 0x0000000780d00000| Updating 
|  14|0x0000000780e00000, 0x0000000780f00000, 0x0000000780f00000|100%| O|  |TAMS 0x0000000780f00000, 0x0000000780e00000| Updating 
|  15|0x0000000780f00000, 0x0000000781000000, 0x0000000781000000|100%| O|  |TAMS 0x0000000781000000, 0x0000000780f00000| Updating 
|  16|0x0000000781000000, 0x0000000781100000, 0x0000000781100000|100%| O|  |TAMS 0x0000000781100000, 0x0000000781000000| Updating 
|  17|0x0000000781100000, 0x0000000781200000, 0x0000000781200000|100%| O|  |TAMS 0x0000000781200000, 0x0000000781100000| Updating 
|  18|0x0000000781200000, 0x0000000781300000, 0x0000000781300000|100%| O|  |TAMS 0x0000000781300000, 0x0000000781200000| Updating 
|  19|0x0000000781300000, 0x0000000781400000, 0x0000000781400000|100%| O|  |TAMS 0x0000000781400000, 0x0000000781300000| Updating 
|  20|0x0000000781400000, 0x0000000781500000, 0x0000000781500000|100%| O|  |TAMS 0x0000000781500000, 0x0000000781400000| Updating 
|  21|0x0000000781500000, 0x00000007815c7600, 0x0000000781600000| 77%| O|  |TAMS 0x00000007815c7600, 0x0000000781500000| Updating 
|  22|0x0000000781600000, 0x0000000781600000, 0x0000000781700000|  0%| F|  |TAMS 0x0000000781600000, 0x0000000781600000| Untracked 
|  23|0x0000000781700000, 0x0000000781700000, 0x0000000781800000|  0%| F|  |TAMS 0x0000000781700000, 0x0000000781700000| Untracked 
|  24|0x0000000781800000, 0x0000000781800000, 0x0000000781900000|  0%| F|  |TAMS 0x0000000781800000, 0x0000000781800000| Untracked 
|  25|0x0000000781900000, 0x0000000781900000, 0x0000000781a00000|  0%| F|  |TAMS 0x0000000781900000, 0x0000000781900000| Untracked 
|  26|0x0000000781a00000, 0x0000000781a00000, 0x0000000781b00000|  0%| F|  |TAMS 0x0000000781a00000, 0x0000000781a00000| Untracked 
|  27|0x0000000781b00000, 0x0000000781b00000, 0x0000000781c00000|  0%| F|  |TAMS 0x0000000781b00000, 0x0000000781b00000| Untracked 
|  28|0x0000000781c00000, 0x0000000781c00000, 0x0000000781d00000|  0%| F|  |TAMS 0x0000000781c00000, 0x0000000781c00000| Untracked 
|  29|0x0000000781d00000, 0x0000000781d00000, 0x0000000781e00000|  0%| F|  |TAMS 0x0000000781d00000, 0x0000000781d00000| Untracked 
|  30|0x0000000781e00000, 0x0000000781e00000, 0x0000000781f00000|  0%| F|  |TAMS 0x0000000781e00000, 0x0000000781e00000| Untracked 
|  31|0x0000000781f00000, 0x0000000781f00000, 0x0000000782000000|  0%| F|  |TAMS 0x0000000781f00000, 0x0000000781f00000| Untracked 
|  32|0x0000000782000000, 0x0000000782000000, 0x0000000782100000|  0%| F|  |TAMS 0x0000000782000000, 0x0000000782000000| Untracked 
|  33|0x0000000782100000, 0x0000000782100000, 0x0000000782200000|  0%| F|  |TAMS 0x0000000782100000, 0x0000000782100000| Untracked 
|  34|0x0000000782200000, 0x0000000782200000, 0x0000000782300000|  0%| F|  |TAMS 0x0000000782200000, 0x0000000782200000| Untracked 
|  35|0x0000000782300000, 0x0000000782300000, 0x0000000782400000|  0%| F|  |TAMS 0x0000000782300000, 0x0000000782300000| Untracked 
|  36|0x0000000782400000, 0x0000000782400000, 0x0000000782500000|  0%| F|  |TAMS 0x0000000782400000, 0x0000000782400000| Untracked 
|  37|0x0000000782500000, 0x0000000782500000, 0x0000000782600000|  0%| F|  |TAMS 0x0000000782500000, 0x0000000782500000| Untracked 
|  38|0x0000000782600000, 0x0000000782600000, 0x0000000782700000|  0%| F|  |TAMS 0x0000000782600000, 0x0000000782600000| Untracked 
|  39|0x0000000782700000, 0x0000000782700000, 0x0000000782800000|  0%| F|  |TAMS 0x0000000782700000, 0x0000000782700000| Untracked 
|  40|0x0000000782800000, 0x0000000782800000, 0x0000000782900000|  0%| F|  |TAMS 0x0000000782800000, 0x0000000782800000| Untracked 
|  41|0x0000000782900000, 0x0000000782900000, 0x0000000782a00000|  0%| F|  |TAMS 0x0000000782900000, 0x0000000782900000| Untracked 
|  42|0x0000000782a00000, 0x0000000782a00000, 0x0000000782b00000|  0%| F|  |TAMS 0x0000000782a00000, 0x0000000782a00000| Untracked 
|  43|0x0000000782b00000, 0x0000000782b00000, 0x0000000782c00000|  0%| F|  |TAMS 0x0000000782b00000, 0x0000000782b00000| Untracked 
|  44|0x0000000782c00000, 0x0000000782c00000, 0x0000000782d00000|  0%| F|  |TAMS 0x0000000782c00000, 0x0000000782c00000| Untracked 
|  45|0x0000000782d00000, 0x0000000782d00000, 0x0000000782e00000|  0%| F|  |TAMS 0x0000000782d00000, 0x0000000782d00000| Untracked 
|  46|0x0000000782e00000, 0x0000000782e00000, 0x0000000782f00000|  0%| F|  |TAMS 0x0000000782e00000, 0x0000000782e00000| Untracked 
|  47|0x0000000782f00000, 0x0000000782f00000, 0x0000000783000000|  0%| F|  |TAMS 0x0000000782f00000, 0x0000000782f00000| Untracked 
|  48|0x0000000783000000, 0x0000000783000000, 0x0000000783100000|  0%| F|  |TAMS 0x0000000783000000, 0x0000000783000000| Untracked 
|  49|0x0000000783100000, 0x0000000783100000, 0x0000000783200000|  0%| F|  |TAMS 0x0000000783100000, 0x0000000783100000| Untracked 
|  50|0x0000000783200000, 0x0000000783200000, 0x0000000783300000|  0%| F|  |TAMS 0x0000000783200000, 0x0000000783200000| Untracked 
|  51|0x0000000783300000, 0x0000000783300000, 0x0000000783400000|  0%| F|  |TAMS 0x0000000783300000, 0x0000000783300000| Untracked 
|  52|0x0000000783400000, 0x0000000783400000, 0x0000000783500000|  0%| F|  |TAMS 0x0000000783400000, 0x0000000783400000| Untracked 
|  53|0x0000000783500000, 0x0000000783500000, 0x0000000783600000|  0%| F|  |TAMS 0x0000000783500000, 0x0000000783500000| Untracked 
|  54|0x0000000783600000, 0x0000000783600000, 0x0000000783700000|  0%| F|  |TAMS 0x0000000783600000, 0x0000000783600000| Untracked 
|  55|0x0000000783700000, 0x0000000783700000, 0x0000000783800000|  0%| F|  |TAMS 0x0000000783700000, 0x0000000783700000| Untracked 
|  56|0x0000000783800000, 0x0000000783800000, 0x0000000783900000|  0%| F|  |TAMS 0x0000000783800000, 0x0000000783800000| Untracked 
|  57|0x0000000783900000, 0x0000000783900000, 0x0000000783a00000|  0%| F|  |TAMS 0x0000000783900000, 0x0000000783900000| Untracked 
|  58|0x0000000783a00000, 0x0000000783a00000, 0x0000000783b00000|  0%| F|  |TAMS 0x0000000783a00000, 0x0000000783a00000| Untracked 
|  59|0x0000000783b00000, 0x0000000783b00000, 0x0000000783c00000|  0%| F|  |TAMS 0x0000000783b00000, 0x0000000783b00000| Untracked 
|  60|0x0000000783c00000, 0x0000000783c00000, 0x0000000783d00000|  0%| F|  |TAMS 0x0000000783c00000, 0x0000000783c00000| Untracked 
|  61|0x0000000783d00000, 0x0000000783d00000, 0x0000000783e00000|  0%| F|  |TAMS 0x0000000783d00000, 0x0000000783d00000| Untracked 
|  62|0x0000000783e00000, 0x0000000783e00000, 0x0000000783f00000|  0%| F|  |TAMS 0x0000000783e00000, 0x0000000783e00000| Untracked 
|  63|0x0000000783f00000, 0x0000000783f00000, 0x0000000784000000|  0%| F|  |TAMS 0x0000000783f00000, 0x0000000783f00000| Untracked 
|  64|0x0000000784000000, 0x0000000784000000, 0x0000000784100000|  0%| F|  |TAMS 0x0000000784000000, 0x0000000784000000| Untracked 
|  65|0x0000000784100000, 0x0000000784100000, 0x0000000784200000|  0%| F|  |TAMS 0x0000000784100000, 0x0000000784100000| Untracked 
|  66|0x0000000784200000, 0x0000000784200000, 0x0000000784300000|  0%| F|  |TAMS 0x0000000784200000, 0x0000000784200000| Untracked 
|  67|0x0000000784300000, 0x0000000784300000, 0x0000000784400000|  0%| F|  |TAMS 0x0000000784300000, 0x0000000784300000| Untracked 
|  68|0x0000000784400000, 0x0000000784400000, 0x0000000784500000|  0%| F|  |TAMS 0x0000000784400000, 0x0000000784400000| Untracked 
|  69|0x0000000784500000, 0x0000000784500000, 0x0000000784600000|  0%| F|  |TAMS 0x0000000784500000, 0x0000000784500000| Untracked 
|  70|0x0000000784600000, 0x0000000784600000, 0x0000000784700000|  0%| F|  |TAMS 0x0000000784600000, 0x0000000784600000| Untracked 
|  71|0x0000000784700000, 0x0000000784700000, 0x0000000784800000|  0%| F|  |TAMS 0x0000000784700000, 0x0000000784700000| Untracked 
|  72|0x0000000784800000, 0x0000000784800000, 0x0000000784900000|  0%| F|  |TAMS 0x0000000784800000, 0x0000000784800000| Untracked 
|  73|0x0000000784900000, 0x0000000784900000, 0x0000000784a00000|  0%| F|  |TAMS 0x0000000784900000, 0x0000000784900000| Untracked 
|  74|0x0000000784a00000, 0x0000000784a00000, 0x0000000784b00000|  0%| F|  |TAMS 0x0000000784a00000, 0x0000000784a00000| Untracked 
|  75|0x0000000784b00000, 0x0000000784b00000, 0x0000000784c00000|  0%| F|  |TAMS 0x0000000784b00000, 0x0000000784b00000| Untracked 
|  76|0x0000000784c00000, 0x0000000784c00000, 0x0000000784d00000|  0%| F|  |TAMS 0x0000000784c00000, 0x0000000784c00000| Untracked 
|  77|0x0000000784d00000, 0x0000000784d00000, 0x0000000784e00000|  0%| F|  |TAMS 0x0000000784d00000, 0x0000000784d00000| Untracked 
|  78|0x0000000784e00000, 0x0000000784e00000, 0x0000000784f00000|  0%| F|  |TAMS 0x0000000784e00000, 0x0000000784e00000| Untracked 
|  79|0x0000000784f00000, 0x0000000784f00000, 0x0000000785000000|  0%| F|  |TAMS 0x0000000784f00000, 0x0000000784f00000| Untracked 
|  80|0x0000000785000000, 0x0000000785000000, 0x0000000785100000|  0%| F|  |TAMS 0x0000000785000000, 0x0000000785000000| Untracked 
|  81|0x0000000785100000, 0x0000000785100000, 0x0000000785200000|  0%| F|  |TAMS 0x0000000785100000, 0x0000000785100000| Untracked 
|  82|0x0000000785200000, 0x0000000785200000, 0x0000000785300000|  0%| F|  |TAMS 0x0000000785200000, 0x0000000785200000| Untracked 
|  83|0x0000000785300000, 0x0000000785300000, 0x0000000785400000|  0%| F|  |TAMS 0x0000000785300000, 0x0000000785300000| Untracked 
|  84|0x0000000785400000, 0x0000000785400000, 0x0000000785500000|  0%| F|  |TAMS 0x0000000785400000, 0x0000000785400000| Untracked 
|  85|0x0000000785500000, 0x0000000785500000, 0x0000000785600000|  0%| F|  |TAMS 0x0000000785500000, 0x0000000785500000| Untracked 
|  86|0x0000000785600000, 0x0000000785600000, 0x0000000785700000|  0%| F|  |TAMS 0x0000000785600000, 0x0000000785600000| Untracked 
|  87|0x0000000785700000, 0x0000000785700000, 0x0000000785800000|  0%| F|  |TAMS 0x0000000785700000, 0x0000000785700000| Untracked 
|  88|0x0000000785800000, 0x0000000785800000, 0x0000000785900000|  0%| F|  |TAMS 0x0000000785800000, 0x0000000785800000| Untracked 
|  89|0x0000000785900000, 0x0000000785900000, 0x0000000785a00000|  0%| F|  |TAMS 0x0000000785900000, 0x0000000785900000| Untracked 
|  90|0x0000000785a00000, 0x0000000785a00000, 0x0000000785b00000|  0%| F|  |TAMS 0x0000000785a00000, 0x0000000785a00000| Untracked 
|  91|0x0000000785b00000, 0x0000000785b00000, 0x0000000785c00000|  0%| F|  |TAMS 0x0000000785b00000, 0x0000000785b00000| Untracked 
|  92|0x0000000785c00000, 0x0000000785c00000, 0x0000000785d00000|  0%| F|  |TAMS 0x0000000785c00000, 0x0000000785c00000| Untracked 
|  93|0x0000000785d00000, 0x0000000785d00000, 0x0000000785e00000|  0%| F|  |TAMS 0x0000000785d00000, 0x0000000785d00000| Untracked 
|  94|0x0000000785e00000, 0x0000000785e80000, 0x0000000785f00000| 50%| S|CS|TAMS 0x0000000785e00000, 0x0000000785e00000| Complete 
|  95|0x0000000785f00000, 0x0000000786000000, 0x0000000786000000|100%| S|CS|TAMS 0x0000000785f00000, 0x0000000785f00000| Complete 
|  96|0x0000000786000000, 0x0000000786100000, 0x0000000786100000|100%| S|CS|TAMS 0x0000000786000000, 0x0000000786000000| Complete 
|  97|0x0000000786100000, 0x0000000786200000, 0x0000000786200000|100%| S|CS|TAMS 0x0000000786100000, 0x0000000786100000| Complete 
|  98|0x0000000786200000, 0x0000000786300000, 0x0000000786300000|100%| S|CS|TAMS 0x0000000786200000, 0x0000000786200000| Complete 
|  99|0x0000000786300000, 0x0000000786400000, 0x0000000786400000|100%| S|CS|TAMS 0x0000000786300000, 0x0000000786300000| Complete 
| 100|0x0000000786400000, 0x0000000786500000, 0x0000000786500000|100%| S|CS|TAMS 0x0000000786400000, 0x0000000786400000| Complete 
| 101|0x0000000786500000, 0x0000000786600000, 0x0000000786600000|100%| S|CS|TAMS 0x0000000786500000, 0x0000000786500000| Complete 
| 102|0x0000000786600000, 0x0000000786700000, 0x0000000786700000|100%| S|CS|TAMS 0x0000000786600000, 0x0000000786600000| Complete 
| 103|0x0000000786700000, 0x0000000786800000, 0x0000000786800000|100%| S|CS|TAMS 0x0000000786700000, 0x0000000786700000| Complete 
| 104|0x0000000786800000, 0x0000000786800000, 0x0000000786900000|  0%| F|  |TAMS 0x0000000786800000, 0x0000000786800000| Untracked 
| 105|0x0000000786900000, 0x0000000786900000, 0x0000000786a00000|  0%| F|  |TAMS 0x0000000786900000, 0x0000000786900000| Untracked 
| 106|0x0000000786a00000, 0x0000000786a00000, 0x0000000786b00000|  0%| F|  |TAMS 0x0000000786a00000, 0x0000000786a00000| Untracked 
| 107|0x0000000786b00000, 0x0000000786b00000, 0x0000000786c00000|  0%| F|  |TAMS 0x0000000786b00000, 0x0000000786b00000| Untracked 
| 108|0x0000000786c00000, 0x0000000786c00000, 0x0000000786d00000|  0%| F|  |TAMS 0x0000000786c00000, 0x0000000786c00000| Untracked 
| 109|0x0000000786d00000, 0x0000000786d00000, 0x0000000786e00000|  0%| F|  |TAMS 0x0000000786d00000, 0x0000000786d00000| Untracked 
| 110|0x0000000786e00000, 0x0000000786e00000, 0x0000000786f00000|  0%| F|  |TAMS 0x0000000786e00000, 0x0000000786e00000| Untracked 
| 111|0x0000000786f00000, 0x0000000786f00000, 0x0000000787000000|  0%| F|  |TAMS 0x0000000786f00000, 0x0000000786f00000| Untracked 
| 112|0x0000000787000000, 0x0000000787000000, 0x0000000787100000|  0%| F|  |TAMS 0x0000000787000000, 0x0000000787000000| Untracked 
| 113|0x0000000787100000, 0x0000000787100000, 0x0000000787200000|  0%| F|  |TAMS 0x0000000787100000, 0x0000000787100000| Untracked 
| 114|0x0000000787200000, 0x0000000787200000, 0x0000000787300000|  0%| F|  |TAMS 0x0000000787200000, 0x0000000787200000| Untracked 
| 115|0x0000000787300000, 0x0000000787300000, 0x0000000787400000|  0%| F|  |TAMS 0x0000000787300000, 0x0000000787300000| Untracked 
| 116|0x0000000787400000, 0x0000000787400000, 0x0000000787500000|  0%| F|  |TAMS 0x0000000787400000, 0x0000000787400000| Untracked 
| 117|0x0000000787500000, 0x0000000787500000, 0x0000000787600000|  0%| F|  |TAMS 0x0000000787500000, 0x0000000787500000| Untracked 
| 118|0x0000000787600000, 0x0000000787600000, 0x0000000787700000|  0%| F|  |TAMS 0x0000000787600000, 0x0000000787600000| Untracked 
| 119|0x0000000787700000, 0x0000000787700000, 0x0000000787800000|  0%| F|  |TAMS 0x0000000787700000, 0x0000000787700000| Untracked 
| 120|0x0000000787800000, 0x0000000787800000, 0x0000000787900000|  0%| F|  |TAMS 0x0000000787800000, 0x0000000787800000| Untracked 
| 121|0x0000000787900000, 0x0000000787900000, 0x0000000787a00000|  0%| F|  |TAMS 0x0000000787900000, 0x0000000787900000| Untracked 
| 122|0x0000000787a00000, 0x0000000787a00000, 0x0000000787b00000|  0%| F|  |TAMS 0x0000000787a00000, 0x0000000787a00000| Untracked 
| 123|0x0000000787b00000, 0x0000000787b00000, 0x0000000787c00000|  0%| F|  |TAMS 0x0000000787b00000, 0x0000000787b00000| Untracked 
| 124|0x0000000787c00000, 0x0000000787c00000, 0x0000000787d00000|  0%| F|  |TAMS 0x0000000787c00000, 0x0000000787c00000| Untracked 
| 125|0x0000000787d00000, 0x0000000787d00000, 0x0000000787e00000|  0%| F|  |TAMS 0x0000000787d00000, 0x0000000787d00000| Untracked 
| 126|0x0000000787e00000, 0x0000000787e00000, 0x0000000787f00000|  0%| F|  |TAMS 0x0000000787e00000, 0x0000000787e00000| Untracked 
| 127|0x0000000787f00000, 0x0000000787f00000, 0x0000000788000000|  0%| F|  |TAMS 0x0000000787f00000, 0x0000000787f00000| Untracked 
| 128|0x0000000788000000, 0x0000000788000000, 0x0000000788100000|  0%| F|  |TAMS 0x0000000788000000, 0x0000000788000000| Untracked 
| 129|0x0000000788100000, 0x0000000788100000, 0x0000000788200000|  0%| F|  |TAMS 0x0000000788100000, 0x0000000788100000| Untracked 
| 130|0x0000000788200000, 0x0000000788200000, 0x0000000788300000|  0%| F|  |TAMS 0x0000000788200000, 0x0000000788200000| Untracked 
| 131|0x0000000788300000, 0x0000000788300000, 0x0000000788400000|  0%| F|  |TAMS 0x0000000788300000, 0x0000000788300000| Untracked 
| 132|0x0000000788400000, 0x0000000788400000, 0x0000000788500000|  0%| F|  |TAMS 0x0000000788400000, 0x0000000788400000| Untracked 
| 133|0x0000000788500000, 0x0000000788500000, 0x0000000788600000|  0%| F|  |TAMS 0x0000000788500000, 0x0000000788500000| Untracked 
| 134|0x0000000788600000, 0x0000000788600000, 0x0000000788700000|  0%| F|  |TAMS 0x0000000788600000, 0x0000000788600000| Untracked 
| 135|0x0000000788700000, 0x0000000788700000, 0x0000000788800000|  0%| F|  |TAMS 0x0000000788700000, 0x0000000788700000| Untracked 
| 136|0x0000000788800000, 0x0000000788800000, 0x0000000788900000|  0%| F|  |TAMS 0x0000000788800000, 0x0000000788800000| Untracked 
| 137|0x0000000788900000, 0x0000000788900000, 0x0000000788a00000|  0%| F|  |TAMS 0x0000000788900000, 0x0000000788900000| Untracked 
| 138|0x0000000788a00000, 0x0000000788a00000, 0x0000000788b00000|  0%| F|  |TAMS 0x0000000788a00000, 0x0000000788a00000| Untracked 
| 139|0x0000000788b00000, 0x0000000788b00000, 0x0000000788c00000|  0%| F|  |TAMS 0x0000000788b00000, 0x0000000788b00000| Untracked 
| 140|0x0000000788c00000, 0x0000000788c00000, 0x0000000788d00000|  0%| F|  |TAMS 0x0000000788c00000, 0x0000000788c00000| Untracked 
| 141|0x0000000788d00000, 0x0000000788d00000, 0x0000000788e00000|  0%| F|  |TAMS 0x0000000788d00000, 0x0000000788d00000| Untracked 
| 142|0x0000000788e00000, 0x0000000788e00000, 0x0000000788f00000|  0%| F|  |TAMS 0x0000000788e00000, 0x0000000788e00000| Untracked 
| 143|0x0000000788f00000, 0x0000000788f00000, 0x0000000789000000|  0%| F|  |TAMS 0x0000000788f00000, 0x0000000788f00000| Untracked 
| 144|0x0000000789000000, 0x0000000789000000, 0x0000000789100000|  0%| F|  |TAMS 0x0000000789000000, 0x0000000789000000| Untracked 
| 145|0x0000000789100000, 0x0000000789180800, 0x0000000789200000| 50%| E|  |TAMS 0x0000000789100000, 0x0000000789100000| Complete 
| 146|0x0000000789200000, 0x0000000789300000, 0x0000000789300000|100%| E|CS|TAMS 0x0000000789200000, 0x0000000789200000| Complete 
| 147|0x0000000789300000, 0x0000000789400000, 0x0000000789400000|100%| E|CS|TAMS 0x0000000789300000, 0x0000000789300000| Complete 
| 148|0x0000000789400000, 0x0000000789500000, 0x0000000789500000|100%| E|CS|TAMS 0x0000000789400000, 0x0000000789400000| Complete 
| 149|0x0000000789500000, 0x0000000789600000, 0x0000000789600000|100%| E|CS|TAMS 0x0000000789500000, 0x0000000789500000| Complete 
| 150|0x0000000789600000, 0x0000000789700000, 0x0000000789700000|100%| E|CS|TAMS 0x0000000789600000, 0x0000000789600000| Complete 
| 151|0x0000000789700000, 0x0000000789800000, 0x0000000789800000|100%| E|CS|TAMS 0x0000000789700000, 0x0000000789700000| Complete 
| 152|0x0000000789800000, 0x0000000789900000, 0x0000000789900000|100%| E|CS|TAMS 0x0000000789800000, 0x0000000789800000| Complete 
| 153|0x0000000789900000, 0x0000000789a00000, 0x0000000789a00000|100%| E|CS|TAMS 0x0000000789900000, 0x0000000789900000| Complete 

Card table byte_map: [0x000000010d1d7000,0x000000010d5d7000] _byte_map_base: 0x00000001095d7000

Marking Bits (Prev, Next): (CMBitMap*) 0x00007febb2032e18, (CMBitMap*) 0x00007febb2032e50
 Prev Bits: [0x000000010d9d7000, 0x000000010f9d7000)
 Next Bits: [0x0000000128150000, 0x000000012a150000)

Polling page: 0x0000000107c6d000

Metaspace:

Usage:
  Non-class:     31.10 MB capacity,    30.67 MB ( 99%) used,   374.92 KB (  1%) free+waste,    68.19 KB ( <1%) overhead. 
      Class:      3.88 MB capacity,     3.58 MB ( 92%) used,   280.79 KB (  7%) free+waste,    28.31 KB ( <1%) overhead. 
       Both:     34.98 MB capacity,    34.25 MB ( 98%) used,   655.71 KB (  2%) free+waste,    96.50 KB ( <1%) overhead. 

Virtual space:
  Non-class space:       32.00 MB reserved,      31.33 MB ( 98%) committed 
      Class space:        1.00 GB reserved,       4.00 MB ( <1%) committed 
             Both:        1.03 GB reserved,      35.33 MB (  3%) committed 

Chunk freelists:
   Non-Class:  2.62 KB
       Class:  3.38 KB
        Both:  6.00 KB

CodeHeap 'non-profiled nmethods': size=120032Kb used=1772Kb max_used=1772Kb free=118259Kb
 bounds [0x0000000120c18000, 0x0000000120e88000, 0x0000000128150000]
CodeHeap 'profiled nmethods': size=120028Kb used=12651Kb max_used=12651Kb free=107376Kb
 bounds [0x00000001196e1000, 0x000000011a341000, 0x0000000120c18000]
CodeHeap 'non-nmethods': size=5700Kb used=1123Kb max_used=1163Kb free=4576Kb
 bounds [0x0000000119150000, 0x00000001193c0000, 0x00000001196e1000]
 total_blobs=6811 nmethods=6352 adapters=371
 compilation: enabled
              stopped_count=0, restarted_count=0
 full_count=0

Compilation events (10 events):
Event: 4.019 Thread 0x00007febb2826800 nmethod 6370 0x000000011a31d310 code [0x000000011a31d580, 0x000000011a31e070]
Event: 4.025 Thread 0x00007febb2826800 6371 %     3       com.sun.tools.javac.code.Scope$ScopeImpl::remove @ 128 (179 bytes)
Event: 4.026 Thread 0x00007febb2826800 nmethod 6371% 0x000000011a31e510 code [0x000000011a31e7c0, 0x000000011a31f810]
Event: 4.026 Thread 0x00007febb2826800 6372       3       com.sun.tools.javac.util.List::contains (45 bytes)
Event: 4.026 Thread 0x00007febb2826800 nmethod 6372 0x000000011a31fd10 code [0x000000011a31fee0, 0x000000011a320260]
Event: 4.026 Thread 0x00007febb2826800 6374       3       com.sun.tools.javac.jvm.ClassReader::indexPool (268 bytes)
Event: 4.027 Thread 0x00007febb2826800 nmethod 6374 0x000000011a320390 code [0x000000011a3205c0, 0x000000011a321240]
Event: 4.027 Thread 0x00007febb2826800 6373       2       jdk.internal.jimage.ImageBufferCache::releaseBuffer (75 bytes)
Event: 4.027 Thread 0x00007febb2826800 nmethod 6373 0x000000011a321510 code [0x000000011a321700, 0x000000011a321be0]
Event: 4.027 Thread 0x00007febb2826800 6377       2       com.sun.tools.javac.code.Attribute$Compound::<init> (8 bytes)

GC Heap History (10 events):
Event: 1.792 GC heap before
{Heap before GC invocations=1 (full 0):
 garbage-first heap   total 131072K, used 78176K [0x0000000780000000, 0x0000000800000000)
  region size 1024K, 76 young (77824K), 3 survivors (3072K)
 Metaspace       used 20581K, capacity 20906K, committed 21296K, reserved 1069056K
  class space    used 2172K, capacity 2310K, committed 2432K, reserved 1048576K
}
Event: 1.800 GC heap after
{Heap after GC invocations=2 (full 0):
 garbage-first heap   total 131072K, used 8054K [0x0000000780000000, 0x0000000800000000)
  region size 1024K, 8 young (8192K), 8 survivors (8192K)
 Metaspace       used 20581K, capacity 20906K, committed 21296K, reserved 1069056K
  class space    used 2172K, capacity 2310K, committed 2432K, reserved 1048576K
}
Event: 1.804 GC heap before
{Heap before GC invocations=2 (full 0):
 garbage-first heap   total 131072K, used 8054K [0x0000000780000000, 0x0000000800000000)
  region size 1024K, 9 young (9216K), 8 survivors (8192K)
 Metaspace       used 20583K, capacity 20906K, committed 21296K, reserved 1069056K
  class space    used 2172K, capacity 2310K, committed 2432K, reserved 1048576K
}
Event: 1.810 GC heap after
{Heap after GC invocations=3 (full 0):
 garbage-first heap   total 131072K, used 8291K [0x0000000780000000, 0x0000000800000000)
  region size 1024K, 5 young (5120K), 5 survivors (5120K)
 Metaspace       used 20583K, capacity 20906K, committed 21296K, reserved 1069056K
  class space    used 2172K, capacity 2310K, committed 2432K, reserved 1048576K
}
Event: 2.487 GC heap before
{Heap before GC invocations=4 (full 0):
 garbage-first heap   total 131072K, used 80995K [0x0000000780000000, 0x0000000800000000)
  region size 1024K, 76 young (77824K), 5 survivors (5120K)
 Metaspace       used 22617K, capacity 23043K, committed 23472K, reserved 1071104K
  class space    used 2353K, capacity 2488K, committed 2560K, reserved 1048576K
}
Event: 2.493 GC heap after
{Heap after GC invocations=5 (full 0):
 garbage-first heap   total 131072K, used 11998K [0x0000000780000000, 0x0000000800000000)
  region size 1024K, 9 young (9216K), 9 survivors (9216K)
 Metaspace       used 22617K, capacity 23043K, committed 23472K, reserved 1071104K
  class space    used 2353K, capacity 2488K, committed 2560K, reserved 1048576K
}
Event: 3.383 GC heap before
{Heap before GC invocations=5 (full 0):
 garbage-first heap   total 131072K, used 80606K [0x0000000780000000, 0x0000000800000000)
  region size 1024K, 76 young (77824K), 9 survivors (9216K)
 Metaspace       used 32401K, capacity 33104K, committed 33328K, reserved 1079296K
  class space    used 3440K, capacity 3696K, committed 3712K, reserved 1048576K
}
Event: 3.401 GC heap after
{Heap after GC invocations=6 (full 0):
 garbage-first heap   total 157696K, used 21922K [0x0000000780000000, 0x0000000800000000)
  region size 1024K, 10 young (10240K), 10 survivors (10240K)
 Metaspace       used 32401K, capacity 33104K, committed 33328K, reserved 1079296K
  class space    used 3440K, capacity 3696K, committed 3712K, reserved 1048576K
}
Event: 3.984 GC heap before
{Heap before GC invocations=6 (full 0):
 garbage-first heap   total 157696K, used 73122K [0x0000000780000000, 0x0000000800000000)
  region size 1024K, 60 young (61440K), 10 survivors (10240K)
 Metaspace       used 35001K, capacity 35740K, committed 35920K, reserved 1081344K
  class space    used 3661K, capacity 3969K, committed 4096K, reserved 1048576K
}
Event: 4.000 GC heap after
{Heap after GC invocations=7 (full 0):
 garbage-first heap   total 157696K, used 32029K [0x0000000780000000, 0x0000000800000000)
  region size 1024K, 10 young (10240K), 10 survivors (10240K)
 Metaspace       used 35001K, capacity 35740K, committed 35920K, reserved 1081344K
  class space    used 3661K, capacity 3969K, committed 4096K, reserved 1048576K
}

Deoptimization events (10 events):
Event: 3.482 Thread 0x00007febb200f800 Uncommon trap: reason=bimorphic_or_optimized_type_check action=maybe_recompile pc=0x0000000120c7a2b8 method=java.util.HashMap.putVal(ILjava/lang/Object;Ljava/lang/Object;ZZ)Ljava/lang/Object; @ 253 c2
Event: 3.483 Thread 0x00007febb200f800 Uncommon trap: reason=bimorphic_or_optimized_type_check action=maybe_recompile pc=0x0000000120c7a2b8 method=java.util.HashMap.putVal(ILjava/lang/Object;Ljava/lang/Object;ZZ)Ljava/lang/Object; @ 253 c2
Event: 3.484 Thread 0x00007febb200f800 Uncommon trap: reason=bimorphic_or_optimized_type_check action=maybe_recompile pc=0x0000000120c7a2b8 method=java.util.HashMap.putVal(ILjava/lang/Object;Ljava/lang/Object;ZZ)Ljava/lang/Object; @ 253 c2
Event: 3.494 Thread 0x00007febb200f800 Uncommon trap: reason=bimorphic_or_optimized_type_check action=maybe_recompile pc=0x0000000120c7a2b8 method=java.util.HashMap.putVal(ILjava/lang/Object;Ljava/lang/Object;ZZ)Ljava/lang/Object; @ 253 c2
Event: 3.494 Thread 0x00007febb200f800 Uncommon trap: reason=bimorphic_or_optimized_type_check action=maybe_recompile pc=0x0000000120cf6ae4 method=java.util.HashMap.putVal(ILjava/lang/Object;Ljava/lang/Object;ZZ)Ljava/lang/Object; @ 253 c2
Event: 3.574 Thread 0x00007febb200f800 Uncommon trap: reason=unstable_if action=reinterpret pc=0x0000000120d9e144 method=com.sun.tools.javac.util.ListBuffer.copy()V @ 7 c2
Event: 3.918 Thread 0x00007febb200f800 Uncommon trap: reason=class_check action=maybe_recompile pc=0x0000000120c49c90 method=jdk.internal.loader.URLClassPath.getLoader(I)Ljdk/internal/loader/URLClassPath$Loader; @ 88 c2
Event: 3.918 Thread 0x00007febb200f800 Uncommon trap: reason=class_check action=maybe_recompile pc=0x0000000120c49c90 method=jdk.internal.loader.URLClassPath.getLoader(I)Ljdk/internal/loader/URLClassPath$Loader; @ 88 c2
Event: 3.948 Thread 0x00007febb200f800 Uncommon trap: reason=unstable_if action=reinterpret pc=0x0000000120db77c4 method=sun.nio.fs.UnixPath.compareTo(Ljava/nio/file/Path;)I @ 73 c2
Event: 3.949 Thread 0x00007febb200f800 Uncommon trap: reason=unstable_if action=reinterpret pc=0x0000000120d8a3c8 method=jdk.nio.zipfs.ZipPath.getFileName()Ljava/nio/file/Path; @ 12 c2

Classes redefined (0 events):
No events

Internal exceptions (10 events):
Event: 3.507 Thread 0x00007febb200f800 Exception <a 'java/lang/NoSuchMethodError'{0x000000078913ef08}: java.lang.invoke.DirectMethodHandle$Holder.invokeVirtual(Ljava/lang/Object;Ljava/lang/Object;Ljava/lang/Object;Ljava/lang/Object;)I> (0x000000078913ef08) thrown at [./open/src/hotspot/share/i
Event: 3.508 Thread 0x00007febb200f800 Exception <a 'java/lang/NoSuchMethodError'{0x0000000789149d98}: java.lang.invoke.DirectMethodHandle$Holder.invokeStatic(Ljava/lang/Object;Ljava/lang/Object;ILjava/lang/Object;)Ljava/lang/Object;> (0x0000000789149d98) thrown at [./open/src/hotspot/share/in
Event: 3.508 Thread 0x00007febb200f800 Exception <a 'java/lang/NoSuchMethodError'{0x0000000789150b10}: java.lang.invoke.Invokers$Holder.linkToTargetMethod(Ljava/lang/Object;ILjava/lang/Object;Ljava/lang/Object;)Ljava/lang/Object;> (0x0000000789150b10) thrown at [./open/src/hotspot/share/interp
Event: 3.509 Thread 0x00007febb200f800 Exception <a 'java/lang/NoSuchMethodError'{0x0000000789156550}: java.lang.invoke.DirectMethodHandle$Holder.invokeVirtual(Ljava/lang/Object;Ljava/lang/Object;Ljava/lang/Object;)Ljava/lang/Object;> (0x0000000789156550) thrown at [./open/src/hotspot/share/in
Event: 3.523 Thread 0x00007febb200f800 Exception <a 'java/lang/NoSuchMethodError'{0x0000000789002f38}: java.lang.invoke.DirectMethodHandle$Holder.invokeVirtual(Ljava/lang/Object;Ljava/lang/Object;)V> (0x0000000789002f38) thrown at [./open/src/hotspot/share/interpreter/linkResolver.cpp, line 77
Event: 3.836 Thread 0x00007febb200f800 Exception <a 'java/lang/NoSuchMethodError'{0x0000000787bcea10}: java.lang.invoke.DirectMethodHandle$Holder.invokeStatic(Ljava/lang/Object;Ljava/lang/Object;Ljava/lang/Object;Ljava/lang/Object;Ljava/lang/Object;Ljava/lang/Object;Ljava/lang/Object;I)Ljava/l
Event: 3.836 Thread 0x00007febb200f800 Exception <a 'java/lang/NoSuchMethodError'{0x0000000787bd3498}: java.lang.invoke.DirectMethodHandle$Holder.invokeSpecial(Ljava/lang/Object;Ljava/lang/Object;Ljava/lang/Object;Ljava/lang/Object;Ljava/lang/Object;Ljava/lang/Object;Ljava/lang/Object;Ljava/la
Event: 3.837 Thread 0x00007febb200f800 Exception <a 'java/lang/NoSuchMethodError'{0x0000000787be3dd8}: java.lang.invoke.Invokers$Holder.linkToTargetMethod(Ljava/lang/Object;Ljava/lang/Object;Ljava/lang/Object;Ljava/lang/Object;Ljava/lang/Object;Ljava/lang/Object;Ljava/lang/Object;)Ljava/lang/O
Event: 3.839 Thread 0x00007febb200f800 Exception <a 'java/lang/NoSuchMethodError'{0x0000000787bf6740}: java.lang.invoke.DirectMethodHandle$Holder.invokeSpecial(Ljava/lang/Object;Ljava/lang/Object;Ljava/lang/Object;Ljava/lang/Object;Ljava/lang/Object;Ljava/lang/Object;Ljava/lang/Object;Ljava/la
Event: 3.840 Thread 0x00007febb200f800 Exception <a 'java/lang/NoSuchMethodError'{0x0000000787bfae48}: java.lang.invoke.Invokers$Holder.linkToTargetMethod(Ljava/lang/Object;Ljava/lang/Object;Ljava/lang/Object;Ljava/lang/Object;Ljava/lang/Object;Ljava/lang/Object;Ljava/lang/Object;Ljava/lang/Ob

Events (10 events):
Event: 4.009 loading class com/sun/tools/javac/code/Symbol
Event: 4.009 loading class com/sun/tools/javac/code/Symbol done
Event: 4.009 loading class com/sun/tools/javac/code/Scope$FilterImportScope
Event: 4.009 loading class com/sun/tools/javac/code/Scope$FilterImportScope done
Event: 4.018 Thread 0x00007febb200f800 DEOPT PACKING pc=0x000000011a2f6da7 sp=0x000070000d8e12e0
Event: 4.018 Thread 0x00007febb200f800 DEOPT UNPACKING pc=0x00000001191769ba sp=0x000070000d8e0768 mode 0
Event: 4.020 Executing VM operation: CGC_Operation
Event: 4.024 Executing VM operation: CGC_Operation done
Event: 4.026 Thread 0x00007febb200f800 DEOPT PACKING pc=0x000000011a01196f sp=0x000070000d8e1bb0
Event: 4.026 Thread 0x00007febb200f800 DEOPT UNPACKING pc=0x00000001191769ba sp=0x000070000d8e1090 mode 0


Dynamic libraries:
0x00007fff35202000 	/System/Library/Frameworks/Cocoa.framework/Versions/A/Cocoa
0x00007fff22427000 	/System/Library/Frameworks/Security.framework/Versions/A/Security
0x00007fff333ff000 	/System/Library/Frameworks/ApplicationServices.framework/Versions/A/ApplicationServices
0x00007fff2a6b0000 	/usr/lib/libz.1.dylib
0x0000000107bf9000 	/Library/Java/JavaVirtualMachines/jdk-11.0.10.jdk/Contents/Home/lib/jli/libjli.dylib
0x00007fff2a778000 	/usr/lib/libSystem.B.dylib
0x00007fff22e4e000 	/System/Library/Frameworks/AppKit.framework/Versions/C/AppKit
0x00007fff25ce6000 	/System/Library/Frameworks/CoreData.framework/Versions/A/CoreData
0x00007fff2139a000 	/System/Library/Frameworks/Foundation.framework/Versions/C/Foundation
0x00007fff23bb1000 	/System/Library/PrivateFrameworks/UIFoundation.framework/Versions/A/UIFoundation
0x00007fff2fdde000 	/System/Library/PrivateFrameworks/RemoteViewServices.framework/Versions/A/RemoteViewServices
0x00007fff28bd7000 	/System/Library/PrivateFrameworks/XCTTargetBootstrap.framework/Versions/A/XCTTargetBootstrap
0x00007fff2b8b8000 	/usr/lib/libspindump.dylib
0x00007fff23e06000 	/System/Library/Frameworks/UniformTypeIdentifiers.framework/Versions/A/UniformTypeIdentifiers
0x00007fff273ad000 	/usr/lib/libapp_launch_measurement.dylib
0x00007fff273b0000 	/System/Library/PrivateFrameworks/CoreAutoLayout.framework/Versions/A/CoreAutoLayout
0x00007fff28539000 	/System/Library/Frameworks/Metal.framework/Versions/A/Metal
0x00007fff29229000 	/usr/lib/liblangid.dylib
0x00007fff28bdb000 	/System/Library/PrivateFrameworks/CoreSVG.framework/Versions/A/CoreSVG
0x00007fff24ded000 	/System/Library/PrivateFrameworks/SkyLight.framework/Versions/A/SkyLight
0x00007fff25154000 	/System/Library/Frameworks/CoreGraphics.framework/Versions/A/CoreGraphics
0x00007fff30435000 	/System/Library/Frameworks/Accelerate.framework/Versions/A/Accelerate
0x00007fff2b2f3000 	/System/Library/PrivateFrameworks/IconServices.framework/Versions/A/IconServices
0x00007fff2851e000 	/System/Library/Frameworks/IOSurface.framework/Versions/A/IOSurface
0x00007fff2666f000 	/usr/lib/libDiagnosticMessagesClient.dylib
0x00007fff28bc3000 	/System/Library/PrivateFrameworks/DFRFoundation.framework/Versions/A/DFRFoundation
0x00007fff22779000 	/usr/lib/libicucore.A.dylib
0x00007fff2cdff000 	/System/Library/Frameworks/AudioToolbox.framework/Versions/A/AudioToolbox
0x00007fff2c0a4000 	/System/Library/PrivateFrameworks/DataDetectorsCore.framework/Versions/A/DataDetectorsCore
0x00007fff288c3000 	/System/Library/Frameworks/Carbon.framework/Versions/A/Frameworks/HIToolbox.framework/Versions/A/HIToolbox
0x00007fff26e08000 	/System/Library/Frameworks/QuartzCore.framework/Versions/A/QuartzCore
0x00007fff2fe1a000 	/System/Library/Frameworks/Carbon.framework/Versions/A/Frameworks/SpeechRecognition.framework/Versions/A/SpeechRecognition
0x00007fff27115000 	/System/Library/PrivateFrameworks/CoreUI.framework/Versions/A/CoreUI
0x00007fff21d82000 	/System/Library/Frameworks/CoreAudio.framework/Versions/A/CoreAudio
0x00007fff2675a000 	/System/Library/Frameworks/DiskArbitration.framework/Versions/A/DiskArbitration
0x00007fff2bcb3000 	/System/Library/PrivateFrameworks/MultitouchSupport.framework/Versions/A/MultitouchSupport
0x00007fff2c09b000 	/System/Library/PrivateFrameworks/InternationalSupport.framework/Versions/A/InternationalSupport
0x00007fff24d61000 	/usr/lib/libenergytrace.dylib
0x00007fff22d47000 	/System/Library/Frameworks/IOKit.framework/Versions/A/IOKit
0x00007fff30167000 	/System/Library/Frameworks/CoreServices.framework/Versions/A/CoreServices
0x00007fff27343000 	/System/Library/PrivateFrameworks/PerformanceAnalysis.framework/Versions/A/PerformanceAnalysis
0x00007fff6cad0000 	/System/Library/Frameworks/OpenGL.framework/Versions/A/OpenGL
0x00007fff2c120000 	/System/Library/PrivateFrameworks/UserActivity.framework/Versions/A/UserActivity
0x00007fff2040d000 	/usr/lib/libobjc.A.dylib
0x00007fff257e8000 	/System/Library/Frameworks/ColorSync.framework/Versions/A/ColorSync
0x00007fff205ed000 	/System/Library/Frameworks/CoreFoundation.framework/Versions/A/CoreFoundation
0x00007fff28e40000 	/System/Library/Frameworks/CoreImage.framework/Versions/A/CoreImage
0x00007fff21b99000 	/System/Library/Frameworks/CoreText.framework/Versions/A/CoreText
0x00007fff28c05000 	/System/Library/Frameworks/ImageIO.framework/Versions/A/ImageIO
0x00007fff2a77e000 	/System/Library/PrivateFrameworks/SoftLinking.framework/Versions/A/SoftLinking
0x00007fff273f9000 	/usr/lib/libxml2.2.dylib
0x00007fff204d2000 	/usr/lib/libc++.1.dylib
0x00007fff2a9f0000 	/usr/lib/libcompression.dylib
0x00007fff24d62000 	/usr/lib/libMobileGestalt.dylib
0x00007fff2bfce000 	/System/Library/PrivateFrameworks/TextureIO.framework/Versions/A/TextureIO
0x00007fff2b016000 	/usr/lib/libate.dylib
0x00007fff2a772000 	/usr/lib/system/libcache.dylib
0x00007fff2a72e000 	/usr/lib/system/libcommonCrypto.dylib
0x00007fff2a758000 	/usr/lib/system/libcompiler_rt.dylib
0x00007fff2a74d000 	/usr/lib/system/libcopyfile.dylib
0x00007fff202fb000 	/usr/lib/system/libcorecrypto.dylib
0x00007fff203c8000 	/usr/lib/system/libdispatch.dylib
0x00007fff2057c000 	/usr/lib/system/libdyld.dylib
0x00007fff2a769000 	/usr/lib/system/libkeymgr.dylib
0x00007fff2dbb1000 	/usr/lib/system/liblaunch.dylib
0x00007fff2a70c000 	/usr/lib/system/libmacho.dylib
0x00007fff29f26000 	/usr/lib/system/libquarantine.dylib
0x00007fff2a766000 	/usr/lib/system/libremovefile.dylib
0x00007fff24dbe000 	/usr/lib/system/libsystem_asl.dylib
0x00007fff202ab000 	/usr/lib/system/libsystem_blocks.dylib
0x00007fff20449000 	/usr/lib/system/libsystem_c.dylib
0x00007fff2a760000 	/usr/lib/system/libsystem_collections.dylib
0x00007fff2921a000 	/usr/lib/system/libsystem_configuration.dylib
0x00007fff2850d000 	/usr/lib/system/libsystem_containermanager.dylib
0x00007fff2a4a8000 	/usr/lib/system/libsystem_coreservices.dylib
0x00007fff229db000 	/usr/lib/system/libsystem_darwin.dylib
0x00007fff2a76a000 	/usr/lib/system/libsystem_dnssd.dylib
0x00007fff20446000 	/usr/lib/system/libsystem_featureflags.dylib
0x00007fff205c1000 	/usr/lib/system/libsystem_info.dylib
0x00007fff2a6c3000 	/usr/lib/system/libsystem_m.dylib
0x00007fff2039b000 	/usr/lib/system/libsystem_malloc.dylib
0x00007fff24d52000 	/usr/lib/system/libsystem_networkextension.dylib
0x00007fff22df6000 	/usr/lib/system/libsystem_notify.dylib
0x00007fff30065000 	/usr/lib/system/libsystem_product_info_filter.dylib
0x00007fff2921e000 	/usr/lib/system/libsystem_sandbox.dylib
0x00007fff2a763000 	/usr/lib/system/libsystem_secinit.dylib
0x00007fff20541000 	/usr/lib/system/libsystem_kernel.dylib
0x00007fff205b7000 	/usr/lib/system/libsystem_platform.dylib
0x00007fff20570000 	/usr/lib/system/libsystem_pthread.dylib
0x00007fff264bd000 	/usr/lib/system/libsystem_symptoms.dylib
0x00007fff202e3000 	/usr/lib/system/libsystem_trace.dylib
0x00007fff2a73a000 	/usr/lib/system/libunwind.dylib
0x00007fff202ad000 	/usr/lib/system/libxpc.dylib
0x00007fff20528000 	/usr/lib/libc++abi.dylib
0x00007fff2a745000 	/usr/lib/liboah.dylib
0x00007fff2adfb000 	/usr/lib/liblzma.5.dylib
0x00007fff210ae000 	/System/Library/Frameworks/SystemConfiguration.framework/Versions/A/SystemConfiguration
0x00007fff2a77a000 	/usr/lib/libfakelink.dylib
0x00007fff248b4000 	/System/Library/Frameworks/CFNetwork.framework/Versions/A/CFNetwork
0x00007fff2a8ba000 	/usr/lib/libarchive.2.dylib
0x00007fff2112c000 	/usr/lib/libCRFSuite.dylib
0x00007fff29f4d000 	/usr/lib/libbsm.0.dylib
0x00007fff24270000 	/usr/lib/libnetwork.dylib
0x00007fff2a77f000 	/usr/lib/libpcap.A.dylib
0x00007fff264b6000 	/usr/lib/libdns_services.dylib
0x00007fff2ae14000 	/usr/lib/libcoretls_cfhelpers.dylib
0x00007fff2a9be000 	/usr/lib/libapple_nghttp2.dylib
0x00007fff2a712000 	/usr/lib/system/libkxld.dylib
0x00007fff2611c000 	/usr/lib/libsqlite3.dylib
0x00007fff2a48a000 	/System/Library/PrivateFrameworks/AppleFSCompression.framework/Versions/A/AppleFSCompression
0x00007fff29f35000 	/usr/lib/libcoretls.dylib
0x00007fff2a9eb000 	/usr/lib/libpam.2.dylib
0x00007fff2af11000 	/usr/lib/libxar.1.dylib
0x00007fff29225000 	/System/Library/PrivateFrameworks/AppleSystemInfo.framework/Versions/A/AppleSystemInfo
0x00007fff29b78000 	/System/Library/PrivateFrameworks/IOMobileFramebuffer.framework/Versions/A/IOMobileFramebuffer
0x00007fff2a49a000 	/usr/lib/libbz2.1.0.dylib
0x00007fff2a7b7000 	/usr/lib/libiconv.2.dylib
0x00007fff2a70b000 	/usr/lib/libcharset.1.dylib
0x00007fff2737f000 	/System/Library/Frameworks/CoreServices.framework/Versions/A/Frameworks/FSEvents.framework/Versions/A/FSEvents
0x00007fff229e5000 	/System/Library/Frameworks/CoreServices.framework/Versions/A/Frameworks/CarbonCore.framework/Versions/A/CarbonCore
0x00007fff266bf000 	/System/Library/Frameworks/CoreServices.framework/Versions/A/Frameworks/Metadata.framework/Versions/A/Metadata
0x00007fff2a4ad000 	/System/Library/Frameworks/CoreServices.framework/Versions/A/Frameworks/OSServices.framework/Versions/A/OSServices
0x00007fff2a92c000 	/System/Library/Frameworks/CoreServices.framework/Versions/A/Frameworks/SearchKit.framework/Versions/A/SearchKit
0x00007fff26440000 	/System/Library/Frameworks/CoreServices.framework/Versions/A/Frameworks/AE.framework/Versions/A/AE
0x00007fff20a89000 	/System/Library/Frameworks/CoreServices.framework/Versions/A/Frameworks/LaunchServices.framework/Versions/A/LaunchServices
0x00007fff2adac000 	/System/Library/Frameworks/CoreServices.framework/Versions/A/Frameworks/DictionaryServices.framework/Versions/A/DictionaryServices
0x00007fff27388000 	/System/Library/Frameworks/CoreServices.framework/Versions/A/Frameworks/SharedFileList.framework/Versions/A/SharedFileList
0x00007fff29f29000 	/usr/lib/libCheckFix.dylib
0x00007fff24dd5000 	/System/Library/PrivateFrameworks/TCC.framework/Versions/A/TCC
0x00007fff2922b000 	/System/Library/PrivateFrameworks/CoreNLP.framework/Versions/A/CoreNLP
0x00007fff26672000 	/System/Library/PrivateFrameworks/MetadataUtilities.framework/Versions/A/MetadataUtilities
0x00007fff21162000 	/usr/lib/libmecabra.dylib
0x00007fff2a23c000 	/System/Library/Frameworks/MLCompute.framework/Versions/A/MLCompute
0x00007fff29f5e000 	/usr/lib/libmecab.dylib
0x00007fff29fa8000 	/usr/lib/libgermantok.dylib
0x00007fff2a994000 	/usr/lib/libThaiTokenizer.dylib
0x00007fff2af4c000 	/usr/lib/libChineseTokenizer.dylib
0x00007fff2a9e9000 	/System/Library/Frameworks/MetalPerformanceShaders.framework/Versions/A/MetalPerformanceShaders
0x00007fff26761000 	/System/Library/Frameworks/Accelerate.framework/Versions/A/Frameworks/vImage.framework/Versions/A/vImage
0x00007fff30140000 	/System/Library/Frameworks/Accelerate.framework/Versions/A/Frameworks/vecLib.framework/Versions/A/vecLib
0x00007fff2af57000 	/System/Library/Frameworks/Accelerate.framework/Versions/A/Frameworks/vecLib.framework/Versions/A/libvMisc.dylib
0x00007fff29991000 	/System/Library/Frameworks/Accelerate.framework/Versions/A/Frameworks/vecLib.framework/Versions/A/libvDSP.dylib
0x00007fff20d8d000 	/System/Library/Frameworks/Accelerate.framework/Versions/A/Frameworks/vecLib.framework/Versions/A/libBLAS.dylib
0x00007fff2aa0f000 	/System/Library/Frameworks/Accelerate.framework/Versions/A/Frameworks/vecLib.framework/Versions/A/libLAPACK.dylib
0x00007fff29fae000 	/System/Library/Frameworks/Accelerate.framework/Versions/A/Frameworks/vecLib.framework/Versions/A/libLinearAlgebra.dylib
0x00007fff2a9d6000 	/System/Library/Frameworks/Accelerate.framework/Versions/A/Frameworks/vecLib.framework/Versions/A/libSparseBLAS.dylib
0x00007fff2aa09000 	/System/Library/Frameworks/Accelerate.framework/Versions/A/Frameworks/vecLib.framework/Versions/A/libQuadrature.dylib
0x00007fff292d3000 	/System/Library/Frameworks/Accelerate.framework/Versions/A/Frameworks/vecLib.framework/Versions/A/libBNNS.dylib
0x00007fff2103f000 	/System/Library/Frameworks/Accelerate.framework/Versions/A/Frameworks/vecLib.framework/Versions/A/libSparse.dylib
0x00007fff291be000 	/System/Library/Frameworks/MetalPerformanceShaders.framework/Versions/A/Frameworks/MPSCore.framework/Versions/A/MPSCore
0x00007fff2a3f9000 	/System/Library/Frameworks/MetalPerformanceShaders.framework/Versions/A/Frameworks/MPSImage.framework/Versions/A/MPSImage
0x00007fff29fc4000 	/System/Library/Frameworks/MetalPerformanceShaders.framework/Versions/A/Frameworks/MPSNeuralNetwork.framework/Versions/A/MPSNeuralNetwork
0x00007fff2a384000 	/System/Library/Frameworks/MetalPerformanceShaders.framework/Versions/A/Frameworks/MPSMatrix.framework/Versions/A/MPSMatrix
0x00007fff2a1ec000 	/System/Library/Frameworks/MetalPerformanceShaders.framework/Versions/A/Frameworks/MPSRayIntersector.framework/Versions/A/MPSRayIntersector
0x00007fff2a3bb000 	/System/Library/Frameworks/MetalPerformanceShaders.framework/Versions/A/Frameworks/MPSNDArray.framework/Versions/A/MPSNDArray
0x00007fff20cb9000 	/System/Library/PrivateFrameworks/MetalTools.framework/Versions/A/MetalTools
0x00007fff29223000 	/System/Library/PrivateFrameworks/AggregateDictionary.framework/Versions/A/AggregateDictionary
0x00007fff2664a000 	/System/Library/PrivateFrameworks/CoreAnalytics.framework/Versions/A/CoreAnalytics
0x00007fff2a996000 	/System/Library/PrivateFrameworks/AppleSauce.framework/Versions/A/AppleSauce
0x00007fff28530000 	/System/Library/PrivateFrameworks/IOAccelerator.framework/Versions/A/IOAccelerator
0x00007fff6cac4000 	/System/Library/Frameworks/OpenGL.framework/Versions/A/Libraries/libCoreFSCache.dylib
0x00007fff216fe000 	/System/Library/PrivateFrameworks/LanguageModeling.framework/Versions/A/LanguageModeling
0x00007fff29b65000 	/System/Library/PrivateFrameworks/CoreEmoji.framework/Versions/A/CoreEmoji
0x00007fff292cc000 	/System/Library/PrivateFrameworks/LinguisticData.framework/Versions/A/LinguisticData
0x00007fff20ff1000 	/System/Library/PrivateFrameworks/Lexicon.framework/Versions/A/Lexicon
0x00007fff2a8a8000 	/usr/lib/libcmph.dylib
0x00007fff2735f000 	/System/Library/Frameworks/OpenDirectory.framework/Versions/A/Frameworks/CFOpenDirectory.framework/Versions/A/CFOpenDirectory
0x00007fff2734f000 	/System/Library/Frameworks/OpenDirectory.framework/Versions/A/OpenDirectory
0x00007fff2ae16000 	/System/Library/PrivateFrameworks/APFS.framework/Versions/A/APFS
0x00007fff29e8a000 	/System/Library/Frameworks/SecurityFoundation.framework/Versions/A/SecurityFoundation
0x00007fff2af1f000 	/usr/lib/libutil.dylib
0x00007fff22d0c000 	/System/Library/PrivateFrameworks/CoreServicesStore.framework/Versions/A/CoreServicesStore
0x00007fff29f21000 	/System/Library/Frameworks/ServiceManagement.framework/Versions/A/ServiceManagement
0x00007fff2af23000 	/usr/lib/libxslt.1.dylib
0x00007fff29f17000 	/System/Library/PrivateFrameworks/BackgroundTaskManagement.framework/Versions/A/BackgroundTaskManagement
0x00007fff2bf18000 	/System/Library/Frameworks/ImageIO.framework/Versions/A/Resources/libRadiance.dylib
0x00007fff2bf22000 	/System/Library/Frameworks/ImageIO.framework/Versions/A/Resources/libJPEG.dylib
0x00007fff2be6d000 	/System/Library/Frameworks/ImageIO.framework/Versions/A/Resources/libPng.dylib
0x00007fff2be94000 	/System/Library/Frameworks/ImageIO.framework/Versions/A/Resources/libTIFF.dylib
0x00007fff2bf77000 	/System/Library/Frameworks/ImageIO.framework/Versions/A/Resources/libGIF.dylib
0x00007fff2bbd0000 	/System/Library/Frameworks/ImageIO.framework/Versions/A/Resources/libJP2.dylib
0x00007fff2b2ba000 	/usr/lib/libexpat.1.dylib
0x00007fff2bb85000 	/System/Library/PrivateFrameworks/AppleJPEG.framework/Versions/A/AppleJPEG
0x00007fff28766000 	/System/Library/PrivateFrameworks/FontServices.framework/libFontParser.dylib
0x00007fff263f4000 	/System/Library/PrivateFrameworks/RunningBoardServices.framework/Versions/A/RunningBoardServices
0x00007fff2bcaf000 	/System/Library/PrivateFrameworks/WatchdogClient.framework/Versions/A/WatchdogClient
0x00007fff217eb000 	/System/Library/Frameworks/CoreDisplay.framework/Versions/A/CoreDisplay
0x00007fff2867c000 	/System/Library/Frameworks/CoreMedia.framework/Versions/A/CoreMedia
0x00007fff274dc000 	/System/Library/Frameworks/CoreVideo.framework/Versions/A/CoreVideo
0x00007fff2bce7000 	/System/Library/Frameworks/VideoToolbox.framework/Versions/A/VideoToolbox
0x00007fff26372000 	/System/Library/PrivateFrameworks/BaseBoard.framework/Versions/A/BaseBoard
0x00007fff2b3ff000 	/System/Library/PrivateFrameworks/PersistentConnection.framework/Versions/A/PersistentConnection
0x00007fff26105000 	/System/Library/PrivateFrameworks/ProtocolBuffer.framework/Versions/A/ProtocolBuffer
0x00007fff26359000 	/System/Library/PrivateFrameworks/CommonUtilities.framework/Versions/A/CommonUtilities
0x00007fff2bb1a000 	/System/Library/PrivateFrameworks/Bom.framework/Versions/A/Bom
0x00007fff2bf11000 	/System/Library/PrivateFrameworks/GPUWrangler.framework/Versions/A/GPUWrangler
0x00007fff2bef4000 	/System/Library/PrivateFrameworks/IOPresentment.framework/Versions/A/IOPresentment
0x00007fff2bf1c000 	/System/Library/PrivateFrameworks/DSExternalDisplay.framework/Versions/A/DSExternalDisplay
0x00007fff2bf7c000 	/System/Library/PrivateFrameworks/CMCaptureCore.framework/Versions/A/CMCaptureCore
0x00007fff2b89f000 	/System/Library/PrivateFrameworks/AppServerSupport.framework/Versions/A/AppServerSupport
0x00007fff2d950000 	/System/Library/PrivateFrameworks/perfdata.framework/Versions/A/perfdata
0x00007fff29e79000 	/System/Library/PrivateFrameworks/AssertionServices.framework/Versions/A/AssertionServices
0x00007fff21922000 	/System/Library/PrivateFrameworks/AudioToolboxCore.framework/Versions/A/AudioToolboxCore
0x00007fff2865f000 	/System/Library/PrivateFrameworks/caulk.framework/Versions/A/caulk
0x00007fff3d5fb000 	/System/Library/PrivateFrameworks/SystemPolicy.framework/Versions/A/SystemPolicy
0x00007fff2b0af000 	/usr/lib/libIOReport.dylib
0x00007fff2d172000 	/usr/lib/libSMC.dylib
0x00007fff2be3a000 	/usr/lib/libAudioToolboxUtility.dylib
0x00007fff3df65000 	/usr/lib/libmis.dylib
0x00007fff6cb20000 	/System/Library/Frameworks/OpenGL.framework/Versions/A/Libraries/libGLU.dylib
0x00007fff6cae3000 	/System/Library/Frameworks/OpenGL.framework/Versions/A/Libraries/libGFXShared.dylib
0x00007fff6ccf2000 	/System/Library/Frameworks/OpenGL.framework/Versions/A/Libraries/libGL.dylib
0x00007fff6caec000 	/System/Library/Frameworks/OpenGL.framework/Versions/A/Libraries/libGLImage.dylib
0x00007fff6cae0000 	/System/Library/Frameworks/OpenGL.framework/Versions/A/Libraries/libCVMSPluginSupport.dylib
0x00007fff6cacb000 	/System/Library/Frameworks/OpenGL.framework/Versions/A/Libraries/libCoreVMClient.dylib
0x00007fff6e133000 	/System/Library/Frameworks/OpenCL.framework/Versions/A/OpenCL
0x00007fff2b429000 	/System/Library/PrivateFrameworks/GraphVisualizer.framework/Versions/A/GraphVisualizer
0x00007fff2b438000 	/System/Library/PrivateFrameworks/FaceCore.framework/Versions/A/FaceCore
0x00007fff2b854000 	/System/Library/PrivateFrameworks/OTSVG.framework/Versions/A/OTSVG
0x00007fff270d3000 	/System/Library/Frameworks/ApplicationServices.framework/Versions/A/Frameworks/ATS.framework/Versions/A/Resources/libFontRegistry.dylib
0x00007fff2b8a6000 	/System/Library/PrivateFrameworks/FontServices.framework/libhvf.dylib
0x00007fff2b266000 	/System/Library/PrivateFrameworks/AppleVA.framework/Versions/A/AppleVA
0x00007fff2cfbb000 	/System/Library/Frameworks/ApplicationServices.framework/Versions/A/Frameworks/ATS.framework/Versions/A/ATS
0x00007fff2d2cd000 	/System/Library/Frameworks/ApplicationServices.framework/Versions/A/Frameworks/ColorSyncLegacy.framework/Versions/A/ColorSyncLegacy
0x00007fff258df000 	/System/Library/Frameworks/ApplicationServices.framework/Versions/A/Frameworks/HIServices.framework/Versions/A/HIServices
0x00007fff2d2b2000 	/System/Library/Frameworks/ApplicationServices.framework/Versions/A/Frameworks/LangAnalysis.framework/Versions/A/LangAnalysis
0x00007fff2bf86000 	/System/Library/Frameworks/ApplicationServices.framework/Versions/A/Frameworks/PrintCore.framework/Versions/A/PrintCore
0x00007fff2d2d5000 	/System/Library/Frameworks/ApplicationServices.framework/Versions/A/Frameworks/QD.framework/Versions/A/QD
0x00007fff2cfab000 	/System/Library/Frameworks/ApplicationServices.framework/Versions/A/Frameworks/SpeechSynthesis.framework/Versions/A/SpeechSynthesis
0x00007fff2bf47000 	/System/Library/Frameworks/ApplicationServices.framework/Versions/A/Frameworks/ATSUI.framework/Versions/A/ATSUI
0x00007fff2d252000 	/usr/lib/libcups.2.dylib
0x00007fff2d2c2000 	/System/Library/PrivateFrameworks/NetAuth.framework/Versions/A/NetAuth
0x00007fff2d96c000 	/System/Library/Frameworks/Kerberos.framework/Versions/A/Kerberos
0x00007fff2d97c000 	/System/Library/Frameworks/GSS.framework/Versions/A/GSS
0x00007fff2d027000 	/usr/lib/libresolv.9.dylib
0x00007fff2b8bb000 	/System/Library/PrivateFrameworks/Heimdal.framework/Versions/A/Heimdal
0x00007fff33700000 	/System/Library/Frameworks/Kerberos.framework/Versions/A/Libraries/libHeimdalProxy.dylib
0x00007fff264c5000 	/System/Library/Frameworks/Network.framework/Versions/A/Network
0x00007fff2b2d4000 	/usr/lib/libheimdal-asn1.dylib
0x00007fff2d9cc000 	/System/Library/PrivateFrameworks/CommonAuth.framework/Versions/A/CommonAuth
0x00007fff27529000 	/System/Library/PrivateFrameworks/login.framework/Versions/A/Frameworks/loginsupport.framework/Versions/A/loginsupport
0x00007fff2cf30000 	/System/Library/PrivateFrameworks/AudioSession.framework/Versions/A/AudioSession
0x00007fff2cf98000 	/usr/lib/libAudioStatistics.dylib
0x00007fff2b361000 	/System/Library/PrivateFrameworks/MediaExperience.framework/Versions/A/MediaExperience
0x00007fff2cdcd000 	/System/Library/PrivateFrameworks/AudioSession.framework/libSessionUtility.dylib
0x00007fff2d95d000 	/usr/lib/libperfcheck.dylib
0x00007fff2d2e1000 	/System/Library/PrivateFrameworks/AudioResourceArbitration.framework/Versions/A/AudioResourceArbitration
0x00007fff2b2de000 	/System/Library/PrivateFrameworks/IconFoundation.framework/Versions/A/IconFoundation
0x00007fff2fe0a000 	/System/Library/PrivateFrameworks/SpeechRecognitionCore.framework/Versions/A/SpeechRecognitionCore
0x000000010c000000 	/Library/Java/JavaVirtualMachines/jdk-11.0.10.jdk/Contents/Home/lib/server/libjvm.dylib
0x0000000107c24000 	/Library/Java/JavaVirtualMachines/jdk-11.0.10.jdk/Contents/Home/lib/libverify.dylib
0x0000000107c34000 	/Library/Java/JavaVirtualMachines/jdk-11.0.10.jdk/Contents/Home/lib/libjava.dylib
0x0000000107c61000 	/Library/Java/JavaVirtualMachines/jdk-11.0.10.jdk/Contents/Home/lib/libjimage.dylib
0x0000000107cb7000 	/Library/Java/JavaVirtualMachines/jdk-11.0.10.jdk/Contents/Home/lib/libzip.dylib
0x0000000107f4b000 	/Library/Java/JavaVirtualMachines/jdk-11.0.10.jdk/Contents/Home/lib/libnio.dylib
0x0000000107f5d000 	/Library/Java/JavaVirtualMachines/jdk-11.0.10.jdk/Contents/Home/lib/libnet.dylib
0x0000000107f77000 	/usr/local/Cellar/maven/3.6.3_1/libexec/lib/jansi-native/osx/libjansi.jnilib


VM Arguments:
jvm_args: -Dclassworlds.conf=/usr/local/Cellar/maven/3.6.3_1/libexec/bin/m2.conf -Dmaven.home=/usr/local/Cellar/maven/3.6.3_1/libexec -Dlibrary.jansi.path=/usr/local/Cellar/maven/3.6.3_1/libexec/lib/jansi-native -Dmaven.multiModuleProjectDirectory=/Users/andresbeckruiz/Desktop/cs0320/maps-3-4-abeckrui-bgriswol 
java_command: org.codehaus.plexus.classworlds.launcher.Launcher package
java_class_path (initial): /usr/local/Cellar/maven/3.6.3_1/libexec/boot/plexus-classworlds-2.6.0.jar
Launcher Type: SUN_STANDARD

[Global flags]
     intx CICompilerCount                          = 4                                         {product} {ergonomic}
     uint ConcGCThreads                            = 2                                         {product} {ergonomic}
     uint G1ConcRefinementThreads                  = 8                                         {product} {ergonomic}
   size_t G1HeapRegionSize                         = 1048576                                   {product} {ergonomic}
    uintx GCDrainStackTargetSize                   = 64                                        {product} {ergonomic}
   size_t InitialHeapSize                          = 134217728                                 {product} {ergonomic}
   size_t MarkStackSize                            = 4194304                                   {product} {ergonomic}
   size_t MaxHeapSize                              = 2147483648                                {product} {ergonomic}
   size_t MaxNewSize                               = 1287651328                                {product} {ergonomic}
   size_t MinHeapDeltaBytes                        = 1048576                                   {product} {ergonomic}
    uintx NonNMethodCodeHeapSize                   = 5836300                                {pd product} {ergonomic}
    uintx NonProfiledCodeHeapSize                  = 122910970                              {pd product} {ergonomic}
    uintx ProfiledCodeHeapSize                     = 122910970                              {pd product} {ergonomic}
    uintx ReservedCodeCacheSize                    = 251658240                              {pd product} {ergonomic}
     bool SegmentedCodeCache                       = true                                      {product} {ergonomic}
     bool UseCompressedClassPointers               = true                                 {lp64_product} {ergonomic}
     bool UseCompressedOops                        = true                                 {lp64_product} {ergonomic}
     bool UseG1GC                                  = true                                      {product} {ergonomic}

Logging:
Log output configuration:
 #0: stdout all=warning uptime,level,tags
 #1: stderr all=off uptime,level,tags

Environment Variables:
JAVA_HOME=/Library/Java/JavaVirtualMachines/jdk-11.0.10.jdk/Contents/Home
CLASSPATH=:/Users/andresbeckruiz/Desktop/cs15_TA/*:.
PATH=/Library/Frameworks/Python.framework/Versions/3.8/bin:/usr/local/bin:/usr/bin:/bin:/usr/sbin:/sbin:/opt/X11/bin:/Library/Apple/usr/bin:/Users/andresbeckruiz/Desktop/cs0320/maps-3-4-abeckrui-bgriswol/node_modules/.bin:/Users/andresbeckruiz/Library/Android/sdk/emulator:/Users/andresbeckruiz/Library/Android/sdk/tools:/Users/andresbeckruiz/Library/Android/sdk/tools/bin:/Users/andresbeckruiz/Library/Android/sdk/platform-tools
SHELL=/bin/bash
DISPLAY=/private/tmp/com.apple.launchd.LrPEaB8CUQ/org.macosforge.xquartz:0

Signal Handlers:
SIGSEGV: [libjvm.dylib+0x7976a8], sa_mask[0]=11111111011111110111111111111111, sa_flags=SA_ONSTACK|SA_RESTART|SA_SIGINFO
SIGBUS: [libjvm.dylib+0x7976a8], sa_mask[0]=11111111011111110111111111111111, sa_flags=SA_RESTART|SA_SIGINFO
SIGFPE: [libjvm.dylib+0x7976a8], sa_mask[0]=11111111011111110111111111111111, sa_flags=SA_RESTART|SA_SIGINFO
SIGPIPE: [libjvm.dylib+0x647bd7], sa_mask[0]=11111111011111110111111111111111, sa_flags=SA_RESTART|SA_SIGINFO
SIGXFSZ: [libjvm.dylib+0x647bd7], sa_mask[0]=11111111011111110111111111111111, sa_flags=SA_RESTART|SA_SIGINFO
SIGILL: [libjvm.dylib+0x7976a8], sa_mask[0]=11111111011111110111111111111111, sa_flags=SA_RESTART|SA_SIGINFO
SIGUSR2: [libjvm.dylib+0x6481c1], sa_mask[0]=00100000000000000000000000000000, sa_flags=SA_RESTART|SA_SIGINFO
SIGHUP: [libjvm.dylib+0x646c1f], sa_mask[0]=11111111011111110111111111111111, sa_flags=SA_RESTART|SA_SIGINFO
SIGINT: [libjvm.dylib+0x646c1f], sa_mask[0]=11111111011111110111111111111111, sa_flags=SA_RESTART|SA_SIGINFO
SIGTERM: [libjvm.dylib+0x646c1f], sa_mask[0]=11111111011111110111111111111111, sa_flags=SA_RESTART|SA_SIGINFO
SIGQUIT: [libjvm.dylib+0x646c1f], sa_mask[0]=11111111011111110111111111111111, sa_flags=SA_RESTART|SA_SIGINFO


---------------  S Y S T E M  ---------------

OS:uname:Darwin 20.3.0 Darwin Kernel Version 20.3.0: Thu Jan 21 00:07:06 PST 2021; root:xnu-7195.81.3~1/RELEASE_X86_64 x86_64
rlimit: STACK 8192k, CORE 0k, NPROC 1392, NOFILE 10240, AS infinity, DATA infinity, FSIZE infinity
load average:4.05 3.68 3.25

CPU:total 8 (initial active 8) (4 cores per cpu, 2 threads per core) family 6 model 142 stepping 10 microcode 0xe0, cmov, cx8, fxsr, mmx, sse, sse2, sse3, ssse3, sse4.1, sse4.2, popcnt, avx, avx2, aes, clmul, erms, 3dnowpref, lzcnt, ht, tsc, tscinvbit, bmi1, bmi2, adx, fma

Memory: 4k page, physical 8388608k(118840k free)

vm_info: Java HotSpot(TM) 64-Bit Server VM (11.0.10+8-LTS-162) for bsd-amd64 JRE (11.0.10+8-LTS-162), built on Dec  8 2020 16:31:04 by "mach5one" with gcc 4.2.1 Compatible Apple LLVM 10.0.0 (clang-1000.11.45.5)

END.
